laptop-rhul
aws-london
UPLOAD
500MB
aes128-ctr+hmac-md5
Bytes raw sent: 500196265
Bytes encrypted sent: 684932324
Bytes per second sent: 8418726.2
aes128-ctr+hmac-md5-etm@openssh.com
Bytes raw sent: 500191281
Bytes encrypted sent: 685590864
Bytes per second sent: 8473600.7
aes128-ctr+umac-64-etm@openssh.com
Bytes raw sent: 500193929
Bytes encrypted sent: 684094684
Bytes per second sent: 8376435.8
aes128-ctr+hmac-sha1
Bytes raw sent: 500192545
Bytes encrypted sent: 679149268
Bytes per second sent: 8391626.4
3des-cbc+hmac-md5
Bytes raw sent: 500197673
Bytes encrypted sent: 672133860
Bytes per second sent: 8399275.8
aes256-ctr+hmac-sha2-512
Bytes raw sent: 500191377
Bytes encrypted sent: 689580136
Bytes per second sent: 8418827.7
aes128-cbc+hmac-sha1
Bytes raw sent: 500192665
Bytes encrypted sent: 680400912
Bytes per second sent: 8438726.1
aes128-ctr+hmac-ripemd160
Bytes raw sent: 500189665
Bytes encrypted sent: 690648748
Bytes per second sent: 8114312.6
chacha20-poly1305@openssh.com
Bytes raw sent: 500188457
Bytes encrypted sent: 682888272
Bytes per second sent: 8441338.1
aes128-gcm@openssh.com
Bytes raw sent: 500193753
Bytes encrypted sent: 692523396
Bytes per second sent: 8299583.9
im-aes128-gcm-128
Bytes raw sent: 500184009
Bytes encrypted sent: 773743400
Bytes per second sent: 8749774.5
im-chacha-poly-128
Bytes raw sent: 500183945
Bytes encrypted sent: 774099882
Bytes per second sent: 8079590.7
im-aes128-gcm-256
Bytes raw sent: 500182609
Bytes encrypted sent: 780818248
Bytes per second sent: 7580174.2
im-chacha-poly-256
Bytes raw sent: 500160041
Bytes encrypted sent: 926178720
Bytes per second sent: 7419560.1
im-aes128-gcm-512
Bytes raw sent: 500210665
Bytes encrypted sent: 698297792
Bytes per second sent: 7805332.4
im-chacha-poly-512
Bytes raw sent: 500212337
Bytes encrypted sent: 688361224
Bytes per second sent: 7456968.7
im-aes128-gcm-1024
Bytes raw sent: 500232561
Bytes encrypted sent: 625556328
Bytes per second sent: 8239624.9
im-chacha-poly-1024
Bytes raw sent: 500233097
Bytes encrypted sent: 621599112
Bytes per second sent: 8268692.3
im-aes128-gcm-2048
Bytes raw sent: 500241953
Bytes encrypted sent: 593317048
Bytes per second sent: 8298035.9
im-chacha-poly-2048
Bytes raw sent: 500242873
Bytes encrypted sent: 579889280
Bytes per second sent: 8286921.1
im-aes128-gcm-4096
Bytes raw sent: 500243505
Bytes encrypted sent: 634023876
Bytes per second sent: 8204008.5
im-chacha-poly-4096
Bytes raw sent: 500243209
Bytes encrypted sent: 631957096
Bytes per second sent: 8013458.6
