laptop-rhul
aws-london
UPLOAD
500MB
aes128-ctr+hmac-md5
Bytes raw sent: 500191153
Bytes encrypted sent: 695687696
Bytes per second sent: 9576927.5
aes128-ctr+hmac-md5-etm@openssh.com
Bytes raw sent: 500188593
Bytes encrypted sent: 692897672
Bytes per second sent: 8527350.2
aes128-ctr+umac-64-etm@openssh.com
Bytes raw sent: 500193545
Bytes encrypted sent: 686413732
Bytes per second sent: 8854223.4
aes128-ctr+hmac-sha1
Bytes raw sent: 500188825
Bytes encrypted sent: 694798700
Bytes per second sent: 8866074.3
3des-cbc+hmac-md5
Bytes raw sent: 500200185
Bytes encrypted sent: 686153496
Bytes per second sent: 9357030.8
aes256-ctr+hmac-sha2-512
Bytes raw sent: 500173873
Bytes encrypted sent: 796080312
Bytes per second sent: 8291051.2
aes128-cbc+hmac-sha1
Bytes raw sent: 500168929
Bytes encrypted sent: 823995280
Bytes per second sent: 9615692.1
aes128-ctr+hmac-ripemd160
Bytes raw sent: 500182825
Bytes encrypted sent: 721553188
Bytes per second sent: 9606275.3
chacha20-poly1305@openssh.com
Bytes raw sent: 500160913
Bytes encrypted sent: 908190804
Bytes per second sent: 8474028.8
aes128-gcm@openssh.com
Bytes raw sent: 500177297
Bytes encrypted sent: 756852784
Bytes per second sent: 9236012.2
im-aes128-gcm-128
Bytes raw sent: 500170249
Bytes encrypted sent: 873806285
Bytes per second sent: 9226240.4
im-chacha-poly-128
Bytes raw sent: 500162217
Bytes encrypted sent: 936008504
Bytes per second sent: 9547288.3
im-aes128-gcm-256
Bytes raw sent: 500175913
Bytes encrypted sent: 813085128
Bytes per second sent: 9234591.1
im-chacha-poly-256
Bytes raw sent: 500182353
Bytes encrypted sent: 793010536
Bytes per second sent: 9394596.2
im-aes128-gcm-512
Bytes raw sent: 500169265
Bytes encrypted sent: 937367596
Bytes per second sent: 7275386.7
im-chacha-poly-512
Bytes raw sent: 500184705
Bytes encrypted sent: 811138932
Bytes per second sent: 9574389.1
im-aes128-gcm-1024
Bytes raw sent: 500218121
Bytes encrypted sent: 690101176
Bytes per second sent: 8911789.1
im-chacha-poly-1024
Bytes raw sent: 500185377
Bytes encrypted sent: 797627320
Bytes per second sent: 8851049.6
im-aes128-gcm-2048
Bytes raw sent: 500198153
Bytes encrypted sent: 818408890
Bytes per second sent: 8837088.3
im-chacha-poly-2048
Bytes raw sent: 500239129
Bytes encrypted sent: 602693136
Bytes per second sent: 8602754.3
im-aes128-gcm-4096
Bytes raw sent: 500200305
Bytes encrypted sent: 887844472
Bytes per second sent: 8418467.6
im-chacha-poly-4096
Bytes raw sent: 500230233
Bytes encrypted sent: 704414384
Bytes per second sent: 8557466.3
