laptop-rhul
aws-london
UPLOAD
500MB
aes128-ctr+hmac-md5
Bytes raw sent: 500166913
Bytes encrypted sent: 830437328
Bytes per second sent: 9884483.5
aes128-ctr+hmac-md5-etm@openssh.com
Bytes raw sent: 500124201
Bytes encrypted sent: 1170556768
Bytes per second sent: 9579186.3
aes128-ctr+umac-64-etm@openssh.com
Bytes raw sent: 500175737
Bytes encrypted sent: 758191896
Bytes per second sent: 9874245.5
aes128-ctr+hmac-sha1
Bytes raw sent: 500148473
Bytes encrypted sent: 945995360
Bytes per second sent: 10275028.3
3des-cbc+hmac-md5
Bytes raw sent: 500192857
Bytes encrypted sent: 704460576
Bytes per second sent: 9679207.0
aes256-ctr+hmac-sha2-512
Bytes raw sent: 500144161
Bytes encrypted sent: 977017516
Bytes per second sent: 10145085.6
aes128-cbc+hmac-sha1
Bytes raw sent: 500177857
Bytes encrypted sent: 788256700
Bytes per second sent: 9828253.3
aes128-ctr+hmac-ripemd160
Bytes raw sent: 500165633
Bytes encrypted sent: 824046912
Bytes per second sent: 10117060.9
chacha20-poly1305@openssh.com
Bytes raw sent: 500179577
Bytes encrypted sent: 738611148
Bytes per second sent: 9827357.9
aes128-gcm@openssh.com
Bytes raw sent: 500184817
Bytes encrypted sent: 718338316
Bytes per second sent: 8731038.2
im-aes128-gcm-128
Bytes raw sent: 500157801
Bytes encrypted sent: 989114052
Bytes per second sent: 7569191.8
im-chacha-poly-128
Bytes raw sent: 500157249
Bytes encrypted sent: 984552392
Bytes per second sent: 9015454.6
im-aes128-gcm-256
Bytes raw sent: 500164097
Bytes encrypted sent: 901476600
Bytes per second sent: 8503404.9
im-chacha-poly-256
Bytes raw sent: 500167193
Bytes encrypted sent: 921318188
Bytes per second sent: 7827684.6
im-aes128-gcm-512
Bytes raw sent: 500150001
Bytes encrypted sent: 980214372
Bytes per second sent: 9659570.0
im-chacha-poly-512
Bytes raw sent: 500181361
Bytes encrypted sent: 810547584
Bytes per second sent: 8995593.6
im-aes128-gcm-1024
Bytes raw sent: 500179777
Bytes encrypted sent: 887385680
Bytes per second sent: 9666041.8
im-chacha-poly-1024
Bytes raw sent: 500210921
Bytes encrypted sent: 719819428
Bytes per second sent: 9221115.4
im-aes128-gcm-2048
Bytes raw sent: 500218385
Bytes encrypted sent: 738419548
Bytes per second sent: 9553979.8
im-chacha-poly-2048
Bytes raw sent: 500194233
Bytes encrypted sent: 814868048
Bytes per second sent: 9589941.9
im-aes128-gcm-4096
Bytes raw sent: 500161873
Bytes encrypted sent: 1053214784
Bytes per second sent: 9507652.8
im-chacha-poly-4096
Bytes raw sent: 500215953
Bytes encrypted sent: 769184830
Bytes per second sent: 9094133.2
