laptop-rhul
aws-london
UPLOAD
500MB
aes128-ctr+hmac-md5
Bytes raw sent: 500151393
Bytes encrypted sent: 920461624
Bytes per second sent: 9928166.2
aes128-ctr+hmac-md5-etm@openssh.com
Bytes raw sent: 500174305
Bytes encrypted sent: 780557184
Bytes per second sent: 9597216.9
aes128-ctr+umac-64-etm@openssh.com
Bytes raw sent: 500170529
Bytes encrypted sent: 792652804
Bytes per second sent: 9984218.6
aes128-ctr+hmac-sha1
Bytes raw sent: 500177905
Bytes encrypted sent: 760630388
Bytes per second sent: 9991629.4
3des-cbc+hmac-md5
Bytes raw sent: 500196553
Bytes encrypted sent: 696149064
Bytes per second sent: 10082034.8
aes256-ctr+hmac-sha2-512
Bytes raw sent: 500158201
Bytes encrypted sent: 886603976
Bytes per second sent: 9807427.8
aes128-cbc+hmac-sha1
Bytes raw sent: 500148441
Bytes encrypted sent: 921993776
Bytes per second sent: 10274307.6
aes128-ctr+hmac-ripemd160
Bytes raw sent: 500151313
Bytes encrypted sent: 928177908
Bytes per second sent: 10451448.2
chacha20-poly1305@openssh.com
Bytes raw sent: 500168529
Bytes encrypted sent: 818717964
Bytes per second sent: 9734193.4
aes128-gcm@openssh.com
Bytes raw sent: 500178553
Bytes encrypted sent: 757674396
Bytes per second sent: 9998165.6
im-aes128-gcm-128
Bytes raw sent: 500135353
Bytes encrypted sent: 1181328936
Bytes per second sent: 10531770.2
im-chacha-poly-128
Bytes raw sent: 500173065
Bytes encrypted sent: 866313984
Bytes per second sent: 9506334.2
im-aes128-gcm-256
Bytes raw sent: 500144569
Bytes encrypted sent: 1069503240
Bytes per second sent: 9475589.3
im-chacha-poly-256
Bytes raw sent: 500127233
Bytes encrypted sent: 1252326228
Bytes per second sent: 7593735.9
im-aes128-gcm-512
Bytes raw sent: 500122553
Bytes encrypted sent: 1278033632
Bytes per second sent: 7613976.4
im-chacha-poly-512
Bytes raw sent: 500122233
Bytes encrypted sent: 1279046384
Bytes per second sent: 7627040.2
im-aes128-gcm-1024
Bytes raw sent: 500123073
Bytes encrypted sent: 1272285392
Bytes per second sent: 7617273.1
im-chacha-poly-1024
Bytes raw sent: 500122217
Bytes encrypted sent: 1275867376
Bytes per second sent: 7630759.0
im-aes128-gcm-2048
Bytes raw sent: 500155753
Bytes encrypted sent: 1089301748
Bytes per second sent: 6549642.5
im-chacha-poly-2048
Bytes raw sent: 500152073
Bytes encrypted sent: 1078387564
Bytes per second sent: 8920670.2
im-aes128-gcm-4096
Bytes raw sent: 500123177
Bytes encrypted sent: 1376192032
Bytes per second sent: 7627247.9
im-chacha-poly-4096
Bytes raw sent: 500124833
Bytes encrypted sent: 1361555842
Bytes per second sent: 7622130.6
