aws-london
aws-us-west-oregon
UPLOAD
500MB
aes128-ctr+hmac-md5
Bytes raw sent: 500243465
Bytes encrypted sent: 502055152
Bytes per second sent: 4197258.3
aes128-ctr+hmac-md5-etm@openssh.com
Bytes raw sent: 500243457
Bytes encrypted sent: 502244732
Bytes per second sent: 4057895.5
aes128-ctr+umac-64-etm@openssh.com
Bytes raw sent: 500243545
Bytes encrypted sent: 501705440
Bytes per second sent: 4216434.0
aes128-ctr+hmac-sha1
Bytes raw sent: 500243473
Bytes encrypted sent: 502239556
Bytes per second sent: 3995185.4
3des-cbc+hmac-md5
Bytes raw sent: 500243481
Bytes encrypted sent: 501906832
Bytes per second sent: 4170329.4
aes256-ctr+hmac-sha2-512
Bytes raw sent: 500243577
Bytes encrypted sent: 503778448
Bytes per second sent: 4067184.6
aes128-cbc+hmac-sha1
Bytes raw sent: 500243441
Bytes encrypted sent: 502075248
Bytes per second sent: 3940155.7
aes128-ctr+hmac-ripemd160
Bytes raw sent: 500243497
Bytes encrypted sent: 502124868
Bytes per second sent: 4183200.9
chacha20-poly1305@openssh.com
Bytes raw sent: 500243505
Bytes encrypted sent: 501621052
Bytes per second sent: 4260551.9
aes128-gcm@openssh.com
Bytes raw sent: 500243497
Bytes encrypted sent: 501981868
Bytes per second sent: 4369720.9
im-aes128-gcm-128
Bytes raw sent: 500243593
Bytes encrypted sent: 572306536
Bytes per second sent: 7639852.3
im-chacha-poly-128
Bytes raw sent: 500243433
Bytes encrypted sent: 571898368
Bytes per second sent: 7154023.3
im-aes128-gcm-256
Bytes raw sent: 500243585
Bytes encrypted sent: 541138368
Bytes per second sent: 7357914.3
im-chacha-poly-256
Bytes raw sent: 500243457
Bytes encrypted sent: 540080096
Bytes per second sent: 4493257.8
im-aes128-gcm-512
Bytes raw sent: 500243489
Bytes encrypted sent: 533351520
Bytes per second sent: 4160276.1
im-chacha-poly-512
Bytes raw sent: 500243561
Bytes encrypted sent: 532860792
Bytes per second sent: 4029719.4
im-aes128-gcm-1024
Bytes raw sent: 500243593
Bytes encrypted sent: 542952800
Bytes per second sent: 4252622.9
im-chacha-poly-1024
Bytes raw sent: 500243473
Bytes encrypted sent: 541139000
Bytes per second sent: 4102663.7
im-aes128-gcm-2048
Bytes raw sent: 500243521
Bytes encrypted sent: 568204752
Bytes per second sent: 4227458.6
im-chacha-poly-2048
Bytes raw sent: 500243441
Bytes encrypted sent: 567455520
Bytes per second sent: 4121266.8
im-aes128-gcm-4096
Bytes raw sent: 500243537
Bytes encrypted sent: 643441648
Bytes per second sent: 4362731.8
im-chacha-poly-4096
Bytes raw sent: 500243417
Bytes encrypted sent: 642874192
Bytes per second sent: 4340893.6
