aws-london
aws-us-west-oregon
UPLOAD
500MB
aes128-ctr+hmac-md5
Bytes raw sent: 500243553
Bytes encrypted sent: 502019728
Bytes per second sent: 4862252.6
aes128-ctr+hmac-md5-etm@openssh.com
Bytes raw sent: 500243513
Bytes encrypted sent: 501588292
Bytes per second sent: 4569315.3
aes128-ctr+umac-64-etm@openssh.com
Bytes raw sent: 500243545
Bytes encrypted sent: 501705440
Bytes per second sent: 4555503.2
aes128-ctr+hmac-sha1
Bytes raw sent: 500243505
Bytes encrypted sent: 502256200
Bytes per second sent: 4791092.3
3des-cbc+hmac-md5
Bytes raw sent: 500243457
Bytes encrypted sent: 502070752
Bytes per second sent: 4777209.4
aes256-ctr+hmac-sha2-512
Bytes raw sent: 500243505
Bytes encrypted sent: 503457344
Bytes per second sent: 5877717.6
aes128-cbc+hmac-sha1
Bytes raw sent: 500243593
Bytes encrypted sent: 502582332
Bytes per second sent: 8605949.7
aes128-ctr+hmac-ripemd160
Bytes raw sent: 500243553
Bytes encrypted sent: 502601404
Bytes per second sent: 8571075.2
chacha20-poly1305@openssh.com
Bytes raw sent: 500243593
Bytes encrypted sent: 502218944
Bytes per second sent: 9545237.3
aes128-gcm@openssh.com
Bytes raw sent: 500243593
Bytes encrypted sent: 502310504
Bytes per second sent: 6481875.2
im-aes128-gcm-128
Bytes raw sent: 500243593
Bytes encrypted sent: 572589952
Bytes per second sent: 8115646.7
im-chacha-poly-128
Bytes raw sent: 500243561
Bytes encrypted sent: 572498504
Bytes per second sent: 4764416.0
im-aes128-gcm-256
Bytes raw sent: 500243481
Bytes encrypted sent: 540246552
Bytes per second sent: 4931329.4
im-chacha-poly-256
Bytes raw sent: 500243465
Bytes encrypted sent: 540281096
Bytes per second sent: 4727427.3
im-aes128-gcm-512
Bytes raw sent: 500243497
Bytes encrypted sent: 533142960
Bytes per second sent: 4707690.1
im-chacha-poly-512
Bytes raw sent: 500243585
Bytes encrypted sent: 532538672
Bytes per second sent: 4967332.1
im-aes128-gcm-1024
Bytes raw sent: 500243585
Bytes encrypted sent: 540930000
Bytes per second sent: 5465041.6
im-chacha-poly-1024
Bytes raw sent: 500243465
Bytes encrypted sent: 540210080
Bytes per second sent: 8531969.7
im-aes128-gcm-2048
Bytes raw sent: 500243601
Bytes encrypted sent: 567810640
Bytes per second sent: 9600302.1
im-chacha-poly-2048
Bytes raw sent: 500243449
Bytes encrypted sent: 567328896
Bytes per second sent: 8776173.9
im-aes128-gcm-4096
Bytes raw sent: 500243617
Bytes encrypted sent: 628813512
Bytes per second sent: 9729073.6
im-chacha-poly-4096
Bytes raw sent: 500243545
Bytes encrypted sent: 643045144
Bytes per second sent: 4793115.6
