aws-london
aws-us-west-oregon
UPLOAD
500MB
aes128-ctr+hmac-md5
Bytes raw sent: 500243593
Bytes encrypted sent: 502549440
Bytes per second sent: 7874336.7
aes128-ctr+hmac-md5-etm@openssh.com
Bytes raw sent: 500243593
Bytes encrypted sent: 502162868
Bytes per second sent: 8658913.5
aes128-ctr+umac-64-etm@openssh.com
Bytes raw sent: 500243593
Bytes encrypted sent: 502082896
Bytes per second sent: 6807372.9
aes128-ctr+hmac-sha1
Bytes raw sent: 500243457
Bytes encrypted sent: 502239452
Bytes per second sent: 4048890.9
3des-cbc+hmac-md5
Bytes raw sent: 500243433
Bytes encrypted sent: 502070632
Bytes per second sent: 4177433.3
aes256-ctr+hmac-sha2-512
Bytes raw sent: 500243457
Bytes encrypted sent: 503431984
Bytes per second sent: 5987331.2
aes128-cbc+hmac-sha1
Bytes raw sent: 500243497
Bytes encrypted sent: 502855648
Bytes per second sent: 6132560.3
aes128-ctr+hmac-ripemd160
Bytes raw sent: 500243529
Bytes encrypted sent: 502436840
Bytes per second sent: 4148024.5
chacha20-poly1305@openssh.com
Bytes raw sent: 500243601
Bytes encrypted sent: 502639092
Bytes per second sent: 4907169.5
aes128-gcm@openssh.com
Bytes raw sent: 500243593
Bytes encrypted sent: 502218460
Bytes per second sent: 6491187.6
im-aes128-gcm-128
Bytes raw sent: 500243561
Bytes encrypted sent: 574715344
Bytes per second sent: 7220581.0
im-chacha-poly-128
Bytes raw sent: 500243529
Bytes encrypted sent: 572580312
Bytes per second sent: 8016269.7
im-aes128-gcm-256
Bytes raw sent: 500243561
Bytes encrypted sent: 540254096
Bytes per second sent: 8035960.3
im-chacha-poly-256
Bytes raw sent: 500243529
Bytes encrypted sent: 540530000
Bytes per second sent: 6838888.2
im-aes128-gcm-512
Bytes raw sent: 500243593
Bytes encrypted sent: 532406560
Bytes per second sent: 7197358.7
im-chacha-poly-512
Bytes raw sent: 500243529
Bytes encrypted sent: 532682688
Bytes per second sent: 9574650.3
im-aes128-gcm-1024
Bytes raw sent: 500243601
Bytes encrypted sent: 540784120
Bytes per second sent: 8324802.5
im-chacha-poly-1024
Bytes raw sent: 500243457
Bytes encrypted sent: 540003120
Bytes per second sent: 8707689.2
im-aes128-gcm-2048
Bytes raw sent: 500243593
Bytes encrypted sent: 568055640
Bytes per second sent: 8254086.7
im-chacha-poly-2048
Bytes raw sent: 500243529
Bytes encrypted sent: 567971848
Bytes per second sent: 7597826.4
im-aes128-gcm-4096
Bytes raw sent: 500243497
Bytes encrypted sent: 641248200
Bytes per second sent: 7237141.5
im-chacha-poly-4096
Bytes raw sent: 500243473
Bytes encrypted sent: 639463824
Bytes per second sent: 6268952.7
