aws-london
aws-us-west-oregon
UPLOAD
500MB
aes128-ctr+hmac-md5
Bytes raw sent: 500243593
Bytes encrypted sent: 502696800
Bytes per second sent: 7993122.0
aes128-ctr+hmac-md5-etm@openssh.com
Bytes raw sent: 500243593
Bytes encrypted sent: 502228476
Bytes per second sent: 8754294.1
aes128-ctr+umac-64-etm@openssh.com
Bytes raw sent: 500243593
Bytes encrypted sent: 502113264
Bytes per second sent: 9588074.8
aes128-ctr+hmac-sha1
Bytes raw sent: 500243609
Bytes encrypted sent: 502733100
Bytes per second sent: 9628378.1
3des-cbc+hmac-md5
Bytes raw sent: 500243305
Bytes encrypted sent: 502346144
Bytes per second sent: 8303692.8
aes256-ctr+hmac-sha2-512
Bytes raw sent: 500243593
Bytes encrypted sent: 504069424
Bytes per second sent: 5377099.9
aes128-cbc+hmac-sha1
Bytes raw sent: 500243441
Bytes encrypted sent: 502075248
Bytes per second sent: 4291839.4
aes128-ctr+hmac-ripemd160
Bytes raw sent: 500243561
Bytes encrypted sent: 502390792
Bytes per second sent: 7292420.5
chacha20-poly1305@openssh.com
Bytes raw sent: 500243545
Bytes encrypted sent: 501900212
Bytes per second sent: 7622914.0
aes128-gcm@openssh.com
Bytes raw sent: 500243601
Bytes encrypted sent: 502687840
Bytes per second sent: 7266086.8
im-aes128-gcm-128
Bytes raw sent: 500243593
Bytes encrypted sent: 572446888
Bytes per second sent: 4799588.1
im-chacha-poly-128
Bytes raw sent: 500243441
Bytes encrypted sent: 573937784
Bytes per second sent: 4060410.8
im-aes128-gcm-256
Bytes raw sent: 500243521
Bytes encrypted sent: 541663248
Bytes per second sent: 4177667.1
im-chacha-poly-256
Bytes raw sent: 500243497
Bytes encrypted sent: 540213368
Bytes per second sent: 4546234.1
im-aes128-gcm-512
Bytes raw sent: 500243609
Bytes encrypted sent: 532232688
Bytes per second sent: 4332201.3
im-chacha-poly-512
Bytes raw sent: 500243505
Bytes encrypted sent: 533147688
Bytes per second sent: 4667077.2
im-aes128-gcm-1024
Bytes raw sent: 500243553
Bytes encrypted sent: 540482032
Bytes per second sent: 4087290.8
im-chacha-poly-1024
Bytes raw sent: 500243465
Bytes encrypted sent: 540379800
Bytes per second sent: 4142603.4
im-aes128-gcm-2048
Bytes raw sent: 500243425
Bytes encrypted sent: 571067520
Bytes per second sent: 4230870.8
im-chacha-poly-2048
Bytes raw sent: 500243465
Bytes encrypted sent: 567721776
Bytes per second sent: 4164587.8
im-aes128-gcm-4096
Bytes raw sent: 500243529
Bytes encrypted sent: 636963728
Bytes per second sent: 4739724.9
im-chacha-poly-4096
Bytes raw sent: 500243537
Bytes encrypted sent: 628587352
Bytes per second sent: 9709860.9
