ec2-52-56-140-16.eu-west-2.compute.amazonaws.com
ec2-52-36-141-199.us-west-2.compute.amazonaws.com
500MB
aes128-ctr+hmac-md5
Bytes raw sent: 100048284
Bytes encrypted sent: 101143440
Bytes per second sent: 4343275.3
chacha20-poly1305@openssh.com
Bytes raw sent: 100048252
Bytes encrypted sent: 101530208
Bytes per second sent: 4219133.6
3des-cbc+hmac-md5
Bytes raw sent: 100048188
Bytes encrypted sent: 100754888
Bytes per second sent: 4096869.0
aes128-gcm@openssh.com
Bytes raw sent: 100048244
Bytes encrypted sent: 101267236
Bytes per second sent: 3982563.9
im-aes128-gcm-128
Bytes raw sent: 100048252
Bytes encrypted sent: 116368320
Bytes per second sent: 4140102.5
im-chacha-poly-128
Bytes raw sent: 100048252
Bytes encrypted sent: 115691912
Bytes per second sent: 3824705.2
