aws-london
aws-us-west-oregon
UPLOAD
100MB
aes128-ctr+hmac-md5
Bytes raw sent: 100048249
Bytes encrypted sent: 102276576
Time sent: 22.7
Bytes non channel sent: 1611
aes128-ctr+hmac-md5-etm@openssh.com
Bytes raw sent: 100048217
Bytes encrypted sent: 101067608
Time sent: 13.0
Bytes non channel sent: 1643
aes128-ctr+umac-64-etm@openssh.com
Bytes raw sent: 100048281
Bytes encrypted sent: 101046672
Time sent: 16.5
Bytes non channel sent: 1641
aes128-ctr+hmac-sha1
Bytes raw sent: 100048281
Bytes encrypted sent: 101385480
Time sent: 12.2
Bytes non channel sent: 1613
3des-cbc+hmac-md5
Bytes raw sent: 100048185
Bytes encrypted sent: 101320520
Time sent: 12.5
Bytes non channel sent: 1607
aes256-ctr+hmac-sha2-512
Bytes raw sent: 100048281
Bytes encrypted sent: 101777728
Time sent: 12.4
Bytes non channel sent: 1621
aes128-cbc+hmac-sha1
Bytes raw sent: 100048281
Bytes encrypted sent: 101454016
Time sent: 15.7
Bytes non channel sent: 1613
aes128-ctr+hmac-ripemd160
Bytes raw sent: 100048241
Bytes encrypted sent: 101184160
Time sent: 19.3
Bytes non channel sent: 1623
chacha20-poly1305@openssh.com
Bytes raw sent: 100048281
Bytes encrypted sent: 101319276
Time sent: 15.0
Bytes non channel sent: 2059
aes128-gcm@openssh.com
Bytes raw sent: 100048281
Bytes encrypted sent: 101418076
Time sent: 12.4
Bytes non channel sent: 2045
im-aes128-gcm-128
Bytes raw sent: 100048249
Bytes encrypted sent: 115206856
Time sent: 22.5
Bytes non channel sent: 2035
im-chacha-poly-128
Bytes raw sent: 100048121
Bytes encrypted sent: 115099600
Time sent: 13.7
Bytes non channel sent: 2037
im-aes128-gcm-256
Bytes raw sent: 100048281
Bytes encrypted sent: 108736704
Time sent: 20.1
Bytes non channel sent: 2035
im-chacha-poly-256
Bytes raw sent: 100048217
Bytes encrypted sent: 108687552
Time sent: 13.3
Bytes non channel sent: 2037
im-aes128-gcm-512
Bytes raw sent: 100048289
Bytes encrypted sent: 107318664
Time sent: 12.6
Bytes non channel sent: 2035
im-chacha-poly-512
Bytes raw sent: 100048217
Bytes encrypted sent: 107459352
Time sent: 12.9
Bytes non channel sent: 2037
im-aes128-gcm-1024
Bytes raw sent: 100048281
Bytes encrypted sent: 108524760
Time sent: 20.8
Bytes non channel sent: 2037
im-chacha-poly-1024
Bytes raw sent: 100048145
Bytes encrypted sent: 108371248
Time sent: 13.2
Bytes non channel sent: 2039
im-aes128-gcm-2048
Bytes raw sent: 100048289
Bytes encrypted sent: 114574848
Time sent: 13.6
Bytes non channel sent: 2037
im-chacha-poly-2048
Bytes raw sent: 100048137
Bytes encrypted sent: 113836152
Time sent: 16.8
Bytes non channel sent: 2039
im-aes128-gcm-4096
Bytes raw sent: 100048241
Bytes encrypted sent: 128392496
Time sent: 17.2
Bytes non channel sent: 2037
im-chacha-poly-4096
Bytes raw sent: 100048201
Bytes encrypted sent: 129475224
Time sent: 19.9
Bytes non channel sent: 2039
