aws-london
aws-us-west-oregon
UPLOAD
100MB
aes128-ctr+hmac-md5
Bytes raw sent: 100048281
Bytes encrypted sent: 101110624
Time sent: 23.0
Bytes non channel sent: 1611
aes128-ctr+hmac-md5-etm@openssh.com
Bytes raw sent: 100048249
Bytes encrypted sent: 100873624
Time sent: 23.9
Bytes non channel sent: 1643
aes128-ctr+umac-64-etm@openssh.com
Bytes raw sent: 100048265
Bytes encrypted sent: 101218876
Time sent: 20.9
Bytes non channel sent: 1641
aes128-ctr+hmac-sha1
Bytes raw sent: 100048193
Bytes encrypted sent: 101003056
Time sent: 22.4
Bytes non channel sent: 1613
3des-cbc+hmac-md5
Bytes raw sent: 100048137
Bytes encrypted sent: 100733264
Time sent: 24.5
Bytes non channel sent: 1607
aes256-ctr+hmac-sha2-512
Bytes raw sent: 100048249
Bytes encrypted sent: 101237328
Time sent: 21.8
Bytes non channel sent: 1621
aes128-cbc+hmac-sha1
Bytes raw sent: 100048241
Bytes encrypted sent: 101167468
Time sent: 24.2
Bytes non channel sent: 1613
aes128-ctr+hmac-ripemd160
Bytes raw sent: 100048193
Bytes encrypted sent: 101772040
Time sent: 21.9
Bytes non channel sent: 1623
chacha20-poly1305@openssh.com
Bytes raw sent: 100048289
Bytes encrypted sent: 101201836
Time sent: 22.7
Bytes non channel sent: 2059
aes128-gcm@openssh.com
Bytes raw sent: 100048281
Bytes encrypted sent: 101123788
Time sent: 21.8
Bytes non channel sent: 2045
im-aes128-gcm-128
Bytes raw sent: 100048225
Bytes encrypted sent: 116904920
Time sent: 27.8
Bytes non channel sent: 2035
im-chacha-poly-128
Bytes raw sent: 100048217
Bytes encrypted sent: 115579016
Time sent: 26.7
Bytes non channel sent: 2037
im-aes128-gcm-256
Bytes raw sent: 100048273
Bytes encrypted sent: 109546152
Time sent: 25.5
Bytes non channel sent: 2035
im-chacha-poly-256
Bytes raw sent: 100048153
Bytes encrypted sent: 108605400
Time sent: 25.3
Bytes non channel sent: 2037
im-aes128-gcm-512
Bytes raw sent: 100048281
Bytes encrypted sent: 107716992
Time sent: 24.3
Bytes non channel sent: 2035
im-chacha-poly-512
Bytes raw sent: 100048161
Bytes encrypted sent: 107207744
Time sent: 22.1
Bytes non channel sent: 2037
im-aes128-gcm-1024
Bytes raw sent: 100048281
Bytes encrypted sent: 108839120
Time sent: 22.3
Bytes non channel sent: 2037
im-chacha-poly-1024
Bytes raw sent: 100048153
Bytes encrypted sent: 108500880
Time sent: 27.2
Bytes non channel sent: 2039
im-aes128-gcm-2048
Bytes raw sent: 100048225
Bytes encrypted sent: 115037040
Time sent: 24.8
Bytes non channel sent: 2037
im-chacha-poly-2048
Bytes raw sent: 100048153
Bytes encrypted sent: 113877072
Time sent: 21.2
Bytes non channel sent: 2039
im-aes128-gcm-4096
Bytes raw sent: 100048289
Bytes encrypted sent: 130252568
Time sent: 17.3
Bytes non channel sent: 2037
im-chacha-poly-4096
Bytes raw sent: 100048169
Bytes encrypted sent: 127688416
Time sent: 18.7
Bytes non channel sent: 2039
