aws-london
aws-us-west-oregon
UPLOAD
100MB
aes128-ctr+hmac-md5
Bytes raw sent: 100048249
Bytes encrypted sent: 101304912
Time sent: 16.8
Bytes non channel sent: 1611
aes128-ctr+hmac-md5-etm@openssh.com
Bytes raw sent: 100048249
Bytes encrypted sent: 101280924
Time sent: 13.0
Bytes non channel sent: 1643
aes128-ctr+umac-64-etm@openssh.com
Bytes raw sent: 100048281
Bytes encrypted sent: 101350564
Time sent: 12.3
Bytes non channel sent: 1641
aes128-ctr+hmac-sha1
Bytes raw sent: 100048281
Bytes encrypted sent: 101348520
Time sent: 15.6
Bytes non channel sent: 1613
3des-cbc+hmac-md5
Bytes raw sent: 100048137
Bytes encrypted sent: 101144496
Time sent: 12.5
Bytes non channel sent: 1607
aes256-ctr+hmac-sha2-512
Bytes raw sent: 100048217
Bytes encrypted sent: 101667064
Time sent: 20.9
Bytes non channel sent: 1621
aes128-cbc+hmac-sha1
Bytes raw sent: 100048185
Bytes encrypted sent: 101467172
Time sent: 13.9
Bytes non channel sent: 1613
aes128-ctr+hmac-ripemd160
Bytes raw sent: 100048265
Bytes encrypted sent: 101445224
Time sent: 16.7
Bytes non channel sent: 1623
chacha20-poly1305@openssh.com
Bytes raw sent: 100048281
Bytes encrypted sent: 101341488
Time sent: 18.1
Bytes non channel sent: 2059
aes128-gcm@openssh.com
Bytes raw sent: 100048281
Bytes encrypted sent: 101501172
Time sent: 14.2
Bytes non channel sent: 2045
im-aes128-gcm-128
Bytes raw sent: 100048281
Bytes encrypted sent: 115428256
Time sent: 23.0
Bytes non channel sent: 2035
im-chacha-poly-128
Bytes raw sent: 100048129
Bytes encrypted sent: 115229440
Time sent: 14.3
Bytes non channel sent: 2037
im-aes128-gcm-256
Bytes raw sent: 100048281
Bytes encrypted sent: 109012760
Time sent: 18.4
Bytes non channel sent: 2035
im-chacha-poly-256
Bytes raw sent: 100048137
Bytes encrypted sent: 108474304
Time sent: 13.2
Bytes non channel sent: 2037
im-aes128-gcm-512
Bytes raw sent: 100048281
Bytes encrypted sent: 107011624
Time sent: 19.9
Bytes non channel sent: 2035
im-chacha-poly-512
Bytes raw sent: 100048217
Bytes encrypted sent: 107463696
Time sent: 14.0
Bytes non channel sent: 2037
im-aes128-gcm-1024
Bytes raw sent: 100048281
Bytes encrypted sent: 108693464
Time sent: 16.0
Bytes non channel sent: 2037
im-chacha-poly-1024
Bytes raw sent: 100048153
Bytes encrypted sent: 108432240
Time sent: 21.2
Bytes non channel sent: 2039
im-aes128-gcm-2048
Bytes raw sent: 100048289
Bytes encrypted sent: 114957304
Time sent: 14.3
Bytes non channel sent: 2037
im-chacha-poly-2048
Bytes raw sent: 100048217
Bytes encrypted sent: 114389576
Time sent: 24.8
Bytes non channel sent: 2039
im-aes128-gcm-4096
Bytes raw sent: 100048209
Bytes encrypted sent: 133636976
Time sent: 23.0
Bytes non channel sent: 2037
im-chacha-poly-4096
Bytes raw sent: 100048265
Bytes encrypted sent: 135539744
Time sent: 33.8
Bytes non channel sent: 2039
