aws-london
aws-us-west-oregon
UPLOAD
100MB
aes128-ctr+hmac-md5
Bytes raw sent: 100048249
Bytes encrypted sent: 100864336
Time sent: 22.9
Bytes non channel sent: 1611
aes128-ctr+hmac-md5-etm@openssh.com
Bytes raw sent: 100048241
Bytes encrypted sent: 100985652
Time sent: 24.3
Bytes non channel sent: 1643
aes128-ctr+umac-64-etm@openssh.com
Bytes raw sent: 100048233
Bytes encrypted sent: 101120236
Time sent: 24.5
Bytes non channel sent: 1641
aes128-ctr+hmac-sha1
Bytes raw sent: 100048257
Bytes encrypted sent: 101003472
Time sent: 21.9
Bytes non channel sent: 1613
3des-cbc+hmac-md5
Bytes raw sent: 100048185
Bytes encrypted sent: 100918928
Time sent: 23.3
Bytes non channel sent: 1607
aes256-ctr+hmac-sha2-512
Bytes raw sent: 100048225
Bytes encrypted sent: 101631408
Time sent: 23.7
Bytes non channel sent: 1621
aes128-cbc+hmac-sha1
Bytes raw sent: 100048241
Bytes encrypted sent: 101397208
Time sent: 23.7
Bytes non channel sent: 1613
aes128-ctr+hmac-ripemd160
Bytes raw sent: 100048225
Bytes encrypted sent: 101282260
Time sent: 23.4
Bytes non channel sent: 1623
chacha20-poly1305@openssh.com
Bytes raw sent: 100048257
Bytes encrypted sent: 100906456
Time sent: 22.6
Bytes non channel sent: 2059
aes128-gcm@openssh.com
Bytes raw sent: 100048289
Bytes encrypted sent: 101119852
Time sent: 20.9
Bytes non channel sent: 2045
im-aes128-gcm-128
Bytes raw sent: 100048281
Bytes encrypted sent: 115522520
Time sent: 21.6
Bytes non channel sent: 2035
im-chacha-poly-128
Bytes raw sent: 100048153
Bytes encrypted sent: 115055288
Time sent: 24.2
Bytes non channel sent: 2037
im-aes128-gcm-256
Bytes raw sent: 100048249
Bytes encrypted sent: 108646648
Time sent: 25.7
Bytes non channel sent: 2035
im-chacha-poly-256
Bytes raw sent: 100048129
Bytes encrypted sent: 108815112
Time sent: 25.8
Bytes non channel sent: 2037
im-aes128-gcm-512
Bytes raw sent: 100048201
Bytes encrypted sent: 107660008
Time sent: 25.6
Bytes non channel sent: 2035
im-chacha-poly-512
Bytes raw sent: 100048201
Bytes encrypted sent: 107107424
Time sent: 25.9
Bytes non channel sent: 2037
im-aes128-gcm-1024
Bytes raw sent: 100048225
Bytes encrypted sent: 110760776
Time sent: 27.1
Bytes non channel sent: 2037
im-chacha-poly-1024
Bytes raw sent: 100048185
Bytes encrypted sent: 108846360
Time sent: 26.3
Bytes non channel sent: 2039
im-aes128-gcm-2048
Bytes raw sent: 100048273
Bytes encrypted sent: 115897728
Time sent: 24.9
Bytes non channel sent: 2037
im-chacha-poly-2048
Bytes raw sent: 100048153
Bytes encrypted sent: 114207312
Time sent: 25.0
Bytes non channel sent: 2039
im-aes128-gcm-4096
Bytes raw sent: 100048273
Bytes encrypted sent: 136053744
Time sent: 27.9
Bytes non channel sent: 2037
im-chacha-poly-4096
Bytes raw sent: 100048185
Bytes encrypted sent: 130276384
Time sent: 26.5
Bytes non channel sent: 2039
