aws-london
aws-us-west-oregon
UPLOAD
100MB
aes128-ctr+hmac-md5
Bytes raw sent: 100048281
Bytes encrypted sent: 101413232
Time sent: 12.6
Bytes non channel sent: 1611
aes128-ctr+hmac-md5-etm@openssh.com
Bytes raw sent: 100048281
Bytes encrypted sent: 101368544
Time sent: 15.7
Bytes non channel sent: 1643
aes128-ctr+umac-64-etm@openssh.com
Bytes raw sent: 100048233
Bytes encrypted sent: 100825072
Time sent: 26.2
Bytes non channel sent: 1641
aes128-ctr+hmac-sha1
Bytes raw sent: 100048193
Bytes encrypted sent: 101725824
Time sent: 27.2
Bytes non channel sent: 1613
3des-cbc+hmac-md5
Bytes raw sent: 100048097
Bytes encrypted sent: 102292864
Time sent: 27.2
Bytes non channel sent: 1607
aes256-ctr+hmac-sha2-512
Bytes raw sent: 100048193
Bytes encrypted sent: 101513648
Time sent: 26.3
Bytes non channel sent: 1621
aes128-cbc+hmac-sha1
Bytes raw sent: 100048137
Bytes encrypted sent: 100805772
Time sent: 28.0
Bytes non channel sent: 1613
aes128-ctr+hmac-ripemd160
Bytes raw sent: 100048185
Bytes encrypted sent: 101446828
Time sent: 26.2
Bytes non channel sent: 1623
chacha20-poly1305@openssh.com
Bytes raw sent: 100048161
Bytes encrypted sent: 101070044
Time sent: 22.7
Bytes non channel sent: 2059
aes128-gcm@openssh.com
Bytes raw sent: 100048281
Bytes encrypted sent: 101860948
Time sent: 15.3
Bytes non channel sent: 2045
im-aes128-gcm-128
Bytes raw sent: 100048281
Bytes encrypted sent: 115195544
Time sent: 13.8
Bytes non channel sent: 2035
im-chacha-poly-128
Bytes raw sent: 100048137
Bytes encrypted sent: 115512936
Time sent: 16.2
Bytes non channel sent: 2037
im-aes128-gcm-256
Bytes raw sent: 100048281
Bytes encrypted sent: 108835208
Time sent: 13.2
Bytes non channel sent: 2035
im-chacha-poly-256
Bytes raw sent: 100048217
Bytes encrypted sent: 109069176
Time sent: 13.2
Bytes non channel sent: 2037
im-aes128-gcm-512
Bytes raw sent: 100048281
Bytes encrypted sent: 107587384
Time sent: 12.9
Bytes non channel sent: 2035
im-chacha-poly-512
Bytes raw sent: 100048217
Bytes encrypted sent: 107399400
Time sent: 12.9
Bytes non channel sent: 2037
im-aes128-gcm-1024
Bytes raw sent: 100048289
Bytes encrypted sent: 108967208
Time sent: 13.1
Bytes non channel sent: 2037
im-chacha-poly-1024
Bytes raw sent: 100048249
Bytes encrypted sent: 108815000
Time sent: 20.1
Bytes non channel sent: 2039
im-aes128-gcm-2048
Bytes raw sent: 100048289
Bytes encrypted sent: 115322632
Time sent: 27.2
Bytes non channel sent: 2037
im-chacha-poly-2048
Bytes raw sent: 100048145
Bytes encrypted sent: 113826632
Time sent: 13.8
Bytes non channel sent: 2039
im-aes128-gcm-4096
Bytes raw sent: 100048305
Bytes encrypted sent: 126283040
Time sent: 14.9
Bytes non channel sent: 2037
im-chacha-poly-4096
Bytes raw sent: 100048289
Bytes encrypted sent: 143182200
Time sent: 31.5
Bytes non channel sent: 2039
