aws-london
aws-us-west-oregon
UPLOAD
100MB
aes128-ctr+hmac-md5
Bytes raw sent: 100048233
Bytes encrypted sent: 101488512
Time sent: 22.1
Bytes non channel sent: 1611
aes128-ctr+hmac-md5-etm@openssh.com
Bytes raw sent: 100048257
Bytes encrypted sent: 100873660
Time sent: 27.5
Bytes non channel sent: 1643
aes128-ctr+umac-64-etm@openssh.com
Bytes raw sent: 100048169
Bytes encrypted sent: 101120096
Time sent: 25.8
Bytes non channel sent: 1641
aes128-ctr+hmac-sha1
Bytes raw sent: 100048249
Bytes encrypted sent: 101463628
Time sent: 26.0
Bytes non channel sent: 1613
3des-cbc+hmac-md5
Bytes raw sent: 100048097
Bytes encrypted sent: 101504272
Time sent: 27.1
Bytes non channel sent: 1607
aes256-ctr+hmac-sha2-512
Bytes raw sent: 100048265
Bytes encrypted sent: 101698960
Time sent: 26.5
Bytes non channel sent: 1621
aes128-cbc+hmac-sha1
Bytes raw sent: 100048129
Bytes encrypted sent: 100904336
Time sent: 27.1
Bytes non channel sent: 1613
aes128-ctr+hmac-ripemd160
Bytes raw sent: 100048177
Bytes encrypted sent: 100871672
Time sent: 27.3
Bytes non channel sent: 1623
chacha20-poly1305@openssh.com
Bytes raw sent: 100048233
Bytes encrypted sent: 100971956
Time sent: 25.9
Bytes non channel sent: 2059
aes128-gcm@openssh.com
Bytes raw sent: 100048289
Bytes encrypted sent: 100988708
Time sent: 24.1
Bytes non channel sent: 2045
im-aes128-gcm-128
Bytes raw sent: 100048193
Bytes encrypted sent: 116230712
Time sent: 29.2
Bytes non channel sent: 2035
im-chacha-poly-128
Bytes raw sent: 100043233
Bytes encrypted sent: 165312584
Time sent: 24.0
Bytes non channel sent: 2037
im-aes128-gcm-256
Bytes raw sent: 100048281
Bytes encrypted sent: 108832976
Time sent: 12.8
Bytes non channel sent: 2035
im-chacha-poly-256
Bytes raw sent: 100048137
Bytes encrypted sent: 108465616
Time sent: 16.3
Bytes non channel sent: 2037
im-aes128-gcm-512
Bytes raw sent: 100048281
Bytes encrypted sent: 107371464
Time sent: 16.8
Bytes non channel sent: 2035
im-chacha-poly-512
Bytes raw sent: 100048233
Bytes encrypted sent: 107212496
Time sent: 28.4
Bytes non channel sent: 2037
im-aes128-gcm-1024
Bytes raw sent: 100048161
Bytes encrypted sent: 108988616
Time sent: 27.9
Bytes non channel sent: 2037
im-chacha-poly-1024
Bytes raw sent: 100048185
Bytes encrypted sent: 108591360
Time sent: 27.5
Bytes non channel sent: 2039
im-aes128-gcm-2048
Bytes raw sent: 100048217
Bytes encrypted sent: 117852336
Time sent: 31.8
Bytes non channel sent: 2037
im-chacha-poly-2048
Bytes raw sent: 100048161
Bytes encrypted sent: 114171840
Time sent: 29.8
Bytes non channel sent: 2039
im-aes128-gcm-4096
Bytes raw sent: 100047897
Bytes encrypted sent: 133237024
Time sent: 38.2
Bytes non channel sent: 2037
im-chacha-poly-4096
Bytes raw sent: 100046801
Bytes encrypted sent: 138958944
Time sent: 33.6
Bytes non channel sent: 2039
