aws-london
aws-us-west-oregon
UPLOAD
100MB
aes128-ctr+hmac-md5
Bytes raw sent: 100048217
Bytes encrypted sent: 101175872
Time sent: 23.9
Bytes non channel sent: 1611
aes128-ctr+hmac-md5-etm@openssh.com
Bytes raw sent: 100048281
Bytes encrypted sent: 101218588
Time sent: 24.1
Bytes non channel sent: 1643
aes128-ctr+umac-64-etm@openssh.com
Bytes raw sent: 100048281
Bytes encrypted sent: 101120404
Time sent: 25.3
Bytes non channel sent: 1641
aes128-ctr+hmac-sha1
Bytes raw sent: 100048185
Bytes encrypted sent: 101003004
Time sent: 21.3
Bytes non channel sent: 1613
3des-cbc+hmac-md5
Bytes raw sent: 100048161
Bytes encrypted sent: 101173576
Time sent: 24.6
Bytes non channel sent: 1607
aes256-ctr+hmac-sha2-512
Bytes raw sent: 100048241
Bytes encrypted sent: 101336112
Time sent: 23.6
Bytes non channel sent: 1621
aes128-cbc+hmac-sha1
Bytes raw sent: 100048265
Bytes encrypted sent: 101397520
Time sent: 24.2
Bytes non channel sent: 1613
aes128-ctr+hmac-ripemd160
Bytes raw sent: 100048209
Bytes encrypted sent: 100991856
Time sent: 28.2
Bytes non channel sent: 1623
chacha20-poly1305@openssh.com
Bytes raw sent: 100048089
Bytes encrypted sent: 102292364
Time sent: 24.7
Bytes non channel sent: 2059
aes128-gcm@openssh.com
Bytes raw sent: 100048225
Bytes encrypted sent: 100873516
Time sent: 20.6
Bytes non channel sent: 2045
im-aes128-gcm-128
Bytes raw sent: 100048265
Bytes encrypted sent: 115037384
Time sent: 24.3
Bytes non channel sent: 2035
im-chacha-poly-128
Bytes raw sent: 100048217
Bytes encrypted sent: 115242920
Time sent: 27.1
Bytes non channel sent: 2037
im-aes128-gcm-256
Bytes raw sent: 100048217
Bytes encrypted sent: 109001552
Time sent: 26.2
Bytes non channel sent: 2035
im-chacha-poly-256
Bytes raw sent: 100048153
Bytes encrypted sent: 108887216
Time sent: 25.5
Bytes non channel sent: 2037
im-aes128-gcm-512
Bytes raw sent: 100048289
Bytes encrypted sent: 108995280
Time sent: 21.8
Bytes non channel sent: 2035
im-chacha-poly-512
Bytes raw sent: 100048249
Bytes encrypted sent: 107007632
Time sent: 25.3
Bytes non channel sent: 2037
im-aes128-gcm-1024
Bytes raw sent: 100048265
Bytes encrypted sent: 110254560
Time sent: 25.5
Bytes non channel sent: 2037
im-chacha-poly-1024
Bytes raw sent: 100048177
Bytes encrypted sent: 108416840
Time sent: 21.9
Bytes non channel sent: 2039
im-aes128-gcm-2048
Bytes raw sent: 100048289
Bytes encrypted sent: 114309544
Time sent: 14.1
Bytes non channel sent: 2037
im-chacha-poly-2048
Bytes raw sent: 100048153
Bytes encrypted sent: 113929616
Time sent: 13.7
Bytes non channel sent: 2039
im-aes128-gcm-4096
Bytes raw sent: 100048265
Bytes encrypted sent: 128832480
Time sent: 19.5
Bytes non channel sent: 2037
im-chacha-poly-4096
Bytes raw sent: 100048241
Bytes encrypted sent: 126074544
Time sent: 14.8
Bytes non channel sent: 2039
