aws-london
aws-us-west-oregon
UPLOAD
100MB
aes128-ctr+hmac-md5
Bytes raw sent: 100048281
Bytes encrypted sent: 101324176
Time sent: 12.9
Bytes non channel sent: 1611
aes128-ctr+hmac-md5-etm@openssh.com
Bytes raw sent: 100048281
Bytes encrypted sent: 101284912
Time sent: 12.3
Bytes non channel sent: 1643
aes128-ctr+umac-64-etm@openssh.com
Bytes raw sent: 100048281
Bytes encrypted sent: 101202472
Time sent: 19.0
Bytes non channel sent: 1641
aes128-ctr+hmac-sha1
Bytes raw sent: 100048281
Bytes encrypted sent: 101384236
Time sent: 17.6
Bytes non channel sent: 1613
3des-cbc+hmac-md5
Bytes raw sent: 100048137
Bytes encrypted sent: 101207376
Time sent: 12.7
Bytes non channel sent: 1607
aes256-ctr+hmac-sha2-512
Bytes raw sent: 100048249
Bytes encrypted sent: 101544400
Time sent: 12.4
Bytes non channel sent: 1621
aes128-cbc+hmac-sha1
Bytes raw sent: 100048249
Bytes encrypted sent: 101151392
Time sent: 16.4
Bytes non channel sent: 1613
aes128-ctr+hmac-ripemd160
Bytes raw sent: 100048185
Bytes encrypted sent: 101322112
Time sent: 20.4
Bytes non channel sent: 1623
chacha20-poly1305@openssh.com
Bytes raw sent: 100048177
Bytes encrypted sent: 101218828
Time sent: 14.6
Bytes non channel sent: 2059
aes128-gcm@openssh.com
Bytes raw sent: 100048281
Bytes encrypted sent: 101450880
Time sent: 13.2
Bytes non channel sent: 2045
im-aes128-gcm-128
Bytes raw sent: 100048281
Bytes encrypted sent: 115228496
Time sent: 15.2
Bytes non channel sent: 2035
im-chacha-poly-128
Bytes raw sent: 100048089
Bytes encrypted sent: 114866560
Time sent: 20.3
Bytes non channel sent: 2037
im-aes128-gcm-256
Bytes raw sent: 100048169
Bytes encrypted sent: 108398312
Time sent: 27.5
Bytes non channel sent: 2035
im-chacha-poly-256
Bytes raw sent: 100048105
Bytes encrypted sent: 109514280
Time sent: 28.0
Bytes non channel sent: 2037
im-aes128-gcm-512
Bytes raw sent: 100048153
Bytes encrypted sent: 107259488
Time sent: 30.6
Bytes non channel sent: 2035
im-chacha-poly-512
Bytes raw sent: 100047729
Bytes encrypted sent: 109933808
Time sent: 28.0
Bytes non channel sent: 2037
im-aes128-gcm-1024
Bytes raw sent: 100048281
Bytes encrypted sent: 110212696
Time sent: 22.7
Bytes non channel sent: 2037
im-chacha-poly-1024
Bytes raw sent: 100048185
Bytes encrypted sent: 108434520
Time sent: 25.5
Bytes non channel sent: 2039
im-aes128-gcm-2048
Bytes raw sent: 100048297
Bytes encrypted sent: 114869856
Time sent: 26.2
Bytes non channel sent: 2037
im-chacha-poly-2048
Bytes raw sent: 100048153
Bytes encrypted sent: 113858496
Time sent: 25.6
Bytes non channel sent: 2039
im-aes128-gcm-4096
Bytes raw sent: 100048193
Bytes encrypted sent: 132624336
Time sent: 26.1
Bytes non channel sent: 2037
im-chacha-poly-4096
Bytes raw sent: 100048137
Bytes encrypted sent: 127044352
Time sent: 26.6
Bytes non channel sent: 2039
