aws-london
aws-us-west-oregon
UPLOAD
100MB
aes128-ctr+hmac-md5
Bytes raw sent: 100048225
Bytes encrypted sent: 100782128
Time sent: 23.4
Bytes non channel sent: 1611
aes128-ctr+hmac-md5-etm@openssh.com
Bytes raw sent: 100048241
Bytes encrypted sent: 101215644
Time sent: 22.1
Bytes non channel sent: 1643
aes128-ctr+umac-64-etm@openssh.com
Bytes raw sent: 100048225
Bytes encrypted sent: 101045968
Time sent: 23.8
Bytes non channel sent: 1641
aes128-ctr+hmac-sha1
Bytes raw sent: 100048281
Bytes encrypted sent: 101438316
Time sent: 22.8
Bytes non channel sent: 1613
3des-cbc+hmac-md5
Bytes raw sent: 100048161
Bytes encrypted sent: 100897424
Time sent: 23.2
Bytes non channel sent: 1607
aes256-ctr+hmac-sha2-512
Bytes raw sent: 100048281
Bytes encrypted sent: 101415784
Time sent: 22.1
Bytes non channel sent: 1621
aes128-cbc+hmac-sha1
Bytes raw sent: 100048265
Bytes encrypted sent: 101430912
Time sent: 23.8
Bytes non channel sent: 1613
aes128-ctr+hmac-ripemd160
Bytes raw sent: 100048289
Bytes encrypted sent: 101102500
Time sent: 22.9
Bytes non channel sent: 1623
chacha20-poly1305@openssh.com
Bytes raw sent: 100048289
Bytes encrypted sent: 101201836
Time sent: 23.3
Bytes non channel sent: 2059
aes128-gcm@openssh.com
Bytes raw sent: 100048265
Bytes encrypted sent: 101103324
Time sent: 24.5
Bytes non channel sent: 2045
im-aes128-gcm-128
Bytes raw sent: 100048281
Bytes encrypted sent: 115691432
Time sent: 24.0
Bytes non channel sent: 2035
im-chacha-poly-128
Bytes raw sent: 100048121
Bytes encrypted sent: 115055144
Time sent: 28.0
Bytes non channel sent: 2037
im-aes128-gcm-256
Bytes raw sent: 100048201
Bytes encrypted sent: 109296184
Time sent: 27.0
Bytes non channel sent: 2035
im-chacha-poly-256
Bytes raw sent: 100048153
Bytes encrypted sent: 108957096
Time sent: 29.1
Bytes non channel sent: 2037
im-aes128-gcm-512
Bytes raw sent: 100048153
Bytes encrypted sent: 108239712
Time sent: 26.8
Bytes non channel sent: 2035
im-chacha-poly-512
Bytes raw sent: 100047953
Bytes encrypted sent: 109417424
Time sent: 29.4
Bytes non channel sent: 2037
im-aes128-gcm-1024
Bytes raw sent: 100048265
Bytes encrypted sent: 109540856
Time sent: 27.8
Bytes non channel sent: 2037
im-chacha-poly-1024
Bytes raw sent: 100048153
Bytes encrypted sent: 109057480
Time sent: 30.0
Bytes non channel sent: 2039
im-aes128-gcm-2048
Bytes raw sent: 100048217
Bytes encrypted sent: 115313616
Time sent: 28.1
Bytes non channel sent: 2037
im-chacha-poly-2048
Bytes raw sent: 100048097
Bytes encrypted sent: 115501056
Time sent: 30.0
Bytes non channel sent: 2039
im-aes128-gcm-4096
Bytes raw sent: 100048169
Bytes encrypted sent: 130148912
Time sent: 30.2
Bytes non channel sent: 2037
im-chacha-poly-4096
Bytes raw sent: 100048089
Bytes encrypted sent: 130975424
Time sent: 31.4
Bytes non channel sent: 2039
