aws-london
aws-us-west-oregon
UPLOAD
100MB
aes128-ctr+hmac-md5
Bytes raw sent: 100048281
Bytes encrypted sent: 101375568
Time sent: 12.4
Bytes non channel sent: 1611
aes128-ctr+hmac-md5-etm@openssh.com
Bytes raw sent: 100048281
Bytes encrypted sent: 101327972
Time sent: 16.8
Bytes non channel sent: 1643
aes128-ctr+umac-64-etm@openssh.com
Bytes raw sent: 100048281
Bytes encrypted sent: 101320168
Time sent: 12.3
Bytes non channel sent: 1641
aes128-ctr+hmac-sha1
Bytes raw sent: 100048281
Bytes encrypted sent: 101400672
Time sent: 17.4
Bytes non channel sent: 1613
3des-cbc+hmac-md5
Bytes raw sent: 100048185
Bytes encrypted sent: 101275016
Time sent: 12.5
Bytes non channel sent: 1607
aes256-ctr+hmac-sha2-512
Bytes raw sent: 100048249
Bytes encrypted sent: 103355760
Time sent: 17.8
Bytes non channel sent: 1621
aes128-cbc+hmac-sha1
Bytes raw sent: 100048249
Bytes encrypted sent: 101186496
Time sent: 17.1
Bytes non channel sent: 1613
aes128-ctr+hmac-ripemd160
Bytes raw sent: 100048185
Bytes encrypted sent: 101317768
Time sent: 12.6
Bytes non channel sent: 1623
chacha20-poly1305@openssh.com
Bytes raw sent: 100048281
Bytes encrypted sent: 101156816
Time sent: 12.3
Bytes non channel sent: 2059
aes128-gcm@openssh.com
Bytes raw sent: 100048289
Bytes encrypted sent: 102357020
Time sent: 16.8
Bytes non channel sent: 2045
im-aes128-gcm-128
Bytes raw sent: 100048281
Bytes encrypted sent: 116628008
Time sent: 16.4
Bytes non channel sent: 2035
im-chacha-poly-128
Bytes raw sent: 100048193
Bytes encrypted sent: 115466264
Time sent: 21.2
Bytes non channel sent: 2037
im-aes128-gcm-256
Bytes raw sent: 100048281
Bytes encrypted sent: 109061456
Time sent: 20.0
Bytes non channel sent: 2035
im-chacha-poly-256
Bytes raw sent: 100048217
Bytes encrypted sent: 108882152
Time sent: 13.5
Bytes non channel sent: 2037
im-aes128-gcm-512
Bytes raw sent: 100048281
Bytes encrypted sent: 107556880
Time sent: 13.7
Bytes non channel sent: 2035
im-chacha-poly-512
Bytes raw sent: 100048161
Bytes encrypted sent: 106906536
Time sent: 26.0
Bytes non channel sent: 2037
im-aes128-gcm-1024
Bytes raw sent: 100048193
Bytes encrypted sent: 109003400
Time sent: 31.6
Bytes non channel sent: 2037
im-chacha-poly-1024
Bytes raw sent: 100048145
Bytes encrypted sent: 110518680
Time sent: 30.0
Bytes non channel sent: 2039
im-aes128-gcm-2048
Bytes raw sent: 100048129
Bytes encrypted sent: 116130960
Time sent: 28.5
Bytes non channel sent: 2037
im-chacha-poly-2048
Bytes raw sent: 100048121
Bytes encrypted sent: 114149520
Time sent: 31.6
Bytes non channel sent: 2039
im-aes128-gcm-4096
Bytes raw sent: 100047953
Bytes encrypted sent: 129022224
Time sent: 31.5
Bytes non channel sent: 2037
im-chacha-poly-4096
Bytes raw sent: 100048137
Bytes encrypted sent: 131629232
Time sent: 33.5
Bytes non channel sent: 2039
