aws-london
aws-us-west-oregon
UPLOAD
100MB
aes128-ctr+hmac-md5
Bytes raw sent: 100048233
Bytes encrypted sent: 101307424
Time sent: 25.7
Bytes non channel sent: 1611
aes128-ctr+hmac-md5-etm@openssh.com
Bytes raw sent: 100048233
Bytes encrypted sent: 101086796
Time sent: 22.1
Bytes non channel sent: 1643
aes128-ctr+umac-64-etm@openssh.com
Bytes raw sent: 100048265
Bytes encrypted sent: 100726796
Time sent: 21.4
Bytes non channel sent: 1641
aes128-ctr+hmac-sha1
Bytes raw sent: 100048201
Bytes encrypted sent: 100970288
Time sent: 26.0
Bytes non channel sent: 1613
3des-cbc+hmac-md5
Bytes raw sent: 100048121
Bytes encrypted sent: 101126880
Time sent: 23.8
Bytes non channel sent: 1607
aes256-ctr+hmac-sha2-512
Bytes raw sent: 100048201
Bytes encrypted sent: 101433936
Time sent: 25.3
Bytes non channel sent: 1621
aes128-cbc+hmac-sha1
Bytes raw sent: 100048249
Bytes encrypted sent: 101216776
Time sent: 22.3
Bytes non channel sent: 1613
aes128-ctr+hmac-ripemd160
Bytes raw sent: 100048169
Bytes encrypted sent: 101558252
Time sent: 25.4
Bytes non channel sent: 1623
chacha20-poly1305@openssh.com
Bytes raw sent: 100048265
Bytes encrypted sent: 100758892
Time sent: 25.1
Bytes non channel sent: 2059
aes128-gcm@openssh.com
Bytes raw sent: 100048281
Bytes encrypted sent: 101431600
Time sent: 27.1
Bytes non channel sent: 2045
im-aes128-gcm-128
Bytes raw sent: 100048169
Bytes encrypted sent: 115989992
Time sent: 30.9
Bytes non channel sent: 2035
im-chacha-poly-128
Bytes raw sent: 100047945
Bytes encrypted sent: 117014696
Time sent: 26.4
Bytes non channel sent: 2037
im-aes128-gcm-256
Bytes raw sent: 100048209
Bytes encrypted sent: 108750552
Time sent: 27.5
Bytes non channel sent: 2035
im-chacha-poly-256
Bytes raw sent: 100048201
Bytes encrypted sent: 108835240
Time sent: 26.8
Bytes non channel sent: 2037
im-aes128-gcm-512
Bytes raw sent: 100048145
Bytes encrypted sent: 107242888
Time sent: 25.6
Bytes non channel sent: 2035
im-chacha-poly-512
Bytes raw sent: 100048073
Bytes encrypted sent: 108852504
Time sent: 27.2
Bytes non channel sent: 2037
im-aes128-gcm-1024
Bytes raw sent: 100048305
Bytes encrypted sent: 109371336
Time sent: 23.8
Bytes non channel sent: 2037
im-chacha-poly-1024
Bytes raw sent: 100048185
Bytes encrypted sent: 108365880
Time sent: 24.2
Bytes non channel sent: 2039
im-aes128-gcm-2048
Bytes raw sent: 100048281
Bytes encrypted sent: 114840576
Time sent: 20.3
Bytes non channel sent: 2037
im-chacha-poly-2048
Bytes raw sent: 100048161
Bytes encrypted sent: 114141264
Time sent: 46.6
Bytes non channel sent: 2039
im-aes128-gcm-4096
Bytes raw sent: 100047113
Bytes encrypted sent: 141802320
Time sent: 29.2
Bytes non channel sent: 2037
im-chacha-poly-4096
Bytes raw sent: 100048209
Bytes encrypted sent: 130379184
Time sent: 25.5
Bytes non channel sent: 2039
