aws-london
aws-us-west-oregon
UPLOAD
100MB
aes128-ctr+hmac-md5
Bytes raw sent: 100048281
Bytes encrypted sent: 101433960
Time sent: 12.4
Bytes non channel sent: 1611
aes128-ctr+hmac-md5-etm@openssh.com
Bytes raw sent: 100048281
Bytes encrypted sent: 101252108
Time sent: 17.4
Bytes non channel sent: 1643
aes128-ctr+umac-64-etm@openssh.com
Bytes raw sent: 100048289
Bytes encrypted sent: 101329864
Time sent: 12.4
Bytes non channel sent: 1641
aes128-ctr+hmac-sha1
Bytes raw sent: 100048281
Bytes encrypted sent: 101221380
Time sent: 17.5
Bytes non channel sent: 1613
3des-cbc+hmac-md5
Bytes raw sent: 100048121
Bytes encrypted sent: 100962840
Time sent: 26.0
Bytes non channel sent: 1607
aes256-ctr+hmac-sha2-512
Bytes raw sent: 100048201
Bytes encrypted sent: 101085744
Time sent: 26.5
Bytes non channel sent: 1621
aes128-cbc+hmac-sha1
Bytes raw sent: 100048265
Bytes encrypted sent: 101167624
Time sent: 26.8
Bytes non channel sent: 1613
aes128-ctr+hmac-ripemd160
Bytes raw sent: 100048233
Bytes encrypted sent: 101866120
Time sent: 26.5
Bytes non channel sent: 1623
chacha20-poly1305@openssh.com
Bytes raw sent: 100048273
Bytes encrypted sent: 100808188
Time sent: 26.5
Bytes non channel sent: 2059
aes128-gcm@openssh.com
Bytes raw sent: 100048265
Bytes encrypted sent: 102219704
Time sent: 25.8
Bytes non channel sent: 2045
im-aes128-gcm-128
Bytes raw sent: 100048065
Bytes encrypted sent: 117054192
Time sent: 30.1
Bytes non channel sent: 2035
im-chacha-poly-128
Bytes raw sent: 100048153
Bytes encrypted sent: 116196200
Time sent: 29.9
Bytes non channel sent: 2037
im-aes128-gcm-256
Bytes raw sent: 100048145
Bytes encrypted sent: 109132264
Time sent: 26.9
Bytes non channel sent: 2035
im-chacha-poly-256
Bytes raw sent: 100048185
Bytes encrypted sent: 108939960
Time sent: 24.0
Bytes non channel sent: 2037
im-aes128-gcm-512
Bytes raw sent: 100048281
Bytes encrypted sent: 106940088
Time sent: 12.9
Bytes non channel sent: 2035
im-chacha-poly-512
Bytes raw sent: 100048217
Bytes encrypted sent: 106850280
Time sent: 12.9
Bytes non channel sent: 2037
im-aes128-gcm-1024
Bytes raw sent: 100048281
Bytes encrypted sent: 108770792
Time sent: 17.3
Bytes non channel sent: 2037
im-chacha-poly-1024
Bytes raw sent: 100048217
Bytes encrypted sent: 108994024
Time sent: 18.2
Bytes non channel sent: 2039
im-aes128-gcm-2048
Bytes raw sent: 100048217
Bytes encrypted sent: 114326304
Time sent: 21.7
Bytes non channel sent: 2037
im-chacha-poly-2048
Bytes raw sent: 100048145
Bytes encrypted sent: 114002072
Time sent: 14.0
Bytes non channel sent: 2039
im-aes128-gcm-4096
Bytes raw sent: 100048273
Bytes encrypted sent: 130534848
Time sent: 22.6
Bytes non channel sent: 2037
im-chacha-poly-4096
Bytes raw sent: 100048265
Bytes encrypted sent: 128816320
Time sent: 18.8
Bytes non channel sent: 2039
