aws-london
aws-us-west-oregon
UPLOAD
100MB
aes128-ctr+hmac-md5
Bytes raw sent: 100048241
Bytes encrypted sent: 101011936
Time sent: 26.4
Bytes non channel sent: 1611
aes128-ctr+hmac-md5-etm@openssh.com
Bytes raw sent: 100048225
Bytes encrypted sent: 100926712
Time sent: 24.9
Bytes non channel sent: 1643
aes128-ctr+umac-64-etm@openssh.com
Bytes raw sent: 100048225
Bytes encrypted sent: 100890636
Time sent: 24.8
Bytes non channel sent: 1641
aes128-ctr+hmac-sha1
Bytes raw sent: 100048281
Bytes encrypted sent: 100806708
Time sent: 25.7
Bytes non channel sent: 1613
3des-cbc+hmac-md5
Bytes raw sent: 100048217
Bytes encrypted sent: 101173856
Time sent: 17.4
Bytes non channel sent: 1607
aes256-ctr+hmac-sha2-512
Bytes raw sent: 100048281
Bytes encrypted sent: 101565176
Time sent: 23.0
Bytes non channel sent: 1621
aes128-cbc+hmac-sha1
Bytes raw sent: 100048193
Bytes encrypted sent: 101035876
Time sent: 25.8
Bytes non channel sent: 1613
aes128-ctr+hmac-ripemd160
Bytes raw sent: 100048153
Bytes encrypted sent: 100904336
Time sent: 27.9
Bytes non channel sent: 1623
chacha20-poly1305@openssh.com
Bytes raw sent: 100048233
Bytes encrypted sent: 101207080
Time sent: 23.7
Bytes non channel sent: 2059
aes128-gcm@openssh.com
Bytes raw sent: 100048249
Bytes encrypted sent: 100873624
Time sent: 27.0
Bytes non channel sent: 2045
im-aes128-gcm-128
Bytes raw sent: 100048249
Bytes encrypted sent: 117823112
Time sent: 29.4
Bytes non channel sent: 2035
im-chacha-poly-128
Bytes raw sent: 100048201
Bytes encrypted sent: 116047448
Time sent: 30.0
Bytes non channel sent: 2037
im-aes128-gcm-256
Bytes raw sent: 100048169
Bytes encrypted sent: 109208328
Time sent: 29.6
Bytes non channel sent: 2035
im-chacha-poly-256
Bytes raw sent: 100048161
Bytes encrypted sent: 108711752
Time sent: 30.4
Bytes non channel sent: 2037
im-aes128-gcm-512
Bytes raw sent: 100048145
Bytes encrypted sent: 108658944
Time sent: 27.8
Bytes non channel sent: 2035
im-chacha-poly-512
Bytes raw sent: 100048121
Bytes encrypted sent: 107016608
Time sent: 28.4
Bytes non channel sent: 2037
im-aes128-gcm-1024
Bytes raw sent: 100048193
Bytes encrypted sent: 109343520
Time sent: 27.9
Bytes non channel sent: 2037
im-chacha-poly-1024
Bytes raw sent: 100048001
Bytes encrypted sent: 111500440
Time sent: 31.2
Bytes non channel sent: 2039
im-aes128-gcm-2048
Bytes raw sent: 100048201
Bytes encrypted sent: 117013968
Time sent: 28.5
Bytes non channel sent: 2037
im-chacha-poly-2048
Bytes raw sent: 100048105
Bytes encrypted sent: 114436416
Time sent: 21.4
Bytes non channel sent: 2039
im-aes128-gcm-4096
Bytes raw sent: 100048289
Bytes encrypted sent: 126406400
Time sent: 14.9
Bytes non channel sent: 2037
im-chacha-poly-4096
Bytes raw sent: 100048137
Bytes encrypted sent: 126968584
Time sent: 16.2
Bytes non channel sent: 2039
