aws-london
aws-us-west-oregon
UPLOAD
100MB
aes128-ctr+hmac-md5
Bytes raw sent: 100048169
Bytes encrypted sent: 100880240
Time sent: 23.7
Bytes non channel sent: 1611
aes128-ctr+hmac-md5-etm@openssh.com
Bytes raw sent: 100048225
Bytes encrypted sent: 100873516
Time sent: 23.2
Bytes non channel sent: 1643
aes128-ctr+umac-64-etm@openssh.com
Bytes raw sent: 100048233
Bytes encrypted sent: 100923460
Time sent: 25.0
Bytes non channel sent: 1641
aes128-ctr+hmac-sha1
Bytes raw sent: 100048265
Bytes encrypted sent: 100872244
Time sent: 20.2
Bytes non channel sent: 1613
3des-cbc+hmac-md5
Bytes raw sent: 100048193
Bytes encrypted sent: 100930392
Time sent: 24.5
Bytes non channel sent: 1607
aes256-ctr+hmac-sha2-512
Bytes raw sent: 100048281
Bytes encrypted sent: 102684560
Time sent: 15.9
Bytes non channel sent: 1621
aes128-cbc+hmac-sha1
Bytes raw sent: 100048281
Bytes encrypted sent: 101312804
Time sent: 14.2
Bytes non channel sent: 1613
aes128-ctr+hmac-ripemd160
Bytes raw sent: 100048225
Bytes encrypted sent: 101167364
Time sent: 23.1
Bytes non channel sent: 1623
chacha20-poly1305@openssh.com
Bytes raw sent: 100048281
Bytes encrypted sent: 100888480
Time sent: 23.1
Bytes non channel sent: 2059
aes128-gcm@openssh.com
Bytes raw sent: 100048297
Bytes encrypted sent: 101536012
Time sent: 25.2
Bytes non channel sent: 2045
im-aes128-gcm-128
Bytes raw sent: 100048169
Bytes encrypted sent: 116552888
Time sent: 28.2
Bytes non channel sent: 2035
im-chacha-poly-128
Bytes raw sent: 100048121
Bytes encrypted sent: 115689896
Time sent: 28.9
Bytes non channel sent: 2037
im-aes128-gcm-256
Bytes raw sent: 100048257
Bytes encrypted sent: 109330552
Time sent: 27.3
Bytes non channel sent: 2035
im-chacha-poly-256
Bytes raw sent: 100048249
Bytes encrypted sent: 109789960
Time sent: 25.2
Bytes non channel sent: 2037
im-aes128-gcm-512
Bytes raw sent: 100048265
Bytes encrypted sent: 107516352
Time sent: 25.6
Bytes non channel sent: 2035
im-chacha-poly-512
Bytes raw sent: 100048121
Bytes encrypted sent: 107205104
Time sent: 26.2
Bytes non channel sent: 2037
im-aes128-gcm-1024
Bytes raw sent: 100048249
Bytes encrypted sent: 109256160
Time sent: 27.0
Bytes non channel sent: 2037
im-chacha-poly-1024
Bytes raw sent: 100048017
Bytes encrypted sent: 110974200
Time sent: 27.5
Bytes non channel sent: 2039
im-aes128-gcm-2048
Bytes raw sent: 100048265
Bytes encrypted sent: 117088272
Time sent: 27.5
Bytes non channel sent: 2037
im-chacha-poly-2048
Bytes raw sent: 100047841
Bytes encrypted sent: 117330144
Time sent: 26.9
Bytes non channel sent: 2039
im-aes128-gcm-4096
Bytes raw sent: 100048289
Bytes encrypted sent: 131390736
Time sent: 25.5
Bytes non channel sent: 2037
im-chacha-poly-4096
Bytes raw sent: 100048225
Bytes encrypted sent: 128508224
Time sent: 23.7
Bytes non channel sent: 2039
