aws-london
aws-us-west-oregon
UPLOAD
100MB
aes128-ctr+hmac-md5
Bytes raw sent: 100048265
Bytes encrypted sent: 101554384
Time sent: 20.2
Bytes non channel sent: 1611
aes128-ctr+hmac-md5-etm@openssh.com
Bytes raw sent: 100048281
Bytes encrypted sent: 101021532
Time sent: 25.7
Bytes non channel sent: 1643
aes128-ctr+umac-64-etm@openssh.com
Bytes raw sent: 100048281
Bytes encrypted sent: 102006400
Time sent: 19.5
Bytes non channel sent: 1641
aes128-ctr+hmac-sha1
Bytes raw sent: 100048201
Bytes encrypted sent: 100970288
Time sent: 22.0
Bytes non channel sent: 1613
3des-cbc+hmac-md5
Bytes raw sent: 100048121
Bytes encrypted sent: 101290920
Time sent: 22.6
Bytes non channel sent: 1607
aes256-ctr+hmac-sha2-512
Bytes raw sent: 100048265
Bytes encrypted sent: 101763632
Time sent: 21.7
Bytes non channel sent: 1621
aes128-cbc+hmac-sha1
Bytes raw sent: 100048153
Bytes encrypted sent: 103304148
Time sent: 24.2
Bytes non channel sent: 1613
aes128-ctr+hmac-ripemd160
Bytes raw sent: 100048193
Bytes encrypted sent: 101167156
Time sent: 25.5
Bytes non channel sent: 1623
chacha20-poly1305@openssh.com
Bytes raw sent: 100048209
Bytes encrypted sent: 101436420
Time sent: 25.0
Bytes non channel sent: 2059
aes128-gcm@openssh.com
Bytes raw sent: 100048249
Bytes encrypted sent: 100693220
Time sent: 22.5
Bytes non channel sent: 2045
im-aes128-gcm-128
Bytes raw sent: 100048257
Bytes encrypted sent: 115728488
Time sent: 25.6
Bytes non channel sent: 2035
im-chacha-poly-128
Bytes raw sent: 100048153
Bytes encrypted sent: 115634024
Time sent: 28.4
Bytes non channel sent: 2037
im-aes128-gcm-256
Bytes raw sent: 100048041
Bytes encrypted sent: 113196664
Time sent: 22.4
Bytes non channel sent: 2035
im-chacha-poly-256
Bytes raw sent: 100048217
Bytes encrypted sent: 109069176
Time sent: 13.3
Bytes non channel sent: 2037
im-aes128-gcm-512
Bytes raw sent: 100048289
Bytes encrypted sent: 107956216
Time sent: 14.9
Bytes non channel sent: 2035
im-chacha-poly-512
Bytes raw sent: 100048217
Bytes encrypted sent: 107244744
Time sent: 13.1
Bytes non channel sent: 2037
im-aes128-gcm-1024
Bytes raw sent: 100048289
Bytes encrypted sent: 109225536
Time sent: 15.6
Bytes non channel sent: 2037
im-chacha-poly-1024
Bytes raw sent: 100048217
Bytes encrypted sent: 108994024
Time sent: 13.2
Bytes non channel sent: 2039
im-aes128-gcm-2048
Bytes raw sent: 100048289
Bytes encrypted sent: 114328368
Time sent: 13.6
Bytes non channel sent: 2037
im-chacha-poly-2048
Bytes raw sent: 100048217
Bytes encrypted sent: 114441704
Time sent: 13.7
Bytes non channel sent: 2039
im-aes128-gcm-4096
Bytes raw sent: 100048305
Bytes encrypted sent: 126162344
Time sent: 14.7
Bytes non channel sent: 2037
im-chacha-poly-4096
Bytes raw sent: 100048177
Bytes encrypted sent: 125873056
Time sent: 14.7
Bytes non channel sent: 2039
