aws-london
aws-us-west-oregon
UPLOAD
100MB
aes128-ctr+hmac-md5
Bytes raw sent: 100048281
Bytes encrypted sent: 101291616
Time sent: 23.6
Bytes non channel sent: 1611
aes128-ctr+hmac-md5-etm@openssh.com
Bytes raw sent: 100048249
Bytes encrypted sent: 101431364
Time sent: 25.0
Bytes non channel sent: 1643
aes128-ctr+umac-64-etm@openssh.com
Bytes raw sent: 100048289
Bytes encrypted sent: 100858064
Time sent: 21.7
Bytes non channel sent: 1641
aes128-ctr+hmac-sha1
Bytes raw sent: 100048185
Bytes encrypted sent: 100773264
Time sent: 21.5
Bytes non channel sent: 1613
3des-cbc+hmac-md5
Bytes raw sent: 100048177
Bytes encrypted sent: 101094352
Time sent: 24.4
Bytes non channel sent: 1607
aes256-ctr+hmac-sha2-512
Bytes raw sent: 100048177
Bytes encrypted sent: 101118320
Time sent: 23.9
Bytes non channel sent: 1621
aes128-cbc+hmac-sha1
Bytes raw sent: 100048145
Bytes encrypted sent: 100986360
Time sent: 25.2
Bytes non channel sent: 1613
aes128-ctr+hmac-ripemd160
Bytes raw sent: 100048121
Bytes encrypted sent: 100969768
Time sent: 25.4
Bytes non channel sent: 1623
chacha20-poly1305@openssh.com
Bytes raw sent: 100048169
Bytes encrypted sent: 100906060
Time sent: 21.8
Bytes non channel sent: 2059
aes128-gcm@openssh.com
Bytes raw sent: 100048241
Bytes encrypted sent: 100955652
Time sent: 23.1
Bytes non channel sent: 2045
im-aes128-gcm-128
Bytes raw sent: 100048225
Bytes encrypted sent: 115708856
Time sent: 31.2
Bytes non channel sent: 2035
im-chacha-poly-128
Bytes raw sent: 100048001
Bytes encrypted sent: 117424808
Time sent: 31.7
Bytes non channel sent: 2037
im-aes128-gcm-256
Bytes raw sent: 100048137
Bytes encrypted sent: 109137880
Time sent: 28.0
Bytes non channel sent: 2035
im-chacha-poly-256
Bytes raw sent: 100048177
Bytes encrypted sent: 110017352
Time sent: 26.2
Bytes non channel sent: 2037
im-aes128-gcm-512
Bytes raw sent: 100048201
Bytes encrypted sent: 106901504
Time sent: 30.1
Bytes non channel sent: 2035
im-chacha-poly-512
Bytes raw sent: 100048137
Bytes encrypted sent: 108373568
Time sent: 25.3
Bytes non channel sent: 2037
im-aes128-gcm-1024
Bytes raw sent: 100048225
Bytes encrypted sent: 108600960
Time sent: 26.7
Bytes non channel sent: 2037
im-chacha-poly-1024
Bytes raw sent: 100048129
Bytes encrypted sent: 109046040
Time sent: 27.5
Bytes non channel sent: 2039
im-aes128-gcm-2048
Bytes raw sent: 100048193
Bytes encrypted sent: 114099984
Time sent: 29.9
Bytes non channel sent: 2037
im-chacha-poly-2048
Bytes raw sent: 100048153
Bytes encrypted sent: 114814128
Time sent: 27.6
Bytes non channel sent: 2039
im-aes128-gcm-4096
Bytes raw sent: 100048225
Bytes encrypted sent: 127480224
Time sent: 32.1
Bytes non channel sent: 2037
im-chacha-poly-4096
Bytes raw sent: 100048161
Bytes encrypted sent: 131094672
Time sent: 33.0
Bytes non channel sent: 2039
