aws-london
aws-us-west-oregon
UPLOAD
100MB
aes128-ctr+hmac-md5
Bytes raw sent: 100048281
Bytes encrypted sent: 101340336
Time sent: 23.0
Bytes non channel sent: 1611
aes128-ctr+hmac-md5-etm@openssh.com
Bytes raw sent: 100048281
Bytes encrypted sent: 103947968
Time sent: 22.4
Bytes non channel sent: 1643
aes128-ctr+umac-64-etm@openssh.com
Bytes raw sent: 100048233
Bytes encrypted sent: 101251420
Time sent: 24.3
Bytes non channel sent: 1641
aes128-ctr+hmac-sha1
Bytes raw sent: 100048281
Bytes encrypted sent: 100798300
Time sent: 23.6
Bytes non channel sent: 1613
3des-cbc+hmac-md5
Bytes raw sent: 100048121
Bytes encrypted sent: 101176152
Time sent: 24.8
Bytes non channel sent: 1607
aes256-ctr+hmac-sha2-512
Bytes raw sent: 100048265
Bytes encrypted sent: 101106064
Time sent: 23.1
Bytes non channel sent: 1621
aes128-cbc+hmac-sha1
Bytes raw sent: 100048233
Bytes encrypted sent: 101003316
Time sent: 23.7
Bytes non channel sent: 1613
aes128-ctr+hmac-ripemd160
Bytes raw sent: 100048217
Bytes encrypted sent: 101167312
Time sent: 24.7
Bytes non channel sent: 1623
chacha20-poly1305@openssh.com
Bytes raw sent: 100048225
Bytes encrypted sent: 101635168
Time sent: 24.5
Bytes non channel sent: 2059
aes128-gcm@openssh.com
Bytes raw sent: 100048201
Bytes encrypted sent: 101119492
Time sent: 26.4
Bytes non channel sent: 2045
im-aes128-gcm-128
Bytes raw sent: 100048161
Bytes encrypted sent: 115373384
Time sent: 28.1
Bytes non channel sent: 2035
im-chacha-poly-128
Bytes raw sent: 100048121
Bytes encrypted sent: 115502408
Time sent: 31.1
Bytes non channel sent: 2037
im-aes128-gcm-256
Bytes raw sent: 100048161
Bytes encrypted sent: 109315768
Time sent: 27.8
Bytes non channel sent: 2035
im-chacha-poly-256
Bytes raw sent: 100048145
Bytes encrypted sent: 109999128
Time sent: 26.8
Bytes non channel sent: 2037
im-aes128-gcm-512
Bytes raw sent: 100048201
Bytes encrypted sent: 106836288
Time sent: 27.1
Bytes non channel sent: 2035
im-chacha-poly-512
Bytes raw sent: 100048161
Bytes encrypted sent: 107001824
Time sent: 27.5
Bytes non channel sent: 2037
im-aes128-gcm-1024
Bytes raw sent: 100048193
Bytes encrypted sent: 109382776
Time sent: 27.6
Bytes non channel sent: 2037
im-chacha-poly-1024
Bytes raw sent: 100048105
Bytes encrypted sent: 109026280
Time sent: 26.7
Bytes non channel sent: 2039
im-aes128-gcm-2048
Bytes raw sent: 100048233
Bytes encrypted sent: 113949312
Time sent: 27.3
Bytes non channel sent: 2037
im-chacha-poly-2048
Bytes raw sent: 100048153
Bytes encrypted sent: 113912160
Time sent: 27.6
Bytes non channel sent: 2039
im-aes128-gcm-4096
Bytes raw sent: 100048153
Bytes encrypted sent: 128750832
Time sent: 30.7
Bytes non channel sent: 2037
im-chacha-poly-4096
Bytes raw sent: 100048153
Bytes encrypted sent: 130292832
Time sent: 31.4
Bytes non channel sent: 2039
