aws-london
aws-us-west-oregon
UPLOAD
100MB
aes128-ctr+hmac-md5
Bytes raw sent: 100048209
Bytes encrypted sent: 101044560
Time sent: 26.3
Bytes non channel sent: 1611
aes128-ctr+hmac-md5-etm@openssh.com
Bytes raw sent: 100048265
Bytes encrypted sent: 101070520
Time sent: 24.7
Bytes non channel sent: 1643
aes128-ctr+umac-64-etm@openssh.com
Bytes raw sent: 100048233
Bytes encrypted sent: 101273664
Time sent: 26.0
Bytes non channel sent: 1641
aes128-ctr+hmac-sha1
Bytes raw sent: 100048169
Bytes encrypted sent: 100920876
Time sent: 25.7
Bytes non channel sent: 1613
3des-cbc+hmac-md5
Bytes raw sent: 100048097
Bytes encrypted sent: 100962720
Time sent: 24.9
Bytes non channel sent: 1607
aes256-ctr+hmac-sha2-512
Bytes raw sent: 100048201
Bytes encrypted sent: 101450144
Time sent: 24.4
Bytes non channel sent: 1621
aes128-cbc+hmac-sha1
Bytes raw sent: 100048225
Bytes encrypted sent: 100872088
Time sent: 24.7
Bytes non channel sent: 1613
aes128-ctr+hmac-ripemd160
Bytes raw sent: 100048265
Bytes encrypted sent: 101529372
Time sent: 24.4
Bytes non channel sent: 1623
chacha20-poly1305@openssh.com
Bytes raw sent: 100048257
Bytes encrypted sent: 101169392
Time sent: 23.8
Bytes non channel sent: 2059
aes128-gcm@openssh.com
Bytes raw sent: 100048273
Bytes encrypted sent: 100873732
Time sent: 24.0
Bytes non channel sent: 2045
im-aes128-gcm-128
Bytes raw sent: 100048273
Bytes encrypted sent: 115132040
Time sent: 26.2
Bytes non channel sent: 2035
im-chacha-poly-128
Bytes raw sent: 100048209
Bytes encrypted sent: 115748504
Time sent: 28.3
Bytes non channel sent: 2037
im-aes128-gcm-256
Bytes raw sent: 100048265
Bytes encrypted sent: 110427976
Time sent: 23.2
Bytes non channel sent: 2035
im-chacha-poly-256
Bytes raw sent: 100048217
Bytes encrypted sent: 108889392
Time sent: 23.4
Bytes non channel sent: 2037
im-aes128-gcm-512
Bytes raw sent: 100048153
Bytes encrypted sent: 107628288
Time sent: 27.0
Bytes non channel sent: 2035
im-chacha-poly-512
Bytes raw sent: 100048113
Bytes encrypted sent: 107884112
Time sent: 24.9
Bytes non channel sent: 2037
im-aes128-gcm-1024
Bytes raw sent: 100048217
Bytes encrypted sent: 108990696
Time sent: 23.6
Bytes non channel sent: 2037
im-chacha-poly-1024
Bytes raw sent: 100048233
Bytes encrypted sent: 108749640
Time sent: 25.2
Bytes non channel sent: 2039
im-aes128-gcm-2048
Bytes raw sent: 100048289
Bytes encrypted sent: 114663456
Time sent: 25.4
Bytes non channel sent: 2037
im-chacha-poly-2048
Bytes raw sent: 100048233
Bytes encrypted sent: 113949312
Time sent: 26.0
Bytes non channel sent: 2039
im-aes128-gcm-4096
Bytes raw sent: 100048305
Bytes encrypted sent: 130741040
Time sent: 25.0
Bytes non channel sent: 2037
im-chacha-poly-4096
Bytes raw sent: 100048209
Bytes encrypted sent: 133948400
Time sent: 31.0
Bytes non channel sent: 2039
