aws-london
aws-us-west-oregon
UPLOAD
100MB
aes128-ctr+hmac-md5
Bytes raw sent: 100048153
Bytes encrypted sent: 101372720
Time sent: 23.1
Bytes non channel sent: 1611
aes128-ctr+hmac-md5-etm@openssh.com
Bytes raw sent: 100048193
Bytes encrypted sent: 101267020
Time sent: 25.8
Bytes non channel sent: 1643
aes128-ctr+umac-64-etm@openssh.com
Bytes raw sent: 100048145
Bytes encrypted sent: 102990392
Time sent: 22.7
Bytes non channel sent: 1641
aes128-ctr+hmac-sha1
Bytes raw sent: 100048193
Bytes encrypted sent: 101290028
Time sent: 24.1
Bytes non channel sent: 1613
3des-cbc+hmac-md5
Bytes raw sent: 100048153
Bytes encrypted sent: 101148424
Time sent: 25.2
Bytes non channel sent: 1607
aes256-ctr+hmac-sha2-512
Bytes raw sent: 100048281
Bytes encrypted sent: 101547720
Time sent: 17.4
Bytes non channel sent: 1621
aes128-cbc+hmac-sha1
Bytes raw sent: 100048281
Bytes encrypted sent: 101315700
Time sent: 12.4
Bytes non channel sent: 1613
aes128-ctr+hmac-ripemd160
Bytes raw sent: 100048241
Bytes encrypted sent: 101315440
Time sent: 12.4
Bytes non channel sent: 1623
chacha20-poly1305@openssh.com
Bytes raw sent: 100048273
Bytes encrypted sent: 101355000
Time sent: 17.5
Bytes non channel sent: 2059
aes128-gcm@openssh.com
Bytes raw sent: 100048281
Bytes encrypted sent: 101664124
Time sent: 12.4
Bytes non channel sent: 2045
im-aes128-gcm-128
Bytes raw sent: 100048281
Bytes encrypted sent: 115301888
Time sent: 13.8
Bytes non channel sent: 2035
im-chacha-poly-128
Bytes raw sent: 100048249
Bytes encrypted sent: 114906736
Time sent: 13.9
Bytes non channel sent: 2037
im-aes128-gcm-256
Bytes raw sent: 100048281
Bytes encrypted sent: 109078592
Time sent: 15.7
Bytes non channel sent: 2035
im-chacha-poly-256
Bytes raw sent: 100048137
Bytes encrypted sent: 108430528
Time sent: 13.2
Bytes non channel sent: 2037
im-aes128-gcm-512
Bytes raw sent: 100048281
Bytes encrypted sent: 107389144
Time sent: 12.4
Bytes non channel sent: 2035
im-chacha-poly-512
Bytes raw sent: 100048217
Bytes encrypted sent: 107455008
Time sent: 18.4
Bytes non channel sent: 2037
im-aes128-gcm-1024
Bytes raw sent: 100048281
Bytes encrypted sent: 109241136
Time sent: 13.2
Bytes non channel sent: 2037
im-chacha-poly-1024
Bytes raw sent: 100048217
Bytes encrypted sent: 108994024
Time sent: 13.2
Bytes non channel sent: 2039
im-aes128-gcm-2048
Bytes raw sent: 100048281
Bytes encrypted sent: 114291216
Time sent: 13.6
Bytes non channel sent: 2037
im-chacha-poly-2048
Bytes raw sent: 100048217
Bytes encrypted sent: 114438808
Time sent: 13.7
Bytes non channel sent: 2039
im-aes128-gcm-4096
Bytes raw sent: 100048297
Bytes encrypted sent: 127143896
Time sent: 14.9
Bytes non channel sent: 2037
im-chacha-poly-4096
Bytes raw sent: 100048129
Bytes encrypted sent: 127230016
Time sent: 17.8
Bytes non channel sent: 2039
