aws-london
aws-us-west-oregon
UPLOAD
100MB
aes128-ctr+hmac-md5
Bytes raw sent: 100048273
Bytes encrypted sent: 101331120
Time sent: 14.5
Bytes non channel sent: 1611
aes128-ctr+hmac-md5-etm@openssh.com
Bytes raw sent: 100048249
Bytes encrypted sent: 101221108
Time sent: 19.5
Bytes non channel sent: 1643
aes128-ctr+umac-64-etm@openssh.com
Bytes raw sent: 100048281
Bytes encrypted sent: 101402144
Time sent: 16.1
Bytes non channel sent: 1641
aes128-ctr+hmac-sha1
Bytes raw sent: 100048273
Bytes encrypted sent: 101348468
Time sent: 20.1
Bytes non channel sent: 1613
3des-cbc+hmac-md5
Bytes raw sent: 100048121
Bytes encrypted sent: 101074952
Time sent: 14.3
Bytes non channel sent: 1607
aes256-ctr+hmac-sha2-512
Bytes raw sent: 100048249
Bytes encrypted sent: 101708760
Time sent: 20.8
Bytes non channel sent: 1621
aes128-cbc+hmac-sha1
Bytes raw sent: 100048249
Bytes encrypted sent: 101346660
Time sent: 12.6
Bytes non channel sent: 1613
aes128-ctr+hmac-ripemd160
Bytes raw sent: 100048185
Bytes encrypted sent: 101424916
Time sent: 14.2
Bytes non channel sent: 1623
chacha20-poly1305@openssh.com
Bytes raw sent: 100048281
Bytes encrypted sent: 101092032
Time sent: 12.4
Bytes non channel sent: 2059
aes128-gcm@openssh.com
Bytes raw sent: 100048281
Bytes encrypted sent: 101598516
Time sent: 13.1
Bytes non channel sent: 2045
im-aes128-gcm-128
Bytes raw sent: 100048281
Bytes encrypted sent: 115133984
Time sent: 16.0
Bytes non channel sent: 2035
im-chacha-poly-128
Bytes raw sent: 100047985
Bytes encrypted sent: 115312240
Time sent: 20.6
Bytes non channel sent: 2037
im-aes128-gcm-256
Bytes raw sent: 100048281
Bytes encrypted sent: 108536344
Time sent: 13.4
Bytes non channel sent: 2035
im-chacha-poly-256
Bytes raw sent: 100048137
Bytes encrypted sent: 108430528
Time sent: 12.4
Bytes non channel sent: 2037
im-aes128-gcm-512
Bytes raw sent: 100048281
Bytes encrypted sent: 106977304
Time sent: 23.1
Bytes non channel sent: 2035
im-chacha-poly-512
Bytes raw sent: 100048217
Bytes encrypted sent: 107455008
Time sent: 13.5
Bytes non channel sent: 2037
im-aes128-gcm-1024
Bytes raw sent: 100048281
Bytes encrypted sent: 108867960
Time sent: 13.2
Bytes non channel sent: 2037
im-chacha-poly-1024
Bytes raw sent: 100048145
Bytes encrypted sent: 108362560
Time sent: 13.1
Bytes non channel sent: 2039
im-aes128-gcm-2048
Bytes raw sent: 100048281
Bytes encrypted sent: 113939136
Time sent: 21.8
Bytes non channel sent: 2037
im-chacha-poly-2048
Bytes raw sent: 100048217
Bytes encrypted sent: 113980272
Time sent: 29.2
Bytes non channel sent: 2039
im-aes128-gcm-4096
Bytes raw sent: 100048241
Bytes encrypted sent: 128372528
Time sent: 32.4
Bytes non channel sent: 2037
im-chacha-poly-4096
Bytes raw sent: 100048089
Bytes encrypted sent: 130539552
Time sent: 32.8
Bytes non channel sent: 2039
