aws-london
aws-us-west-oregon
UPLOAD
100MB
aes128-ctr+hmac-md5
Bytes raw sent: 100048281
Bytes encrypted sent: 101324176
Time sent: 19.6
Bytes non channel sent: 1611
aes128-ctr+hmac-md5-etm@openssh.com
Bytes raw sent: 100048201
Bytes encrypted sent: 100899584
Time sent: 27.1
Bytes non channel sent: 1643
aes128-ctr+umac-64-etm@openssh.com
Bytes raw sent: 100048233
Bytes encrypted sent: 100661092
Time sent: 24.0
Bytes non channel sent: 1641
aes128-ctr+hmac-sha1
Bytes raw sent: 100048225
Bytes encrypted sent: 101072080
Time sent: 20.9
Bytes non channel sent: 1613
3des-cbc+hmac-md5
Bytes raw sent: 100048145
Bytes encrypted sent: 100798920
Time sent: 23.0
Bytes non channel sent: 1607
aes256-ctr+hmac-sha2-512
Bytes raw sent: 100048233
Bytes encrypted sent: 101464112
Time sent: 21.7
Bytes non channel sent: 1621
aes128-cbc+hmac-sha1
Bytes raw sent: 100048145
Bytes encrypted sent: 100830236
Time sent: 22.7
Bytes non channel sent: 1613
aes128-ctr+hmac-ripemd160
Bytes raw sent: 100048217
Bytes encrypted sent: 100827808
Time sent: 23.1
Bytes non channel sent: 1623
chacha20-poly1305@openssh.com
Bytes raw sent: 100048137
Bytes encrypted sent: 100709092
Time sent: 23.7
Bytes non channel sent: 2059
aes128-gcm@openssh.com
Bytes raw sent: 100048217
Bytes encrypted sent: 101562472
Time sent: 20.6
Bytes non channel sent: 2045
im-aes128-gcm-128
Bytes raw sent: 100048161
Bytes encrypted sent: 115484408
Time sent: 29.0
Bytes non channel sent: 2035
im-chacha-poly-128
Bytes raw sent: 100048153
Bytes encrypted sent: 116120312
Time sent: 28.4
Bytes non channel sent: 2037
im-aes128-gcm-256
Bytes raw sent: 100048217
Bytes encrypted sent: 109401176
Time sent: 24.9
Bytes non channel sent: 2035
im-chacha-poly-256
Bytes raw sent: 100048185
Bytes encrypted sent: 108975320
Time sent: 25.6
Bytes non channel sent: 2037
im-aes128-gcm-512
Bytes raw sent: 100048209
Bytes encrypted sent: 107007888
Time sent: 24.7
Bytes non channel sent: 2035
im-chacha-poly-512
Bytes raw sent: 100048185
Bytes encrypted sent: 107003408
Time sent: 26.4
Bytes non channel sent: 2037
im-aes128-gcm-1024
Bytes raw sent: 100048289
Bytes encrypted sent: 109023200
Time sent: 27.0
Bytes non channel sent: 2037
im-chacha-poly-1024
Bytes raw sent: 100048121
Bytes encrypted sent: 108941000
Time sent: 27.5
Bytes non channel sent: 2039
im-aes128-gcm-2048
Bytes raw sent: 100048297
Bytes encrypted sent: 115627344
Time sent: 27.7
Bytes non channel sent: 2037
im-chacha-poly-2048
Bytes raw sent: 100048217
Bytes encrypted sent: 113980272
Time sent: 26.5
Bytes non channel sent: 2039
im-aes128-gcm-4096
Bytes raw sent: 100048281
Bytes encrypted sent: 133269920
Time sent: 23.4
Bytes non channel sent: 2037
im-chacha-poly-4096
Bytes raw sent: 100048209
Bytes encrypted sent: 133269920
Time sent: 31.6
Bytes non channel sent: 2039
