aws-london
aws-us-west-oregon
UPLOAD
100MB
aes128-ctr+hmac-md5
Bytes raw sent: 100048289
Bytes encrypted sent: 101671968
Time sent: 22.5
Bytes non channel sent: 1611
aes128-ctr+hmac-md5-etm@openssh.com
Bytes raw sent: 100048297
Bytes encrypted sent: 101267488
Time sent: 25.1
Bytes non channel sent: 1643
aes128-ctr+umac-64-etm@openssh.com
Bytes raw sent: 100048225
Bytes encrypted sent: 101316984
Time sent: 23.0
Bytes non channel sent: 1641
aes128-ctr+hmac-sha1
Bytes raw sent: 100048257
Bytes encrypted sent: 101069112
Time sent: 24.2
Bytes non channel sent: 1613
3des-cbc+hmac-md5
Bytes raw sent: 100048121
Bytes encrypted sent: 101126880
Time sent: 24.0
Bytes non channel sent: 1607
aes256-ctr+hmac-sha2-512
Bytes raw sent: 100048265
Bytes encrypted sent: 101852064
Time sent: 21.0
Bytes non channel sent: 1621
aes128-cbc+hmac-sha1
Bytes raw sent: 100048209
Bytes encrypted sent: 101167260
Time sent: 24.2
Bytes non channel sent: 1613
aes128-ctr+hmac-ripemd160
Bytes raw sent: 100048169
Bytes encrypted sent: 100805980
Time sent: 23.9
Bytes non channel sent: 1623
chacha20-poly1305@openssh.com
Bytes raw sent: 100048137
Bytes encrypted sent: 100927256
Time sent: 24.8
Bytes non channel sent: 2059
aes128-gcm@openssh.com
Bytes raw sent: 100048289
Bytes encrypted sent: 101333564
Time sent: 21.9
Bytes non channel sent: 2045
im-aes128-gcm-128
Bytes raw sent: 100048145
Bytes encrypted sent: 115148496
Time sent: 27.5
Bytes non channel sent: 2035
im-chacha-poly-128
Bytes raw sent: 100048153
Bytes encrypted sent: 116609192
Time sent: 30.8
Bytes non channel sent: 2037
im-aes128-gcm-256
Bytes raw sent: 100048177
Bytes encrypted sent: 110484552
Time sent: 25.5
Bytes non channel sent: 2035
im-chacha-poly-256
Bytes raw sent: 100048105
Bytes encrypted sent: 109446696
Time sent: 27.7
Bytes non channel sent: 2037
im-aes128-gcm-512
Bytes raw sent: 100048273
Bytes encrypted sent: 107964096
Time sent: 25.1
Bytes non channel sent: 2035
im-chacha-poly-512
Bytes raw sent: 100048129
Bytes encrypted sent: 107001296
Time sent: 25.6
Bytes non channel sent: 2037
im-aes128-gcm-1024
Bytes raw sent: 100048273
Bytes encrypted sent: 109083520
Time sent: 26.1
Bytes non channel sent: 2037
im-chacha-poly-1024
Bytes raw sent: 100048121
Bytes encrypted sent: 108977200
Time sent: 25.4
Bytes non channel sent: 2039
im-aes128-gcm-2048
Bytes raw sent: 100048209
Bytes encrypted sent: 114258912
Time sent: 26.3
Bytes non channel sent: 2037
im-chacha-poly-2048
Bytes raw sent: 100048193
Bytes encrypted sent: 114149520
Time sent: 26.1
Bytes non channel sent: 2039
im-aes128-gcm-4096
Bytes raw sent: 100048305
Bytes encrypted sent: 130708144
Time sent: 25.2
Bytes non channel sent: 2037
im-chacha-poly-4096
Bytes raw sent: 100048201
Bytes encrypted sent: 132638512
Time sent: 27.8
Bytes non channel sent: 2039
