aws-london
aws-us-west-oregon
UPLOAD
100MB
aes128-ctr+hmac-md5
Bytes raw sent: 100048281
Bytes encrypted sent: 101452544
Time sent: 12.4
Bytes non channel sent: 1611
aes128-ctr+hmac-md5-etm@openssh.com
Bytes raw sent: 100048281
Bytes encrypted sent: 101386340
Time sent: 15.8
Bytes non channel sent: 1643
aes128-ctr+umac-64-etm@openssh.com
Bytes raw sent: 100048281
Bytes encrypted sent: 101649136
Time sent: 12.4
Bytes non channel sent: 1641
aes128-ctr+hmac-sha1
Bytes raw sent: 100048281
Bytes encrypted sent: 101451120
Time sent: 12.4
Bytes non channel sent: 1613
3des-cbc+hmac-md5
Bytes raw sent: 100048065
Bytes encrypted sent: 101666888
Time sent: 12.3
Bytes non channel sent: 1607
aes256-ctr+hmac-sha2-512
Bytes raw sent: 100048281
Bytes encrypted sent: 101784352
Time sent: 17.8
Bytes non channel sent: 1621
aes128-cbc+hmac-sha1
Bytes raw sent: 100048249
Bytes encrypted sent: 101312596
Time sent: 12.4
Bytes non channel sent: 1613
aes128-ctr+hmac-ripemd160
Bytes raw sent: 100048217
Bytes encrypted sent: 101235444
Time sent: 16.1
Bytes non channel sent: 1623
chacha20-poly1305@openssh.com
Bytes raw sent: 100048273
Bytes encrypted sent: 101054292
Time sent: 14.3
Bytes non channel sent: 2059
aes128-gcm@openssh.com
Bytes raw sent: 100048281
Bytes encrypted sent: 101582096
Time sent: 12.4
Bytes non channel sent: 2045
im-aes128-gcm-128
Bytes raw sent: 100048281
Bytes encrypted sent: 115433696
Time sent: 14.7
Bytes non channel sent: 2035
im-chacha-poly-128
Bytes raw sent: 100048137
Bytes encrypted sent: 115514488
Time sent: 14.5
Bytes non channel sent: 2037
im-aes128-gcm-256
Bytes raw sent: 100048289
Bytes encrypted sent: 109343912
Time sent: 13.2
Bytes non channel sent: 2035
im-chacha-poly-256
Bytes raw sent: 100048233
Bytes encrypted sent: 109281064
Time sent: 13.1
Bytes non channel sent: 2037
im-aes128-gcm-512
Bytes raw sent: 100048289
Bytes encrypted sent: 107579176
Time sent: 12.9
Bytes non channel sent: 2035
im-chacha-poly-512
Bytes raw sent: 100048233
Bytes encrypted sent: 107693544
Time sent: 13.0
Bytes non channel sent: 2037
im-aes128-gcm-1024
Bytes raw sent: 100048281
Bytes encrypted sent: 108897936
Time sent: 20.0
Bytes non channel sent: 2037
im-chacha-poly-1024
Bytes raw sent: 100048217
Bytes encrypted sent: 108990920
Time sent: 26.6
Bytes non channel sent: 2039
im-aes128-gcm-2048
Bytes raw sent: 100048241
Bytes encrypted sent: 118112400
Time sent: 23.4
Bytes non channel sent: 2037
im-chacha-poly-2048
Bytes raw sent: 100048153
Bytes encrypted sent: 113858496
Time sent: 26.7
Bytes non channel sent: 2039
im-aes128-gcm-4096
Bytes raw sent: 100048257
Bytes encrypted sent: 133047872
Time sent: 26.6
Bytes non channel sent: 2037
im-chacha-poly-4096
Bytes raw sent: 100048249
Bytes encrypted sent: 131727920
Time sent: 28.4
Bytes non channel sent: 2039
