aws-london
aws-us-west-oregon
UPLOAD
100MB
aes128-ctr+hmac-md5
Bytes raw sent: 100048281
Bytes encrypted sent: 101402592
Time sent: 12.4
Bytes non channel sent: 1611
aes128-ctr+hmac-md5-etm@openssh.com
Bytes raw sent: 100048265
Bytes encrypted sent: 101057160
Time sent: 19.4
Bytes non channel sent: 1643
aes128-ctr+umac-64-etm@openssh.com
Bytes raw sent: 100048281
Bytes encrypted sent: 101406920
Time sent: 19.8
Bytes non channel sent: 1641
aes128-ctr+hmac-sha1
Bytes raw sent: 100048217
Bytes encrypted sent: 101200132
Time sent: 27.5
Bytes non channel sent: 1613
3des-cbc+hmac-md5
Bytes raw sent: 100048145
Bytes encrypted sent: 102013936
Time sent: 26.9
Bytes non channel sent: 1607
aes256-ctr+hmac-sha2-512
Bytes raw sent: 100048169
Bytes encrypted sent: 101269232
Time sent: 26.4
Bytes non channel sent: 1621
aes128-cbc+hmac-sha1
Bytes raw sent: 100048137
Bytes encrypted sent: 100986308
Time sent: 27.3
Bytes non channel sent: 1613
aes128-ctr+hmac-ripemd160
Bytes raw sent: 100048137
Bytes encrypted sent: 101955356
Time sent: 25.0
Bytes non channel sent: 1623
chacha20-poly1305@openssh.com
Bytes raw sent: 100048249
Bytes encrypted sent: 100898032
Time sent: 26.0
Bytes non channel sent: 2059
aes128-gcm@openssh.com
Bytes raw sent: 100048257
Bytes encrypted sent: 101612128
Time sent: 24.1
Bytes non channel sent: 2045
im-aes128-gcm-128
Bytes raw sent: 100048209
Bytes encrypted sent: 115708672
Time sent: 31.5
Bytes non channel sent: 2035
im-chacha-poly-128
Bytes raw sent: 100047913
Bytes encrypted sent: 116769464
Time sent: 28.3
Bytes non channel sent: 2037
im-aes128-gcm-256
Bytes raw sent: 100048281
Bytes encrypted sent: 110288712
Time sent: 32.5
Bytes non channel sent: 2035
im-chacha-poly-256
Bytes raw sent: 100047609
Bytes encrypted sent: 111349880
Time sent: 28.6
Bytes non channel sent: 2037
im-aes128-gcm-512
Bytes raw sent: 100048145
Bytes encrypted sent: 107470944
Time sent: 27.4
Bytes non channel sent: 2035
im-chacha-poly-512
Bytes raw sent: 100048121
Bytes encrypted sent: 107102144
Time sent: 25.1
Bytes non channel sent: 2037
im-aes128-gcm-1024
Bytes raw sent: 100048217
Bytes encrypted sent: 108956376
Time sent: 22.6
Bytes non channel sent: 2037
im-chacha-poly-1024
Bytes raw sent: 100048129
Bytes encrypted sent: 108564520
Time sent: 22.6
Bytes non channel sent: 2039
im-aes128-gcm-2048
Bytes raw sent: 100048281
Bytes encrypted sent: 114902880
Time sent: 17.4
Bytes non channel sent: 2037
im-chacha-poly-2048
Bytes raw sent: 100048145
Bytes encrypted sent: 114044400
Time sent: 13.5
Bytes non channel sent: 2039
im-aes128-gcm-4096
Bytes raw sent: 100048305
Bytes encrypted sent: 128589872
Time sent: 19.5
Bytes non channel sent: 2037
im-chacha-poly-4096
Bytes raw sent: 100048225
Bytes encrypted sent: 126551536
Time sent: 14.8
Bytes non channel sent: 2039
