aws-london
aws-us-west-oregon
UPLOAD
100MB
aes128-ctr+hmac-md5
Bytes raw sent: 100048273
Bytes encrypted sent: 100848192
Time sent: 24.2
Bytes non channel sent: 1611
aes128-ctr+hmac-md5-etm@openssh.com
Bytes raw sent: 100048137
Bytes encrypted sent: 100873120
Time sent: 25.5
Bytes non channel sent: 1643
aes128-ctr+umac-64-etm@openssh.com
Bytes raw sent: 100048241
Bytes encrypted sent: 101021876
Time sent: 22.7
Bytes non channel sent: 1641
aes128-ctr+hmac-sha1
Bytes raw sent: 100048193
Bytes encrypted sent: 101167156
Time sent: 24.9
Bytes non channel sent: 1613
3des-cbc+hmac-md5
Bytes raw sent: 100048153
Bytes encrypted sent: 100951576
Time sent: 25.2
Bytes non channel sent: 1607
aes256-ctr+hmac-sha2-512
Bytes raw sent: 100048145
Bytes encrypted sent: 101433264
Time sent: 22.4
Bytes non channel sent: 1621
aes128-cbc+hmac-sha1
Bytes raw sent: 100048273
Bytes encrypted sent: 100831068
Time sent: 23.4
Bytes non channel sent: 1613
aes128-ctr+hmac-ripemd160
Bytes raw sent: 100048225
Bytes encrypted sent: 100909936
Time sent: 24.3
Bytes non channel sent: 1623
chacha20-poly1305@openssh.com
Bytes raw sent: 100048217
Bytes encrypted sent: 101070296
Time sent: 24.7
Bytes non channel sent: 2059
aes128-gcm@openssh.com
Bytes raw sent: 100048281
Bytes encrypted sent: 101579612
Time sent: 21.7
Bytes non channel sent: 2045
im-aes128-gcm-128
Bytes raw sent: 100048281
Bytes encrypted sent: 115958104
Time sent: 14.3
Bytes non channel sent: 2035
im-chacha-poly-128
Bytes raw sent: 100048217
Bytes encrypted sent: 115507240
Time sent: 19.4
Bytes non channel sent: 2037
im-aes128-gcm-256
Bytes raw sent: 100048281
Bytes encrypted sent: 108963496
Time sent: 13.2
Bytes non channel sent: 2035
im-chacha-poly-256
Bytes raw sent: 100048217
Bytes encrypted sent: 108700584
Time sent: 13.2
Bytes non channel sent: 2037
im-aes128-gcm-512
Bytes raw sent: 100048281
Bytes encrypted sent: 107183224
Time sent: 12.3
Bytes non channel sent: 2035
im-chacha-poly-512
Bytes raw sent: 100048153
Bytes encrypted sent: 106861984
Time sent: 17.6
Bytes non channel sent: 2037
im-aes128-gcm-1024
Bytes raw sent: 100048281
Bytes encrypted sent: 108823504
Time sent: 13.2
Bytes non channel sent: 2037
im-chacha-poly-1024
Bytes raw sent: 100048217
Bytes encrypted sent: 108988232
Time sent: 13.1
Bytes non channel sent: 2039
im-aes128-gcm-2048
Bytes raw sent: 100048297
Bytes encrypted sent: 114217344
Time sent: 18.3
Bytes non channel sent: 2037
im-chacha-poly-2048
Bytes raw sent: 100048089
Bytes encrypted sent: 113946744
Time sent: 13.5
Bytes non channel sent: 2039
im-aes128-gcm-4096
Bytes raw sent: 100048305
Bytes encrypted sent: 126131488
Time sent: 15.1
Bytes non channel sent: 2037
im-chacha-poly-4096
Bytes raw sent: 100048273
Bytes encrypted sent: 130593920
Time sent: 21.8
Bytes non channel sent: 2039
