aws-london
aws-us-west-oregon
UPLOAD
100MB
aes128-ctr+hmac-md5
Bytes raw sent: 100048265
Bytes encrypted sent: 101288368
Time sent: 12.3
Bytes non channel sent: 1611
aes128-ctr+hmac-md5-etm@openssh.com
Bytes raw sent: 100048257
Bytes encrypted sent: 101282028
Time sent: 15.3
Bytes non channel sent: 1643
aes128-ctr+umac-64-etm@openssh.com
Bytes raw sent: 100048281
Bytes encrypted sent: 101451380
Time sent: 17.6
Bytes non channel sent: 1641
aes128-ctr+hmac-sha1
Bytes raw sent: 100048281
Bytes encrypted sent: 101483940
Time sent: 16.3
Bytes non channel sent: 1613
3des-cbc+hmac-md5
Bytes raw sent: 100048129
Bytes encrypted sent: 101074992
Time sent: 16.6
Bytes non channel sent: 1607
aes256-ctr+hmac-sha2-512
Bytes raw sent: 100048281
Bytes encrypted sent: 101656960
Time sent: 20.9
Bytes non channel sent: 1621
aes128-cbc+hmac-sha1
Bytes raw sent: 100048281
Bytes encrypted sent: 101221380
Time sent: 12.7
Bytes non channel sent: 1613
aes128-ctr+hmac-ripemd160
Bytes raw sent: 100048289
Bytes encrypted sent: 100889092
Time sent: 19.0
Bytes non channel sent: 1623
chacha20-poly1305@openssh.com
Bytes raw sent: 100048265
Bytes encrypted sent: 101313412
Time sent: 12.7
Bytes non channel sent: 2059
aes128-gcm@openssh.com
Bytes raw sent: 100048281
Bytes encrypted sent: 101466428
Time sent: 12.0
Bytes non channel sent: 2045
im-aes128-gcm-128
Bytes raw sent: 100048281
Bytes encrypted sent: 115362104
Time sent: 19.4
Bytes non channel sent: 2035
im-chacha-poly-128
Bytes raw sent: 100048217
Bytes encrypted sent: 115507240
Time sent: 13.8
Bytes non channel sent: 2037
im-aes128-gcm-256
Bytes raw sent: 100048281
Bytes encrypted sent: 108793544
Time sent: 13.2
Bytes non channel sent: 2035
im-chacha-poly-256
Bytes raw sent: 100048217
Bytes encrypted sent: 109069176
Time sent: 18.8
Bytes non channel sent: 2037
im-aes128-gcm-512
Bytes raw sent: 100048281
Bytes encrypted sent: 107072056
Time sent: 19.7
Bytes non channel sent: 2035
im-chacha-poly-512
Bytes raw sent: 100048249
Bytes encrypted sent: 106989720
Time sent: 14.7
Bytes non channel sent: 2037
im-aes128-gcm-1024
Bytes raw sent: 100048281
Bytes encrypted sent: 108627720
Time sent: 19.7
Bytes non channel sent: 2037
im-chacha-poly-1024
Bytes raw sent: 100048217
Bytes encrypted sent: 109199944
Time sent: 17.0
Bytes non channel sent: 2039
im-aes128-gcm-2048
Bytes raw sent: 100048297
Bytes encrypted sent: 114484432
Time sent: 20.4
Bytes non channel sent: 2037
im-chacha-poly-2048
Bytes raw sent: 100048217
Bytes encrypted sent: 114225384
Time sent: 25.2
Bytes non channel sent: 2039
im-aes128-gcm-4096
Bytes raw sent: 100048305
Bytes encrypted sent: 126136688
Time sent: 14.4
Bytes non channel sent: 2037
im-chacha-poly-4096
Bytes raw sent: 100048145
Bytes encrypted sent: 127275248
Time sent: 21.3
Bytes non channel sent: 2039
