aws-london
aws-us-west-oregon
UPLOAD
100MB
aes128-ctr+hmac-md5
Bytes raw sent: 100048281
Bytes encrypted sent: 101541360
Time sent: 17.0
Bytes non channel sent: 1611
aes128-ctr+hmac-md5-etm@openssh.com
Bytes raw sent: 100048281
Bytes encrypted sent: 101353536
Time sent: 17.0
Bytes non channel sent: 1643
aes128-ctr+umac-64-etm@openssh.com
Bytes raw sent: 100048289
Bytes encrypted sent: 101829556
Time sent: 12.8
Bytes non channel sent: 1641
aes128-ctr+hmac-sha1
Bytes raw sent: 100048281
Bytes encrypted sent: 101541884
Time sent: 12.4
Bytes non channel sent: 1613
3des-cbc+hmac-md5
Bytes raw sent: 100048185
Bytes encrypted sent: 101275016
Time sent: 12.4
Bytes non channel sent: 1607
aes256-ctr+hmac-sha2-512
Bytes raw sent: 100048281
Bytes encrypted sent: 101514376
Time sent: 15.6
Bytes non channel sent: 1621
aes128-cbc+hmac-sha1
Bytes raw sent: 100048281
Bytes encrypted sent: 101365008
Time sent: 12.4
Bytes non channel sent: 1613
aes128-ctr+hmac-ripemd160
Bytes raw sent: 100048241
Bytes encrypted sent: 101608652
Time sent: 17.5
Bytes non channel sent: 1623
chacha20-poly1305@openssh.com
Bytes raw sent: 100048281
Bytes encrypted sent: 101256676
Time sent: 20.1
Bytes non channel sent: 2059
aes128-gcm@openssh.com
Bytes raw sent: 100048273
Bytes encrypted sent: 101291616
Time sent: 20.6
Bytes non channel sent: 2045
im-aes128-gcm-128
Bytes raw sent: 100048217
Bytes encrypted sent: 115466696
Time sent: 25.8
Bytes non channel sent: 2035
im-chacha-poly-128
Bytes raw sent: 100048217
Bytes encrypted sent: 116047016
Time sent: 29.1
Bytes non channel sent: 2037
im-aes128-gcm-256
Bytes raw sent: 100048241
Bytes encrypted sent: 109668848
Time sent: 24.0
Bytes non channel sent: 2035
im-chacha-poly-256
Bytes raw sent: 100048185
Bytes encrypted sent: 109027544
Time sent: 27.4
Bytes non channel sent: 2037
im-aes128-gcm-512
Bytes raw sent: 100048265
Bytes encrypted sent: 107684784
Time sent: 24.5
Bytes non channel sent: 2035
im-chacha-poly-512
Bytes raw sent: 100048153
Bytes encrypted sent: 107207216
Time sent: 24.1
Bytes non channel sent: 2037
im-aes128-gcm-1024
Bytes raw sent: 100048257
Bytes encrypted sent: 108430400
Time sent: 25.2
Bytes non channel sent: 2037
im-chacha-poly-1024
Bytes raw sent: 100048217
Bytes encrypted sent: 109807304
Time sent: 13.9
Bytes non channel sent: 2039
im-aes128-gcm-2048
Bytes raw sent: 100048289
Bytes encrypted sent: 114052008
Time sent: 19.3
Bytes non channel sent: 2037
im-chacha-poly-2048
Bytes raw sent: 100047977
Bytes encrypted sent: 114187832
Time sent: 15.8
Bytes non channel sent: 2039
im-aes128-gcm-4096
Bytes raw sent: 100048281
Bytes encrypted sent: 128383112
Time sent: 19.1
Bytes non channel sent: 2037
im-chacha-poly-4096
Bytes raw sent: 100048145
Bytes encrypted sent: 127937280
Time sent: 20.7
Bytes non channel sent: 2039
