aws-london
aws-us-west-oregon
UPLOAD
100MB
aes128-ctr+hmac-md5
Bytes raw sent: 100048249
Bytes encrypted sent: 101537040
Time sent: 26.2
Bytes non channel sent: 1611
aes128-ctr+hmac-md5-etm@openssh.com
Bytes raw sent: 100048177
Bytes encrypted sent: 100774888
Time sent: 21.7
Bytes non channel sent: 1643
aes128-ctr+umac-64-etm@openssh.com
Bytes raw sent: 100048249
Bytes encrypted sent: 101284664
Time sent: 21.6
Bytes non channel sent: 1641
aes128-ctr+hmac-sha1
Bytes raw sent: 100048281
Bytes encrypted sent: 101234096
Time sent: 24.0
Bytes non channel sent: 1613
3des-cbc+hmac-md5
Bytes raw sent: 100048217
Bytes encrypted sent: 100733664
Time sent: 23.5
Bytes non channel sent: 1607
aes256-ctr+hmac-sha2-512
Bytes raw sent: 100048249
Bytes encrypted sent: 101698768
Time sent: 21.7
Bytes non channel sent: 1621
aes128-cbc+hmac-sha1
Bytes raw sent: 100048145
Bytes encrypted sent: 100986360
Time sent: 22.4
Bytes non channel sent: 1613
aes128-ctr+hmac-ripemd160
Bytes raw sent: 100048241
Bytes encrypted sent: 100839268
Time sent: 24.7
Bytes non channel sent: 1623
chacha20-poly1305@openssh.com
Bytes raw sent: 100048185
Bytes encrypted sent: 101570064
Time sent: 25.4
Bytes non channel sent: 2059
aes128-gcm@openssh.com
Bytes raw sent: 100048257
Bytes encrypted sent: 100922884
Time sent: 23.2
Bytes non channel sent: 2045
im-aes128-gcm-128
Bytes raw sent: 100048289
Bytes encrypted sent: 115504088
Time sent: 25.5
Bytes non channel sent: 2035
im-chacha-poly-128
Bytes raw sent: 100048153
Bytes encrypted sent: 115241768
Time sent: 26.2
Bytes non channel sent: 2037
im-aes128-gcm-256
Bytes raw sent: 100048209
Bytes encrypted sent: 108699088
Time sent: 23.7
Bytes non channel sent: 2035
im-chacha-poly-256
Bytes raw sent: 100048113
Bytes encrypted sent: 109888152
Time sent: 26.1
Bytes non channel sent: 2037
im-aes128-gcm-512
Bytes raw sent: 100048241
Bytes encrypted sent: 107662080
Time sent: 24.4
Bytes non channel sent: 2035
im-chacha-poly-512
Bytes raw sent: 100048217
Bytes encrypted sent: 107228864
Time sent: 27.9
Bytes non channel sent: 2037
im-aes128-gcm-1024
Bytes raw sent: 100048241
Bytes encrypted sent: 109098656
Time sent: 24.0
Bytes non channel sent: 2037
im-chacha-poly-1024
Bytes raw sent: 100048121
Bytes encrypted sent: 108735080
Time sent: 26.3
Bytes non channel sent: 2039
im-aes128-gcm-2048
Bytes raw sent: 100048249
Bytes encrypted sent: 114997824
Time sent: 23.1
Bytes non channel sent: 2037
im-chacha-poly-2048
Bytes raw sent: 100048145
Bytes encrypted sent: 114242400
Time sent: 28.7
Bytes non channel sent: 2039
im-aes128-gcm-4096
Bytes raw sent: 100048225
Bytes encrypted sent: 140840112
Time sent: 30.9
Bytes non channel sent: 2037
im-chacha-poly-4096
Bytes raw sent: 100047801
Bytes encrypted sent: 133792144
Time sent: 29.0
Bytes non channel sent: 2039
