aws-london
aws-us-west-oregon
UPLOAD
100MB
aes128-ctr+hmac-md5
Bytes raw sent: 100048281
Bytes encrypted sent: 101492352
Time sent: 12.4
Bytes non channel sent: 1611
aes128-ctr+hmac-md5-etm@openssh.com
Bytes raw sent: 100048281
Bytes encrypted sent: 101221252
Time sent: 18.5
Bytes non channel sent: 1643
aes128-ctr+umac-64-etm@openssh.com
Bytes raw sent: 100048201
Bytes encrypted sent: 100660980
Time sent: 24.8
Bytes non channel sent: 1641
aes128-ctr+hmac-sha1
Bytes raw sent: 100048209
Bytes encrypted sent: 100921188
Time sent: 28.0
Bytes non channel sent: 1613
3des-cbc+hmac-md5
Bytes raw sent: 100047953
Bytes encrypted sent: 102489112
Time sent: 25.2
Bytes non channel sent: 1607
aes256-ctr+hmac-sha2-512
Bytes raw sent: 100048289
Bytes encrypted sent: 101550160
Time sent: 22.0
Bytes non channel sent: 1621
aes128-cbc+hmac-sha1
Bytes raw sent: 100048185
Bytes encrypted sent: 101265564
Time sent: 24.6
Bytes non channel sent: 1613
aes128-ctr+hmac-ripemd160
Bytes raw sent: 100048225
Bytes encrypted sent: 100970444
Time sent: 23.4
Bytes non channel sent: 1623
chacha20-poly1305@openssh.com
Bytes raw sent: 100048201
Bytes encrypted sent: 100799224
Time sent: 23.8
Bytes non channel sent: 2059
aes128-gcm@openssh.com
Bytes raw sent: 100048217
Bytes encrypted sent: 100906284
Time sent: 23.2
Bytes non channel sent: 2045
im-aes128-gcm-128
Bytes raw sent: 100048201
Bytes encrypted sent: 115934032
Time sent: 27.6
Bytes non channel sent: 2035
im-chacha-poly-128
Bytes raw sent: 100048145
Bytes encrypted sent: 115933832
Time sent: 27.9
Bytes non channel sent: 2037
im-aes128-gcm-256
Bytes raw sent: 100048257
Bytes encrypted sent: 108752184
Time sent: 23.1
Bytes non channel sent: 2035
im-chacha-poly-256
Bytes raw sent: 100048185
Bytes encrypted sent: 108711752
Time sent: 26.4
Bytes non channel sent: 2037
im-aes128-gcm-512
Bytes raw sent: 100048217
Bytes encrypted sent: 106905456
Time sent: 23.6
Bytes non channel sent: 2035
im-chacha-poly-512
Bytes raw sent: 100048217
Bytes encrypted sent: 107263712
Time sent: 27.6
Bytes non channel sent: 2037
im-aes128-gcm-1024
Bytes raw sent: 100047537
Bytes encrypted sent: 116036696
Time sent: 26.1
Bytes non channel sent: 2037
im-chacha-poly-1024
Bytes raw sent: 100048153
Bytes encrypted sent: 109234280
Time sent: 27.4
Bytes non channel sent: 2039
im-aes128-gcm-2048
Bytes raw sent: 100048281
Bytes encrypted sent: 114821784
Time sent: 14.3
Bytes non channel sent: 2037
im-chacha-poly-2048
Bytes raw sent: 100048225
Bytes encrypted sent: 114412776
Time sent: 19.9
Bytes non channel sent: 2039
im-aes128-gcm-4096
Bytes raw sent: 100048217
Bytes encrypted sent: 129840512
Time sent: 27.1
Bytes non channel sent: 2037
im-chacha-poly-4096
Bytes raw sent: 100048225
Bytes encrypted sent: 131982864
Time sent: 27.0
Bytes non channel sent: 2039
