aws-london
aws-us-west-oregon
UPLOAD
100MB
aes128-ctr+hmac-md5
Bytes raw sent: 100048193
Bytes encrypted sent: 100749120
Time sent: 28.5
Bytes non channel sent: 1611
aes128-ctr+hmac-md5-etm@openssh.com
Bytes raw sent: 100048273
Bytes encrypted sent: 103057556
Time sent: 25.2
Bytes non channel sent: 1643
aes128-ctr+umac-64-etm@openssh.com
Bytes raw sent: 100048193
Bytes encrypted sent: 101317208
Time sent: 26.2
Bytes non channel sent: 1641
aes128-ctr+hmac-sha1
Bytes raw sent: 100048153
Bytes encrypted sent: 101024312
Time sent: 26.2
Bytes non channel sent: 1613
3des-cbc+hmac-md5
Bytes raw sent: 100048137
Bytes encrypted sent: 101751072
Time sent: 25.7
Bytes non channel sent: 1607
aes256-ctr+hmac-sha2-512
Bytes raw sent: 100048161
Bytes encrypted sent: 104101104
Time sent: 25.9
Bytes non channel sent: 1621
aes128-cbc+hmac-sha1
Bytes raw sent: 100048201
Bytes encrypted sent: 100794884
Time sent: 27.0
Bytes non channel sent: 1613
aes128-ctr+hmac-ripemd160
Bytes raw sent: 100048177
Bytes encrypted sent: 100773212
Time sent: 28.4
Bytes non channel sent: 1623
chacha20-poly1305@openssh.com
Bytes raw sent: 100048161
Bytes encrypted sent: 101415044
Time sent: 23.7
Bytes non channel sent: 2059
aes128-gcm@openssh.com
Bytes raw sent: 100048281
Bytes encrypted sent: 101201952
Time sent: 26.7
Bytes non channel sent: 2045
im-aes128-gcm-128
Bytes raw sent: 100048129
Bytes encrypted sent: 115950824
Time sent: 28.2
Bytes non channel sent: 2035
im-chacha-poly-128
Bytes raw sent: 100048137
Bytes encrypted sent: 116137736
Time sent: 29.9
Bytes non channel sent: 2037
im-aes128-gcm-256
Bytes raw sent: 100048185
Bytes encrypted sent: 110742136
Time sent: 26.5
Bytes non channel sent: 2035
im-chacha-poly-256
Bytes raw sent: 100048249
Bytes encrypted sent: 108836872
Time sent: 27.1
Bytes non channel sent: 2037
im-aes128-gcm-512
Bytes raw sent: 100048161
Bytes encrypted sent: 107107680
Time sent: 26.8
Bytes non channel sent: 2035
im-chacha-poly-512
Bytes raw sent: 100048113
Bytes encrypted sent: 107307536
Time sent: 27.6
Bytes non channel sent: 2037
im-aes128-gcm-1024
Bytes raw sent: 100048257
Bytes encrypted sent: 110248056
Time sent: 28.7
Bytes non channel sent: 2037
im-chacha-poly-1024
Bytes raw sent: 100048185
Bytes encrypted sent: 108967000
Time sent: 27.0
Bytes non channel sent: 2039
im-aes128-gcm-2048
Bytes raw sent: 100048217
Bytes encrypted sent: 113790384
Time sent: 26.6
Bytes non channel sent: 2037
im-chacha-poly-2048
Bytes raw sent: 100048153
Bytes encrypted sent: 113879136
Time sent: 31.2
Bytes non channel sent: 2039
im-aes128-gcm-4096
Bytes raw sent: 100048137
Bytes encrypted sent: 128894752
Time sent: 32.4
Bytes non channel sent: 2037
im-chacha-poly-4096
Bytes raw sent: 100048233
Bytes encrypted sent: 128779616
Time sent: 33.2
Bytes non channel sent: 2039
