aws-london
aws-us-west-oregon
UPLOAD
100MB
aes128-ctr+hmac-md5
Bytes raw sent: 100048281
Bytes encrypted sent: 101209072
Time sent: 26.2
Bytes non channel sent: 1611
aes128-ctr+hmac-md5-etm@openssh.com
Bytes raw sent: 100048281
Bytes encrypted sent: 100873948
Time sent: 23.8
Bytes non channel sent: 1643
aes128-ctr+umac-64-etm@openssh.com
Bytes raw sent: 100048273
Bytes encrypted sent: 100890804
Time sent: 23.9
Bytes non channel sent: 1641
aes128-ctr+hmac-sha1
Bytes raw sent: 100048161
Bytes encrypted sent: 100805928
Time sent: 24.1
Bytes non channel sent: 1613
3des-cbc+hmac-md5
Bytes raw sent: 100048121
Bytes encrypted sent: 101126880
Time sent: 24.1
Bytes non channel sent: 1607
aes256-ctr+hmac-sha2-512
Bytes raw sent: 100048249
Bytes encrypted sent: 101253536
Time sent: 24.8
Bytes non channel sent: 1621
aes128-cbc+hmac-sha1
Bytes raw sent: 100048145
Bytes encrypted sent: 100805824
Time sent: 25.0
Bytes non channel sent: 1613
aes128-ctr+hmac-ripemd160
Bytes raw sent: 100048177
Bytes encrypted sent: 100806032
Time sent: 24.4
Bytes non channel sent: 1623
chacha20-poly1305@openssh.com
Bytes raw sent: 100048217
Bytes encrypted sent: 101103100
Time sent: 23.3
Bytes non channel sent: 2059
aes128-gcm@openssh.com
Bytes raw sent: 100048209
Bytes encrypted sent: 100824384
Time sent: 22.0
Bytes non channel sent: 2045
im-aes128-gcm-128
Bytes raw sent: 100048177
Bytes encrypted sent: 115242200
Time sent: 26.7
Bytes non channel sent: 2035
im-chacha-poly-128
Bytes raw sent: 100048153
Bytes encrypted sent: 115465544
Time sent: 25.5
Bytes non channel sent: 2037
im-aes128-gcm-256
Bytes raw sent: 100048177
Bytes encrypted sent: 108505152
Time sent: 30.2
Bytes non channel sent: 2035
im-chacha-poly-256
Bytes raw sent: 100048185
Bytes encrypted sent: 109204344
Time sent: 25.3
Bytes non channel sent: 2037
im-aes128-gcm-512
Bytes raw sent: 100048281
Bytes encrypted sent: 107425536
Time sent: 24.0
Bytes non channel sent: 2035
im-chacha-poly-512
Bytes raw sent: 100048121
Bytes encrypted sent: 107238408
Time sent: 24.2
Bytes non channel sent: 2037
im-aes128-gcm-1024
Bytes raw sent: 100048281
Bytes encrypted sent: 108948056
Time sent: 22.4
Bytes non channel sent: 2037
im-chacha-poly-1024
Bytes raw sent: 100048145
Bytes encrypted sent: 108772520
Time sent: 24.6
Bytes non channel sent: 2039
im-aes128-gcm-2048
Bytes raw sent: 100048273
Bytes encrypted sent: 114064896
Time sent: 24.3
Bytes non channel sent: 2037
im-chacha-poly-2048
Bytes raw sent: 100048153
Bytes encrypted sent: 113858496
Time sent: 24.8
Bytes non channel sent: 2039
im-aes128-gcm-4096
Bytes raw sent: 100048281
Bytes encrypted sent: 132665328
Time sent: 21.6
Bytes non channel sent: 2037
im-chacha-poly-4096
Bytes raw sent: 100048169
Bytes encrypted sent: 125568144
Time sent: 14.9
Bytes non channel sent: 2039
