aws-london
aws-us-west-oregon
UPLOAD
100MB
aes128-ctr+hmac-md5
Bytes raw sent: 100048233
Bytes encrypted sent: 101323888
Time sent: 23.2
Bytes non channel sent: 1611
aes128-ctr+hmac-md5-etm@openssh.com
Bytes raw sent: 100048281
Bytes encrypted sent: 100972180
Time sent: 20.4
Bytes non channel sent: 1643
aes128-ctr+umac-64-etm@openssh.com
Bytes raw sent: 100048281
Bytes encrypted sent: 101022016
Time sent: 22.4
Bytes non channel sent: 1641
aes128-ctr+hmac-sha1
Bytes raw sent: 100048265
Bytes encrypted sent: 101122536
Time sent: 23.0
Bytes non channel sent: 1613
3des-cbc+hmac-md5
Bytes raw sent: 100048177
Bytes encrypted sent: 100766272
Time sent: 22.9
Bytes non channel sent: 1607
aes256-ctr+hmac-sha2-512
Bytes raw sent: 100048201
Bytes encrypted sent: 101647328
Time sent: 24.2
Bytes non channel sent: 1621
aes128-cbc+hmac-sha1
Bytes raw sent: 100048201
Bytes encrypted sent: 100773368
Time sent: 24.3
Bytes non channel sent: 1613
aes128-ctr+hmac-ripemd160
Bytes raw sent: 100048233
Bytes encrypted sent: 101200236
Time sent: 23.3
Bytes non channel sent: 1623
chacha20-poly1305@openssh.com
Bytes raw sent: 100048201
Bytes encrypted sent: 101149484
Time sent: 25.8
Bytes non channel sent: 2059
aes128-gcm@openssh.com
Bytes raw sent: 100048249
Bytes encrypted sent: 101415088
Time sent: 23.0
Bytes non channel sent: 2045
im-aes128-gcm-128
Bytes raw sent: 100048273
Bytes encrypted sent: 116495616
Time sent: 26.9
Bytes non channel sent: 2035
im-chacha-poly-128
Bytes raw sent: 100048113
Bytes encrypted sent: 115446160
Time sent: 28.1
Bytes non channel sent: 2037
im-aes128-gcm-256
Bytes raw sent: 100048281
Bytes encrypted sent: 109847528
Time sent: 23.4
Bytes non channel sent: 2035
im-chacha-poly-256
Bytes raw sent: 100048137
Bytes encrypted sent: 109185032
Time sent: 24.8
Bytes non channel sent: 2037
im-aes128-gcm-512
Bytes raw sent: 100048281
Bytes encrypted sent: 107544816
Time sent: 13.6
Bytes non channel sent: 2035
im-chacha-poly-512
Bytes raw sent: 100048121
Bytes encrypted sent: 107101128
Time sent: 12.9
Bytes non channel sent: 2037
im-aes128-gcm-1024
Bytes raw sent: 100048297
Bytes encrypted sent: 109437880
Time sent: 15.3
Bytes non channel sent: 2037
im-chacha-poly-1024
Bytes raw sent: 100048153
Bytes encrypted sent: 108397920
Time sent: 13.2
Bytes non channel sent: 2039
im-aes128-gcm-2048
Bytes raw sent: 100048297
Bytes encrypted sent: 114465640
Time sent: 13.7
Bytes non channel sent: 2037
im-chacha-poly-2048
Bytes raw sent: 100048217
Bytes encrypted sent: 114049944
Time sent: 13.7
Bytes non channel sent: 2039
im-aes128-gcm-4096
Bytes raw sent: 100048305
Bytes encrypted sent: 126635224
Time sent: 14.8
Bytes non channel sent: 2037
im-chacha-poly-4096
Bytes raw sent: 100048257
Bytes encrypted sent: 126105064
Time sent: 14.8
Bytes non channel sent: 2039
