aws-london
aws-us-west-oregon
UPLOAD
100MB
aes128-ctr+hmac-md5
Bytes raw sent: 100048281
Bytes encrypted sent: 101583904
Time sent: 13.1
Bytes non channel sent: 1611
aes128-ctr+hmac-md5-etm@openssh.com
Bytes raw sent: 100048281
Bytes encrypted sent: 101581260
Time sent: 12.4
Bytes non channel sent: 1643
aes128-ctr+umac-64-etm@openssh.com
Bytes raw sent: 100048281
Bytes encrypted sent: 101382864
Time sent: 12.3
Bytes non channel sent: 1641
aes128-ctr+hmac-sha1
Bytes raw sent: 100048281
Bytes encrypted sent: 101414160
Time sent: 13.1
Bytes non channel sent: 1613
3des-cbc+hmac-md5
Bytes raw sent: 100048137
Bytes encrypted sent: 101216064
Time sent: 12.5
Bytes non channel sent: 1607
aes256-ctr+hmac-sha2-512
Bytes raw sent: 100048233
Bytes encrypted sent: 101708528
Time sent: 23.9
Bytes non channel sent: 1621
aes128-cbc+hmac-sha1
Bytes raw sent: 100048225
Bytes encrypted sent: 101216984
Time sent: 25.4
Bytes non channel sent: 1613
aes128-ctr+hmac-ripemd160
Bytes raw sent: 100048265
Bytes encrypted sent: 101944728
Time sent: 25.2
Bytes non channel sent: 1623
chacha20-poly1305@openssh.com
Bytes raw sent: 100048249
Bytes encrypted sent: 100742400
Time sent: 23.7
Bytes non channel sent: 2059
aes128-gcm@openssh.com
Bytes raw sent: 100048273
Bytes encrypted sent: 101168968
Time sent: 24.8
Bytes non channel sent: 2045
im-aes128-gcm-128
Bytes raw sent: 100048281
Bytes encrypted sent: 115729248
Time sent: 32.4
Bytes non channel sent: 2035
im-chacha-poly-128
Bytes raw sent: 100047321
Bytes encrypted sent: 119091896
Time sent: 26.8
Bytes non channel sent: 2037
im-aes128-gcm-256
Bytes raw sent: 100048241
Bytes encrypted sent: 109686504
Time sent: 24.7
Bytes non channel sent: 2035
im-chacha-poly-256
Bytes raw sent: 100048129
Bytes encrypted sent: 108991096
Time sent: 23.7
Bytes non channel sent: 2037
im-aes128-gcm-512
Bytes raw sent: 100048265
Bytes encrypted sent: 107011584
Time sent: 22.7
Bytes non channel sent: 2035
im-chacha-poly-512
Bytes raw sent: 100048177
Bytes encrypted sent: 106796960
Time sent: 24.7
Bytes non channel sent: 2037
im-aes128-gcm-1024
Bytes raw sent: 100048193
Bytes encrypted sent: 108575736
Time sent: 26.1
Bytes non channel sent: 2037
im-chacha-poly-1024
Bytes raw sent: 100048185
Bytes encrypted sent: 108779600
Time sent: 26.0
Bytes non channel sent: 2039
im-aes128-gcm-2048
Bytes raw sent: 100048193
Bytes encrypted sent: 114570576
Time sent: 29.4
Bytes non channel sent: 2037
im-chacha-poly-2048
Bytes raw sent: 100048225
Bytes encrypted sent: 114157776
Time sent: 26.3
Bytes non channel sent: 2039
im-aes128-gcm-4096
Bytes raw sent: 100048201
Bytes encrypted sent: 133084880
Time sent: 29.6
Bytes non channel sent: 2037
im-chacha-poly-4096
Bytes raw sent: 100048273
Bytes encrypted sent: 133866160
Time sent: 26.7
Bytes non channel sent: 2039
