aws-london
aws-us-west-oregon
UPLOAD
100MB
aes128-ctr+hmac-md5
Bytes raw sent: 100048265
Bytes encrypted sent: 101094368
Time sent: 12.9
Bytes non channel sent: 1611
aes128-ctr+hmac-md5-etm@openssh.com
Bytes raw sent: 100048289
Bytes encrypted sent: 101479868
Time sent: 12.0
Bytes non channel sent: 1643
aes128-ctr+umac-64-etm@openssh.com
Bytes raw sent: 100048281
Bytes encrypted sent: 101300860
Time sent: 12.0
Bytes non channel sent: 1641
aes128-ctr+hmac-sha1
Bytes raw sent: 100048281
Bytes encrypted sent: 101333100
Time sent: 12.0
Bytes non channel sent: 1613
3des-cbc+hmac-md5
Bytes raw sent: 100048137
Bytes encrypted sent: 101094152
Time sent: 12.0
Bytes non channel sent: 1607
aes256-ctr+hmac-sha2-512
Bytes raw sent: 100048297
Bytes encrypted sent: 101812952
Time sent: 13.9
Bytes non channel sent: 1621
aes128-cbc+hmac-sha1
Bytes raw sent: 100048217
Bytes encrypted sent: 101421264
Time sent: 15.6
Bytes non channel sent: 1613
aes128-ctr+hmac-ripemd160
Bytes raw sent: 100048161
Bytes encrypted sent: 101324572
Time sent: 18.8
Bytes non channel sent: 1623
chacha20-poly1305@openssh.com
Bytes raw sent: 100048265
Bytes encrypted sent: 101052428
Time sent: 17.0
Bytes non channel sent: 2059
aes128-gcm@openssh.com
Bytes raw sent: 100048281
Bytes encrypted sent: 101795376
Time sent: 12.4
Bytes non channel sent: 2045
im-aes128-gcm-128
Bytes raw sent: 100048281
Bytes encrypted sent: 115729736
Time sent: 17.2
Bytes non channel sent: 2035
im-chacha-poly-128
Bytes raw sent: 100048217
Bytes encrypted sent: 115619560
Time sent: 18.7
Bytes non channel sent: 2037
im-aes128-gcm-256
Bytes raw sent: 100048281
Bytes encrypted sent: 108710304
Time sent: 13.2
Bytes non channel sent: 2035
im-chacha-poly-256
Bytes raw sent: 100048145
Bytes encrypted sent: 108478920
Time sent: 16.7
Bytes non channel sent: 2037
im-aes128-gcm-512
Bytes raw sent: 100048281
Bytes encrypted sent: 107046952
Time sent: 17.9
Bytes non channel sent: 2035
im-chacha-poly-512
Bytes raw sent: 100048217
Bytes encrypted sent: 106888944
Time sent: 15.7
Bytes non channel sent: 2037
im-aes128-gcm-1024
Bytes raw sent: 100048289
Bytes encrypted sent: 108606160
Time sent: 15.6
Bytes non channel sent: 2037
im-chacha-poly-1024
Bytes raw sent: 100048105
Bytes encrypted sent: 108827784
Time sent: 13.9
Bytes non channel sent: 2039
im-aes128-gcm-2048
Bytes raw sent: 100048305
Bytes encrypted sent: 114620472
Time sent: 16.0
Bytes non channel sent: 2037
im-chacha-poly-2048
Bytes raw sent: 100048017
Bytes encrypted sent: 114408864
Time sent: 13.7
Bytes non channel sent: 2039
im-aes128-gcm-4096
Bytes raw sent: 100048305
Bytes encrypted sent: 126488640
Time sent: 14.8
Bytes non channel sent: 2037
im-chacha-poly-4096
Bytes raw sent: 100048257
Bytes encrypted sent: 130256448
Time sent: 29.4
Bytes non channel sent: 2039
