aws-london
aws-us-west-oregon
UPLOAD
100MB
aes128-ctr+hmac-md5
Bytes raw sent: 100048281
Bytes encrypted sent: 101426720
Time sent: 12.4
Bytes non channel sent: 1611
aes128-ctr+hmac-md5-etm@openssh.com
Bytes raw sent: 100048281
Bytes encrypted sent: 101070792
Time sent: 13.4
Bytes non channel sent: 1643
aes128-ctr+umac-64-etm@openssh.com
Bytes raw sent: 100048281
Bytes encrypted sent: 101694936
Time sent: 19.5
Bytes non channel sent: 1641
aes128-ctr+hmac-sha1
Bytes raw sent: 100048281
Bytes encrypted sent: 101466312
Time sent: 12.7
Bytes non channel sent: 1613
3des-cbc+hmac-md5
Bytes raw sent: 100048129
Bytes encrypted sent: 101173416
Time sent: 12.3
Bytes non channel sent: 1607
aes256-ctr+hmac-sha2-512
Bytes raw sent: 100048281
Bytes encrypted sent: 101621480
Time sent: 15.6
Bytes non channel sent: 1621
aes128-cbc+hmac-sha1
Bytes raw sent: 100048281
Bytes encrypted sent: 101496236
Time sent: 19.2
Bytes non channel sent: 1613
aes128-ctr+hmac-ripemd160
Bytes raw sent: 100048281
Bytes encrypted sent: 101348520
Time sent: 19.8
Bytes non channel sent: 1623
chacha20-poly1305@openssh.com
Bytes raw sent: 100048281
Bytes encrypted sent: 101251152
Time sent: 16.8
Bytes non channel sent: 2059
aes128-gcm@openssh.com
Bytes raw sent: 100048297
Bytes encrypted sent: 101945972
Time sent: 19.0
Bytes non channel sent: 2045
im-aes128-gcm-128
Bytes raw sent: 100048281
Bytes encrypted sent: 115544240
Time sent: 14.1
Bytes non channel sent: 2035
im-chacha-poly-128
Bytes raw sent: 100048121
Bytes encrypted sent: 115090912
Time sent: 13.1
Bytes non channel sent: 2037
im-aes128-gcm-256
Bytes raw sent: 100048281
Bytes encrypted sent: 108863720
Time sent: 13.2
Bytes non channel sent: 2035
im-chacha-poly-256
Bytes raw sent: 100048217
Bytes encrypted sent: 109086552
Time sent: 13.1
Bytes non channel sent: 2037
im-aes128-gcm-512
Bytes raw sent: 100048281
Bytes encrypted sent: 107578696
Time sent: 12.9
Bytes non channel sent: 2035
im-chacha-poly-512
Bytes raw sent: 100048217
Bytes encrypted sent: 107038824
Time sent: 13.0
Bytes non channel sent: 2037
im-aes128-gcm-1024
Bytes raw sent: 100048297
Bytes encrypted sent: 109587456
Time sent: 13.2
Bytes non channel sent: 2037
im-chacha-poly-1024
Bytes raw sent: 100048153
Bytes encrypted sent: 108432240
Time sent: 13.2
Bytes non channel sent: 2039
im-aes128-gcm-2048
Bytes raw sent: 100048289
Bytes encrypted sent: 114506704
Time sent: 13.7
Bytes non channel sent: 2037
im-chacha-poly-2048
Bytes raw sent: 100048217
Bytes encrypted sent: 114259024
Time sent: 19.9
Bytes non channel sent: 2039
im-aes128-gcm-4096
Bytes raw sent: 100048297
Bytes encrypted sent: 126351496
Time sent: 14.9
Bytes non channel sent: 2037
im-chacha-poly-4096
Bytes raw sent: 100048209
Bytes encrypted sent: 126522752
Time sent: 14.9
Bytes non channel sent: 2039
