aws-london
aws-us-west-oregon
UPLOAD
100MB
aes128-ctr+hmac-md5
Bytes raw sent: 100048281
Bytes encrypted sent: 101426720
Time sent: 12.3
Bytes non channel sent: 1611
aes128-ctr+hmac-md5-etm@openssh.com
Bytes raw sent: 100048281
Bytes encrypted sent: 101242592
Time sent: 12.3
Bytes non channel sent: 1643
aes128-ctr+umac-64-etm@openssh.com
Bytes raw sent: 100048281
Bytes encrypted sent: 101691052
Time sent: 12.3
Bytes non channel sent: 1641
aes128-ctr+hmac-sha1
Bytes raw sent: 100048249
Bytes encrypted sent: 101548128
Time sent: 12.4
Bytes non channel sent: 1613
3des-cbc+hmac-md5
Bytes raw sent: 100048193
Bytes encrypted sent: 101324904
Time sent: 12.4
Bytes non channel sent: 1607
aes256-ctr+hmac-sha2-512
Bytes raw sent: 100048281
Bytes encrypted sent: 101843744
Time sent: 24.2
Bytes non channel sent: 1621
aes128-cbc+hmac-sha1
Bytes raw sent: 100048233
Bytes encrypted sent: 102268784
Time sent: 23.6
Bytes non channel sent: 1613
aes128-ctr+hmac-ripemd160
Bytes raw sent: 100048217
Bytes encrypted sent: 101167312
Time sent: 25.1
Bytes non channel sent: 1623
chacha20-poly1305@openssh.com
Bytes raw sent: 100048233
Bytes encrypted sent: 103697780
Time sent: 23.3
Bytes non channel sent: 2059
aes128-gcm@openssh.com
Bytes raw sent: 100048289
Bytes encrypted sent: 101297636
Time sent: 21.7
Bytes non channel sent: 2045
im-aes128-gcm-128
Bytes raw sent: 100048249
Bytes encrypted sent: 115019720
Time sent: 26.2
Bytes non channel sent: 2035
im-chacha-poly-128
Bytes raw sent: 100048129
Bytes encrypted sent: 114905672
Time sent: 28.9
Bytes non channel sent: 2037
im-aes128-gcm-256
Bytes raw sent: 100048257
Bytes encrypted sent: 111041880
Time sent: 13.8
Bytes non channel sent: 2035
im-chacha-poly-256
Bytes raw sent: 100048217
Bytes encrypted sent: 109057592
Time sent: 13.1
Bytes non channel sent: 2037
im-aes128-gcm-512
Bytes raw sent: 100048281
Bytes encrypted sent: 107642416
Time sent: 12.9
Bytes non channel sent: 2035
im-chacha-poly-512
Bytes raw sent: 100048145
Bytes encrypted sent: 106818016
Time sent: 12.9
Bytes non channel sent: 2037
im-aes128-gcm-1024
Bytes raw sent: 100048289
Bytes encrypted sent: 109416976
Time sent: 13.1
Bytes non channel sent: 2037
im-chacha-poly-1024
Bytes raw sent: 100048217
Bytes encrypted sent: 109024000
Time sent: 15.3
Bytes non channel sent: 2039
im-aes128-gcm-2048
Bytes raw sent: 100048297
Bytes encrypted sent: 114442104
Time sent: 19.5
Bytes non channel sent: 2037
im-chacha-poly-2048
Bytes raw sent: 100048217
Bytes encrypted sent: 114438808
Time sent: 13.8
Bytes non channel sent: 2039
im-aes128-gcm-4096
Bytes raw sent: 100048305
Bytes encrypted sent: 126898624
Time sent: 14.8
Bytes non channel sent: 2037
im-chacha-poly-4096
Bytes raw sent: 100048217
Bytes encrypted sent: 126547424
Time sent: 14.8
Bytes non channel sent: 2039
