aws-london
aws-us-west-oregon
UPLOAD
100MB
aes128-ctr+hmac-md5
Bytes raw sent: 100048265
Bytes encrypted sent: 101012080
Time sent: 25.4
Bytes non channel sent: 1611
aes128-ctr+hmac-md5-etm@openssh.com
Bytes raw sent: 100048217
Bytes encrypted sent: 102072248
Time sent: 31.0
Bytes non channel sent: 1643
aes128-ctr+umac-64-etm@openssh.com
Bytes raw sent: 100048289
Bytes encrypted sent: 100882212
Time sent: 24.6
Bytes non channel sent: 1641
aes128-ctr+hmac-sha1
Bytes raw sent: 100048289
Bytes encrypted sent: 101529528
Time sent: 23.5
Bytes non channel sent: 1613
3des-cbc+hmac-md5
Bytes raw sent: 100048121
Bytes encrypted sent: 101290920
Time sent: 24.9
Bytes non channel sent: 1607
aes256-ctr+hmac-sha2-512
Bytes raw sent: 100048281
Bytes encrypted sent: 101779744
Time sent: 22.3
Bytes non channel sent: 1621
aes128-cbc+hmac-sha1
Bytes raw sent: 100048217
Bytes encrypted sent: 100970392
Time sent: 24.1
Bytes non channel sent: 1613
aes128-ctr+hmac-ripemd160
Bytes raw sent: 100048185
Bytes encrypted sent: 101167104
Time sent: 26.8
Bytes non channel sent: 1623
chacha20-poly1305@openssh.com
Bytes raw sent: 100048121
Bytes encrypted sent: 100807432
Time sent: 22.6
Bytes non channel sent: 2059
aes128-gcm@openssh.com
Bytes raw sent: 100048281
Bytes encrypted sent: 101632424
Time sent: 12.9
Bytes non channel sent: 2045
im-aes128-gcm-128
Bytes raw sent: 100048281
Bytes encrypted sent: 115279936
Time sent: 20.1
Bytes non channel sent: 2035
im-chacha-poly-128
Bytes raw sent: 100048217
Bytes encrypted sent: 115515928
Time sent: 13.9
Bytes non channel sent: 2037
im-aes128-gcm-256
Bytes raw sent: 100048281
Bytes encrypted sent: 109156344
Time sent: 13.2
Bytes non channel sent: 2035
im-chacha-poly-256
Bytes raw sent: 100048145
Bytes encrypted sent: 108430800
Time sent: 13.1
Bytes non channel sent: 2037
im-aes128-gcm-512
Bytes raw sent: 100048281
Bytes encrypted sent: 107286184
Time sent: 12.9
Bytes non channel sent: 2035
im-chacha-poly-512
Bytes raw sent: 100048217
Bytes encrypted sent: 106822768
Time sent: 13.0
Bytes non channel sent: 2037
im-aes128-gcm-1024
Bytes raw sent: 100048289
Bytes encrypted sent: 109075776
Time sent: 17.9
Bytes non channel sent: 2037
im-chacha-poly-1024
Bytes raw sent: 100048217
Bytes encrypted sent: 108994024
Time sent: 22.0
Bytes non channel sent: 2039
im-aes128-gcm-2048
Bytes raw sent: 100048297
Bytes encrypted sent: 114334776
Time sent: 13.7
Bytes non channel sent: 2037
im-chacha-poly-2048
Bytes raw sent: 100048217
Bytes encrypted sent: 114431568
Time sent: 20.3
Bytes non channel sent: 2039
im-aes128-gcm-4096
Bytes raw sent: 100048265
Bytes encrypted sent: 129144992
Time sent: 19.8
Bytes non channel sent: 2037
im-chacha-poly-4096
Bytes raw sent: 100048153
Bytes encrypted sent: 130901408
Time sent: 29.4
Bytes non channel sent: 2039
