aws-london
aws-us-west-oregon
UPLOAD
100MB
aes128-ctr+hmac-md5
Bytes raw sent: 100048209
Bytes encrypted sent: 100782032
Time sent: 23.6
Bytes non channel sent: 1611
aes128-ctr+hmac-md5-etm@openssh.com
Bytes raw sent: 100048241
Bytes encrypted sent: 101496864
Time sent: 23.2
Bytes non channel sent: 1643
aes128-ctr+umac-64-etm@openssh.com
Bytes raw sent: 100048257
Bytes encrypted sent: 101120320
Time sent: 22.9
Bytes non channel sent: 1641
aes128-ctr+hmac-sha1
Bytes raw sent: 100048289
Bytes encrypted sent: 100970860
Time sent: 23.7
Bytes non channel sent: 1613
3des-cbc+hmac-md5
Bytes raw sent: 100048121
Bytes encrypted sent: 101126880
Time sent: 24.9
Bytes non channel sent: 1607
aes256-ctr+hmac-sha2-512
Bytes raw sent: 100048153
Bytes encrypted sent: 101269040
Time sent: 20.6
Bytes non channel sent: 1621
aes128-cbc+hmac-sha1
Bytes raw sent: 100048209
Bytes encrypted sent: 100773420
Time sent: 20.3
Bytes non channel sent: 1613
aes128-ctr+hmac-ripemd160
Bytes raw sent: 100048185
Bytes encrypted sent: 101414500
Time sent: 22.4
Bytes non channel sent: 1623
chacha20-poly1305@openssh.com
Bytes raw sent: 100048281
Bytes encrypted sent: 101346668
Time sent: 25.1
Bytes non channel sent: 2059
aes128-gcm@openssh.com
Bytes raw sent: 100048217
Bytes encrypted sent: 101234504
Time sent: 22.2
Bytes non channel sent: 2045
im-aes128-gcm-128
Bytes raw sent: 100048153
Bytes encrypted sent: 116288312
Time sent: 27.1
Bytes non channel sent: 2035
im-chacha-poly-128
Bytes raw sent: 100048217
Bytes encrypted sent: 115242920
Time sent: 28.1
Bytes non channel sent: 2037
im-aes128-gcm-256
Bytes raw sent: 100048217
Bytes encrypted sent: 109082216
Time sent: 25.2
Bytes non channel sent: 2035
im-chacha-poly-256
Bytes raw sent: 100048217
Bytes encrypted sent: 108853192
Time sent: 25.6
Bytes non channel sent: 2037
im-aes128-gcm-512
Bytes raw sent: 100048257
Bytes encrypted sent: 107425536
Time sent: 24.5
Bytes non channel sent: 2035
im-chacha-poly-512
Bytes raw sent: 100048129
Bytes encrypted sent: 107411552
Time sent: 25.2
Bytes non channel sent: 2037
im-aes128-gcm-1024
Bytes raw sent: 100048249
Bytes encrypted sent: 109691656
Time sent: 25.8
Bytes non channel sent: 2037
im-chacha-poly-1024
Bytes raw sent: 100048169
Bytes encrypted sent: 108844280
Time sent: 24.6
Bytes non channel sent: 2039
im-aes128-gcm-2048
Bytes raw sent: 100048289
Bytes encrypted sent: 114582960
Time sent: 24.4
Bytes non channel sent: 2037
im-chacha-poly-2048
Bytes raw sent: 100048129
Bytes encrypted sent: 114238272
Time sent: 24.7
Bytes non channel sent: 2039
im-aes128-gcm-4096
Bytes raw sent: 100048241
Bytes encrypted sent: 129836400
Time sent: 27.4
Bytes non channel sent: 2037
im-chacha-poly-4096
Bytes raw sent: 100048145
Bytes encrypted sent: 132357056
Time sent: 26.9
Bytes non channel sent: 2039
