aws-london
aws-us-west-oregon
UPLOAD
100MB
aes128-ctr+hmac-md5
Bytes raw sent: 100048225
Bytes encrypted sent: 103130512
Time sent: 27.1
Bytes non channel sent: 1611
aes128-ctr+hmac-md5-etm@openssh.com
Bytes raw sent: 100048145
Bytes encrypted sent: 101299644
Time sent: 26.5
Bytes non channel sent: 1643
aes128-ctr+umac-64-etm@openssh.com
Bytes raw sent: 100048161
Bytes encrypted sent: 102096196
Time sent: 25.3
Bytes non channel sent: 1641
aes128-ctr+hmac-sha1
Bytes raw sent: 100048153
Bytes encrypted sent: 100986412
Time sent: 26.3
Bytes non channel sent: 1613
3des-cbc+hmac-md5
Bytes raw sent: 100048153
Bytes encrypted sent: 100930192
Time sent: 29.6
Bytes non channel sent: 1607
aes256-ctr+hmac-sha2-512
Bytes raw sent: 100048265
Bytes encrypted sent: 102588304
Time sent: 26.0
Bytes non channel sent: 1621
aes128-cbc+hmac-sha1
Bytes raw sent: 100048209
Bytes encrypted sent: 101660028
Time sent: 28.7
Bytes non channel sent: 1613
aes128-ctr+hmac-ripemd160
Bytes raw sent: 100048001
Bytes encrypted sent: 102825476
Time sent: 25.9
Bytes non channel sent: 1623
chacha20-poly1305@openssh.com
Bytes raw sent: 100048161
Bytes encrypted sent: 101693320
Time sent: 29.9
Bytes non channel sent: 2059
aes128-gcm@openssh.com
Bytes raw sent: 100048249
Bytes encrypted sent: 102433704
Time sent: 25.6
Bytes non channel sent: 2045
im-aes128-gcm-128
Bytes raw sent: 100048281
Bytes encrypted sent: 116740376
Time sent: 31.2
Bytes non channel sent: 2035
im-chacha-poly-128
Bytes raw sent: 100047889
Bytes encrypted sent: 117012824
Time sent: 31.1
Bytes non channel sent: 2037
im-aes128-gcm-256
Bytes raw sent: 100048273
Bytes encrypted sent: 109071728
Time sent: 22.9
Bytes non channel sent: 2035
im-chacha-poly-256
Bytes raw sent: 100048209
Bytes encrypted sent: 108817832
Time sent: 24.2
Bytes non channel sent: 2037
im-aes128-gcm-512
Bytes raw sent: 100048249
Bytes encrypted sent: 107043832
Time sent: 22.7
Bytes non channel sent: 2035
im-chacha-poly-512
Bytes raw sent: 100048177
Bytes encrypted sent: 107208800
Time sent: 26.7
Bytes non channel sent: 2037
im-aes128-gcm-1024
Bytes raw sent: 100048281
Bytes encrypted sent: 110014056
Time sent: 22.7
Bytes non channel sent: 2037
im-chacha-poly-1024
Bytes raw sent: 100048137
Bytes encrypted sent: 108737160
Time sent: 25.2
Bytes non channel sent: 2039
im-aes128-gcm-2048
Bytes raw sent: 100048313
Bytes encrypted sent: 114070704
Time sent: 24.6
Bytes non channel sent: 2037
im-chacha-poly-2048
Bytes raw sent: 100048217
Bytes encrypted sent: 114401328
Time sent: 26.9
Bytes non channel sent: 2039
im-aes128-gcm-4096
Bytes raw sent: 100048289
Bytes encrypted sent: 131838944
Time sent: 26.0
Bytes non channel sent: 2037
im-chacha-poly-4096
Bytes raw sent: 100048217
Bytes encrypted sent: 133216464
Time sent: 28.2
Bytes non channel sent: 2039
