aws-london
aws-us-west-oregon
UPLOAD
100MB
aes128-ctr+hmac-md5
Bytes raw sent: 100048161
Bytes encrypted sent: 100978640
Time sent: 26.5
Bytes non channel sent: 1611
aes128-ctr+hmac-md5-etm@openssh.com
Bytes raw sent: 100048209
Bytes encrypted sent: 100971856
Time sent: 24.9
Bytes non channel sent: 1643
aes128-ctr+umac-64-etm@openssh.com
Bytes raw sent: 100048265
Bytes encrypted sent: 100825184
Time sent: 23.4
Bytes non channel sent: 1641
aes128-ctr+hmac-sha1
Bytes raw sent: 100048209
Bytes encrypted sent: 100789856
Time sent: 25.2
Bytes non channel sent: 1613
3des-cbc+hmac-md5
Bytes raw sent: 100048121
Bytes encrypted sent: 101126880
Time sent: 23.1
Bytes non channel sent: 1607
aes256-ctr+hmac-sha2-512
Bytes raw sent: 100048233
Bytes encrypted sent: 101434320
Time sent: 22.1
Bytes non channel sent: 1621
aes128-cbc+hmac-sha1
Bytes raw sent: 100048265
Bytes encrypted sent: 101546064
Time sent: 23.5
Bytes non channel sent: 1613
aes128-ctr+hmac-ripemd160
Bytes raw sent: 100048169
Bytes encrypted sent: 100805980
Time sent: 24.0
Bytes non channel sent: 1623
chacha20-poly1305@openssh.com
Bytes raw sent: 100048153
Bytes encrypted sent: 101037384
Time sent: 23.6
Bytes non channel sent: 2059
aes128-gcm@openssh.com
Bytes raw sent: 100048225
Bytes encrypted sent: 100873516
Time sent: 22.5
Bytes non channel sent: 2045
im-aes128-gcm-128
Bytes raw sent: 100048145
Bytes encrypted sent: 115391960
Time sent: 24.6
Bytes non channel sent: 2035
im-chacha-poly-128
Bytes raw sent: 100048217
Bytes encrypted sent: 115534704
Time sent: 25.6
Bytes non channel sent: 2037
im-aes128-gcm-256
Bytes raw sent: 100048177
Bytes encrypted sent: 108644200
Time sent: 26.5
Bytes non channel sent: 2035
im-chacha-poly-256
Bytes raw sent: 100048161
Bytes encrypted sent: 108623352
Time sent: 27.0
Bytes non channel sent: 2037
im-aes128-gcm-512
Bytes raw sent: 100048161
Bytes encrypted sent: 108585592
Time sent: 25.0
Bytes non channel sent: 2035
im-chacha-poly-512
Bytes raw sent: 100048193
Bytes encrypted sent: 107384096
Time sent: 27.1
Bytes non channel sent: 2037
im-aes128-gcm-1024
Bytes raw sent: 100048241
Bytes encrypted sent: 108753576
Time sent: 20.8
Bytes non channel sent: 2037
im-chacha-poly-1024
Bytes raw sent: 100048185
Bytes encrypted sent: 108365880
Time sent: 23.6
Bytes non channel sent: 2039
im-aes128-gcm-2048
Bytes raw sent: 100048185
Bytes encrypted sent: 114314640
Time sent: 25.9
Bytes non channel sent: 2037
im-chacha-poly-2048
Bytes raw sent: 100048153
Bytes encrypted sent: 114739824
Time sent: 25.8
Bytes non channel sent: 2039
im-aes128-gcm-4096
Bytes raw sent: 100048225
Bytes encrypted sent: 129667808
Time sent: 30.5
Bytes non channel sent: 2037
im-chacha-poly-4096
Bytes raw sent: 100048113
Bytes encrypted sent: 134450064
Time sent: 34.6
Bytes non channel sent: 2039
