aws-london
aws-us-west-oregon
UPLOAD
100MB
aes128-ctr+hmac-md5
Bytes raw sent: 100048281
Bytes encrypted sent: 101377520
Time sent: 12.3
Bytes non channel sent: 1611
aes128-ctr+hmac-md5-etm@openssh.com
Bytes raw sent: 100048281
Bytes encrypted sent: 101084244
Time sent: 15.8
Bytes non channel sent: 1643
aes128-ctr+umac-64-etm@openssh.com
Bytes raw sent: 100048289
Bytes encrypted sent: 101280656
Time sent: 12.3
Bytes non channel sent: 1641
aes128-ctr+hmac-sha1
Bytes raw sent: 100048289
Bytes encrypted sent: 101098840
Time sent: 23.3
Bytes non channel sent: 1613
3des-cbc+hmac-md5
Bytes raw sent: 100048097
Bytes encrypted sent: 101011952
Time sent: 26.8
Bytes non channel sent: 1607
aes256-ctr+hmac-sha2-512
Bytes raw sent: 100048233
Bytes encrypted sent: 101598464
Time sent: 26.3
Bytes non channel sent: 1621
aes128-cbc+hmac-sha1
Bytes raw sent: 100048145
Bytes encrypted sent: 101616320
Time sent: 25.5
Bytes non channel sent: 1613
aes128-ctr+hmac-ripemd160
Bytes raw sent: 100048225
Bytes encrypted sent: 101200184
Time sent: 25.4
Bytes non channel sent: 1623
chacha20-poly1305@openssh.com
Bytes raw sent: 100048185
Bytes encrypted sent: 100906132
Time sent: 25.8
Bytes non channel sent: 2059
aes128-gcm@openssh.com
Bytes raw sent: 100048233
Bytes encrypted sent: 101119636
Time sent: 23.9
Bytes non channel sent: 2045
im-aes128-gcm-128
Bytes raw sent: 100048217
Bytes encrypted sent: 115261640
Time sent: 28.6
Bytes non channel sent: 2035
im-chacha-poly-128
Bytes raw sent: 100047801
Bytes encrypted sent: 134643320
Time sent: 28.8
Bytes non channel sent: 2037
im-aes128-gcm-256
Bytes raw sent: 100048209
Bytes encrypted sent: 109965400
Time sent: 26.7
Bytes non channel sent: 2035
im-chacha-poly-256
Bytes raw sent: 100048177
Bytes encrypted sent: 109414600
Time sent: 26.9
Bytes non channel sent: 2037
im-aes128-gcm-512
Bytes raw sent: 100048153
Bytes encrypted sent: 107018720
Time sent: 21.1
Bytes non channel sent: 2035
im-chacha-poly-512
Bytes raw sent: 100048145
Bytes encrypted sent: 106836840
Time sent: 16.4
Bytes non channel sent: 2037
im-aes128-gcm-1024
Bytes raw sent: 100048281
Bytes encrypted sent: 108978056
Time sent: 13.1
Bytes non channel sent: 2037
im-chacha-poly-1024
Bytes raw sent: 100048217
Bytes encrypted sent: 108787672
Time sent: 13.1
Bytes non channel sent: 2039
im-aes128-gcm-2048
Bytes raw sent: 100048297
Bytes encrypted sent: 114489360
Time sent: 23.6
Bytes non channel sent: 2037
im-chacha-poly-2048
Bytes raw sent: 100048153
Bytes encrypted sent: 114733632
Time sent: 29.9
Bytes non channel sent: 2039
im-aes128-gcm-4096
Bytes raw sent: 100048305
Bytes encrypted sent: 132394064
Time sent: 29.8
Bytes non channel sent: 2037
im-chacha-poly-4096
Bytes raw sent: 100048169
Bytes encrypted sent: 127342312
Time sent: 31.7
Bytes non channel sent: 2039
