aws-london
aws-us-west-oregon
UPLOAD
100MB
aes128-ctr+hmac-md5
Bytes raw sent: 100048281
Bytes encrypted sent: 101586704
Time sent: 12.6
Bytes non channel sent: 1611
aes128-ctr+hmac-md5-etm@openssh.com
Bytes raw sent: 100048281
Bytes encrypted sent: 101530372
Time sent: 17.0
Bytes non channel sent: 1643
aes128-ctr+umac-64-etm@openssh.com
Bytes raw sent: 100048281
Bytes encrypted sent: 101202472
Time sent: 12.6
Bytes non channel sent: 1641
aes128-ctr+hmac-sha1
Bytes raw sent: 100048281
Bytes encrypted sent: 101532968
Time sent: 17.5
Bytes non channel sent: 1613
3des-cbc+hmac-md5
Bytes raw sent: 100048177
Bytes encrypted sent: 100974864
Time sent: 24.8
Bytes non channel sent: 1607
aes256-ctr+hmac-sha2-512
Bytes raw sent: 100048161
Bytes encrypted sent: 101282888
Time sent: 24.6
Bytes non channel sent: 1621
aes128-cbc+hmac-sha1
Bytes raw sent: 100048225
Bytes encrypted sent: 101068904
Time sent: 23.0
Bytes non channel sent: 1613
aes128-ctr+hmac-ripemd160
Bytes raw sent: 100048177
Bytes encrypted sent: 100773212
Time sent: 23.7
Bytes non channel sent: 1623
chacha20-poly1305@openssh.com
Bytes raw sent: 100048233
Bytes encrypted sent: 100873544
Time sent: 22.5
Bytes non channel sent: 2059
aes128-gcm@openssh.com
Bytes raw sent: 100048225
Bytes encrypted sent: 100906320
Time sent: 24.5
Bytes non channel sent: 2045
im-aes128-gcm-128
Bytes raw sent: 100048193
Bytes encrypted sent: 115523576
Time sent: 27.9
Bytes non channel sent: 2035
im-chacha-poly-128
Bytes raw sent: 100048201
Bytes encrypted sent: 117037592
Time sent: 28.9
Bytes non channel sent: 2037
im-aes128-gcm-256
Bytes raw sent: 100048225
Bytes encrypted sent: 110112128
Time sent: 26.2
Bytes non channel sent: 2035
im-chacha-poly-256
Bytes raw sent: 100048153
Bytes encrypted sent: 108815928
Time sent: 23.7
Bytes non channel sent: 2037
im-aes128-gcm-512
Bytes raw sent: 100048161
Bytes encrypted sent: 106919184
Time sent: 24.2
Bytes non channel sent: 2035
im-chacha-poly-512
Bytes raw sent: 100048105
Bytes encrypted sent: 107031432
Time sent: 17.9
Bytes non channel sent: 2037
im-aes128-gcm-1024
Bytes raw sent: 100048281
Bytes encrypted sent: 108829296
Time sent: 18.1
Bytes non channel sent: 2037
im-chacha-poly-1024
Bytes raw sent: 100048161
Bytes encrypted sent: 108433280
Time sent: 13.2
Bytes non channel sent: 2039
im-aes128-gcm-2048
Bytes raw sent: 100048289
Bytes encrypted sent: 114453040
Time sent: 13.6
Bytes non channel sent: 2037
im-chacha-poly-2048
Bytes raw sent: 100048137
Bytes encrypted sent: 113844064
Time sent: 13.7
Bytes non channel sent: 2039
im-aes128-gcm-4096
Bytes raw sent: 100048305
Bytes encrypted sent: 129149104
Time sent: 20.4
Bytes non channel sent: 2037
im-chacha-poly-4096
Bytes raw sent: 100048169
Bytes encrypted sent: 127786872
Time sent: 20.1
Bytes non channel sent: 2039
