aws-london
aws-us-west-oregon
UPLOAD
100MB
aes128-ctr+hmac-md5
Bytes raw sent: 100048185
Bytes encrypted sent: 101143152
Time sent: 25.9
Bytes non channel sent: 1611
aes128-ctr+hmac-md5-etm@openssh.com
Bytes raw sent: 100048297
Bytes encrypted sent: 101448380
Time sent: 25.9
Bytes non channel sent: 1643
aes128-ctr+umac-64-etm@openssh.com
Bytes raw sent: 100048233
Bytes encrypted sent: 101612260
Time sent: 23.4
Bytes non channel sent: 1641
aes128-ctr+hmac-sha1
Bytes raw sent: 100048225
Bytes encrypted sent: 101085596
Time sent: 25.9
Bytes non channel sent: 1613
3des-cbc+hmac-md5
Bytes raw sent: 100048161
Bytes encrypted sent: 100930232
Time sent: 27.0
Bytes non channel sent: 1607
aes256-ctr+hmac-sha2-512
Bytes raw sent: 100048249
Bytes encrypted sent: 101171888
Time sent: 23.9
Bytes non channel sent: 1621
aes128-cbc+hmac-sha1
Bytes raw sent: 100048225
Bytes encrypted sent: 100918600
Time sent: 23.0
Bytes non channel sent: 1613
aes128-ctr+hmac-ripemd160
Bytes raw sent: 100048289
Bytes encrypted sent: 101529060
Time sent: 23.3
Bytes non channel sent: 1623
chacha20-poly1305@openssh.com
Bytes raw sent: 100048145
Bytes encrypted sent: 100927292
Time sent: 24.6
Bytes non channel sent: 2059
aes128-gcm@openssh.com
Bytes raw sent: 100048241
Bytes encrypted sent: 100972000
Time sent: 23.4
Bytes non channel sent: 2045
im-aes128-gcm-128
Bytes raw sent: 100048241
Bytes encrypted sent: 116067464
Time sent: 26.6
Bytes non channel sent: 2035
im-chacha-poly-128
Bytes raw sent: 100048249
Bytes encrypted sent: 115467272
Time sent: 26.7
Bytes non channel sent: 2037
im-aes128-gcm-256
Bytes raw sent: 100048257
Bytes encrypted sent: 108611832
Time sent: 24.7
Bytes non channel sent: 2035
im-chacha-poly-256
Bytes raw sent: 100048217
Bytes encrypted sent: 108923368
Time sent: 26.3
Bytes non channel sent: 2037
im-aes128-gcm-512
Bytes raw sent: 100048185
Bytes encrypted sent: 107242632
Time sent: 27.2
Bytes non channel sent: 2035
im-chacha-poly-512
Bytes raw sent: 100048113
Bytes encrypted sent: 107671856
Time sent: 23.9
Bytes non channel sent: 2037
im-aes128-gcm-1024
Bytes raw sent: 100048177
Bytes encrypted sent: 108661016
Time sent: 26.4
Bytes non channel sent: 2037
im-chacha-poly-1024
Bytes raw sent: 100048185
Bytes encrypted sent: 108743400
Time sent: 24.8
Bytes non channel sent: 2039
im-aes128-gcm-2048
Bytes raw sent: 100048297
Bytes encrypted sent: 114106176
Time sent: 24.3
Bytes non channel sent: 2037
im-chacha-poly-2048
Bytes raw sent: 100048201
Bytes encrypted sent: 114120336
Time sent: 26.5
Bytes non channel sent: 2039
im-aes128-gcm-4096
Bytes raw sent: 100048145
Bytes encrypted sent: 128697376
Time sent: 26.2
Bytes non channel sent: 2037
im-chacha-poly-4096
Bytes raw sent: 100048241
Bytes encrypted sent: 131234480
Time sent: 28.9
Bytes non channel sent: 2039
