aws-london
aws-us-west-oregon
UPLOAD
100MB
aes128-ctr+hmac-md5
Bytes raw sent: 100048257
Bytes encrypted sent: 101947936
Time sent: 27.5
Bytes non channel sent: 1611
aes128-ctr+hmac-md5-etm@openssh.com
Bytes raw sent: 100048145
Bytes encrypted sent: 102038724
Time sent: 27.3
Bytes non channel sent: 1643
aes128-ctr+umac-64-etm@openssh.com
Bytes raw sent: 100048185
Bytes encrypted sent: 100824904
Time sent: 27.5
Bytes non channel sent: 1641
aes128-ctr+hmac-sha1
Bytes raw sent: 100048161
Bytes encrypted sent: 101068644
Time sent: 27.0
Bytes non channel sent: 1613
3des-cbc+hmac-md5
Bytes raw sent: 100048025
Bytes encrypted sent: 102276200
Time sent: 26.7
Bytes non channel sent: 1607
aes256-ctr+hmac-sha2-512
Bytes raw sent: 100048137
Bytes encrypted sent: 101779632
Time sent: 27.4
Bytes non channel sent: 1621
aes128-cbc+hmac-sha1
Bytes raw sent: 100048145
Bytes encrypted sent: 100969924
Time sent: 28.8
Bytes non channel sent: 1613
aes128-ctr+hmac-ripemd160
Bytes raw sent: 100048097
Bytes encrypted sent: 102563592
Time sent: 27.0
Bytes non channel sent: 1623
chacha20-poly1305@openssh.com
Bytes raw sent: 100048129
Bytes encrypted sent: 100971668
Time sent: 26.4
Bytes non channel sent: 2059
aes128-gcm@openssh.com
Bytes raw sent: 100048225
Bytes encrypted sent: 100873516
Time sent: 25.9
Bytes non channel sent: 2045
im-aes128-gcm-128
Bytes raw sent: 100048193
Bytes encrypted sent: 115655192
Time sent: 32.1
Bytes non channel sent: 2035
im-chacha-poly-128
Bytes raw sent: 100047985
Bytes encrypted sent: 116864360
Time sent: 30.2
Bytes non channel sent: 2037
im-aes128-gcm-256
Bytes raw sent: 100048121
Bytes encrypted sent: 109870504
Time sent: 28.6
Bytes non channel sent: 2035
im-chacha-poly-256
Bytes raw sent: 100048089
Bytes encrypted sent: 110366328
Time sent: 25.2
Bytes non channel sent: 2037
im-aes128-gcm-512
Bytes raw sent: 100048257
Bytes encrypted sent: 107704848
Time sent: 28.5
Bytes non channel sent: 2035
im-chacha-poly-512
Bytes raw sent: 100048081
Bytes encrypted sent: 107794880
Time sent: 29.5
Bytes non channel sent: 2037
im-aes128-gcm-1024
Bytes raw sent: 100048153
Bytes encrypted sent: 111307816
Time sent: 29.5
Bytes non channel sent: 2037
im-chacha-poly-1024
Bytes raw sent: 100048105
Bytes encrypted sent: 110247240
Time sent: 28.5
Bytes non channel sent: 2039
im-aes128-gcm-2048
Bytes raw sent: 100048233
Bytes encrypted sent: 115382176
Time sent: 28.7
Bytes non channel sent: 2037
im-chacha-poly-2048
Bytes raw sent: 100048145
Bytes encrypted sent: 114341472
Time sent: 30.0
Bytes non channel sent: 2039
im-aes128-gcm-4096
Bytes raw sent: 100048225
Bytes encrypted sent: 133446736
Time sent: 33.2
Bytes non channel sent: 2037
im-chacha-poly-4096
Bytes raw sent: 100047873
Bytes encrypted sent: 132895728
Time sent: 30.8
Bytes non channel sent: 2039
