aws-london
aws-us-west-oregon
UPLOAD
100MB
aes128-ctr+hmac-md5
Bytes raw sent: 100048265
Bytes encrypted sent: 101356896
Time sent: 12.4
Bytes non channel sent: 1611
aes128-ctr+hmac-md5-etm@openssh.com
Bytes raw sent: 100048281
Bytes encrypted sent: 101382376
Time sent: 12.3
Bytes non channel sent: 1643
aes128-ctr+umac-64-etm@openssh.com
Bytes raw sent: 100048281
Bytes encrypted sent: 101333656
Time sent: 17.3
Bytes non channel sent: 1641
aes128-ctr+hmac-sha1
Bytes raw sent: 100048281
Bytes encrypted sent: 101482696
Time sent: 12.7
Bytes non channel sent: 1613
3des-cbc+hmac-md5
Bytes raw sent: 100048137
Bytes encrypted sent: 101206264
Time sent: 12.3
Bytes non channel sent: 1607
aes256-ctr+hmac-sha2-512
Bytes raw sent: 100048209
Bytes encrypted sent: 101250160
Time sent: 19.4
Bytes non channel sent: 1621
aes128-cbc+hmac-sha1
Bytes raw sent: 100048241
Bytes encrypted sent: 101101828
Time sent: 21.7
Bytes non channel sent: 1613
aes128-ctr+hmac-ripemd160
Bytes raw sent: 100048145
Bytes encrypted sent: 101089900
Time sent: 20.8
Bytes non channel sent: 1623
chacha20-poly1305@openssh.com
Bytes raw sent: 100048185
Bytes encrypted sent: 100906132
Time sent: 24.0
Bytes non channel sent: 2059
aes128-gcm@openssh.com
Bytes raw sent: 100048241
Bytes encrypted sent: 101300040
Time sent: 21.5
Bytes non channel sent: 2045
im-aes128-gcm-128
Bytes raw sent: 100048281
Bytes encrypted sent: 115916936
Time sent: 21.5
Bytes non channel sent: 2035
im-chacha-poly-128
Bytes raw sent: 100048145
Bytes encrypted sent: 115278920
Time sent: 24.5
Bytes non channel sent: 2037
im-aes128-gcm-256
Bytes raw sent: 100048281
Bytes encrypted sent: 109350312
Time sent: 22.3
Bytes non channel sent: 2035
im-chacha-poly-256
Bytes raw sent: 100048153
Bytes encrypted sent: 108641600
Time sent: 26.3
Bytes non channel sent: 2037
im-aes128-gcm-512
Bytes raw sent: 100048281
Bytes encrypted sent: 107646808
Time sent: 13.5
Bytes non channel sent: 2035
im-chacha-poly-512
Bytes raw sent: 100048217
Bytes encrypted sent: 107450664
Time sent: 27.0
Bytes non channel sent: 2037
im-aes128-gcm-1024
Bytes raw sent: 100048297
Bytes encrypted sent: 109030360
Time sent: 27.1
Bytes non channel sent: 2037
im-chacha-poly-1024
Bytes raw sent: 100048177
Bytes encrypted sent: 108451160
Time sent: 25.3
Bytes non channel sent: 2039
im-aes128-gcm-2048
Bytes raw sent: 100048265
Bytes encrypted sent: 114793488
Time sent: 25.2
Bytes non channel sent: 2037
im-chacha-poly-2048
Bytes raw sent: 100048129
Bytes encrypted sent: 114062832
Time sent: 25.5
Bytes non channel sent: 2039
im-aes128-gcm-4096
Bytes raw sent: 100048241
Bytes encrypted sent: 132755920
Time sent: 24.5
Bytes non channel sent: 2037
im-chacha-poly-4096
Bytes raw sent: 100048241
Bytes encrypted sent: 131974640
Time sent: 28.3
Bytes non channel sent: 2039
