aws-london
aws-us-west-oregon
UPLOAD
100MB
aes128-ctr+hmac-md5
Bytes raw sent: 100048281
Bytes encrypted sent: 101452544
Time sent: 15.1
Bytes non channel sent: 1611
aes128-ctr+hmac-md5-etm@openssh.com
Bytes raw sent: 100048281
Bytes encrypted sent: 101346676
Time sent: 12.4
Bytes non channel sent: 1643
aes128-ctr+umac-64-etm@openssh.com
Bytes raw sent: 100048281
Bytes encrypted sent: 102527828
Time sent: 16.4
Bytes non channel sent: 1641
aes128-ctr+hmac-sha1
Bytes raw sent: 100048281
Bytes encrypted sent: 101775180
Time sent: 12.5
Bytes non channel sent: 1613
3des-cbc+hmac-md5
Bytes raw sent: 100048057
Bytes encrypted sent: 101612656
Time sent: 12.3
Bytes non channel sent: 1607
aes256-ctr+hmac-sha2-512
Bytes raw sent: 100048281
Bytes encrypted sent: 101448648
Time sent: 12.4
Bytes non channel sent: 1621
aes128-cbc+hmac-sha1
Bytes raw sent: 100048281
Bytes encrypted sent: 101455464
Time sent: 19.1
Bytes non channel sent: 1613
aes128-ctr+hmac-ripemd160
Bytes raw sent: 100048185
Bytes encrypted sent: 101249436
Time sent: 13.3
Bytes non channel sent: 1623
chacha20-poly1305@openssh.com
Bytes raw sent: 100048281
Bytes encrypted sent: 101289356
Time sent: 17.9
Bytes non channel sent: 2059
aes128-gcm@openssh.com
Bytes raw sent: 100048281
Bytes encrypted sent: 101549292
Time sent: 13.1
Bytes non channel sent: 2045
im-aes128-gcm-128
Bytes raw sent: 100048289
Bytes encrypted sent: 115075360
Time sent: 18.3
Bytes non channel sent: 2035
im-chacha-poly-128
Bytes raw sent: 100048121
Bytes encrypted sent: 115090912
Time sent: 19.0
Bytes non channel sent: 2037
im-aes128-gcm-256
Bytes raw sent: 100048281
Bytes encrypted sent: 109176232
Time sent: 17.0
Bytes non channel sent: 2035
im-chacha-poly-256
Bytes raw sent: 100048137
Bytes encrypted sent: 108465616
Time sent: 13.1
Bytes non channel sent: 2037
im-aes128-gcm-512
Bytes raw sent: 100048281
Bytes encrypted sent: 107479552
Time sent: 13.0
Bytes non channel sent: 2035
im-chacha-poly-512
Bytes raw sent: 100048217
Bytes encrypted sent: 107484984
Time sent: 20.1
Bytes non channel sent: 2037
im-aes128-gcm-1024
Bytes raw sent: 100048281
Bytes encrypted sent: 108989640
Time sent: 21.8
Bytes non channel sent: 2037
im-chacha-poly-1024
Bytes raw sent: 100048129
Bytes encrypted sent: 108463440
Time sent: 12.5
Bytes non channel sent: 2039
im-aes128-gcm-2048
Bytes raw sent: 100048289
Bytes encrypted sent: 114375960
Time sent: 13.8
Bytes non channel sent: 2037
im-chacha-poly-2048
Bytes raw sent: 100048129
Bytes encrypted sent: 113921976
Time sent: 15.6
Bytes non channel sent: 2039
im-aes128-gcm-4096
Bytes raw sent: 100048297
Bytes encrypted sent: 127368608
Time sent: 15.9
Bytes non channel sent: 2037
im-chacha-poly-4096
Bytes raw sent: 100048225
Bytes encrypted sent: 126613216
Time sent: 14.9
Bytes non channel sent: 2039
