aws-london
aws-us-west-oregon
UPLOAD
100MB
aes128-ctr+hmac-md5
Bytes raw sent: 100048193
Bytes encrypted sent: 101134704
Time sent: 25.7
Bytes non channel sent: 1611
aes128-ctr+hmac-md5-etm@openssh.com
Bytes raw sent: 100048169
Bytes encrypted sent: 100774852
Time sent: 23.7
Bytes non channel sent: 1643
aes128-ctr+umac-64-etm@openssh.com
Bytes raw sent: 100048145
Bytes encrypted sent: 101070776
Time sent: 25.6
Bytes non channel sent: 1641
aes128-ctr+hmac-sha1
Bytes raw sent: 100048209
Bytes encrypted sent: 100970340
Time sent: 18.8
Bytes non channel sent: 1613
3des-cbc+hmac-md5
Bytes raw sent: 100048185
Bytes encrypted sent: 101275016
Time sent: 12.5
Bytes non channel sent: 1607
aes256-ctr+hmac-sha2-512
Bytes raw sent: 100048281
Bytes encrypted sent: 101844176
Time sent: 12.4
Bytes non channel sent: 1621
aes128-cbc+hmac-sha1
Bytes raw sent: 100048249
Bytes encrypted sent: 101482488
Time sent: 12.3
Bytes non channel sent: 1613
aes128-ctr+hmac-ripemd160
Bytes raw sent: 100048273
Bytes encrypted sent: 101255472
Time sent: 20.1
Bytes non channel sent: 1623
chacha20-poly1305@openssh.com
Bytes raw sent: 100048153
Bytes encrypted sent: 101346092
Time sent: 13.4
Bytes non channel sent: 2059
aes128-gcm@openssh.com
Bytes raw sent: 100048281
Bytes encrypted sent: 101448632
Time sent: 14.2
Bytes non channel sent: 2045
im-aes128-gcm-128
Bytes raw sent: 100048281
Bytes encrypted sent: 115303336
Time sent: 13.8
Bytes non channel sent: 2035
im-chacha-poly-128
Bytes raw sent: 100048089
Bytes encrypted sent: 114866560
Time sent: 13.8
Bytes non channel sent: 2037
im-aes128-gcm-256
Bytes raw sent: 100048281
Bytes encrypted sent: 108733808
Time sent: 13.1
Bytes non channel sent: 2035
im-chacha-poly-256
Bytes raw sent: 100048217
Bytes encrypted sent: 109072072
Time sent: 13.1
Bytes non channel sent: 2037
im-aes128-gcm-512
Bytes raw sent: 100048281
Bytes encrypted sent: 107586856
Time sent: 12.9
Bytes non channel sent: 2035
im-chacha-poly-512
Bytes raw sent: 100048217
Bytes encrypted sent: 107455008
Time sent: 12.9
Bytes non channel sent: 2037
im-aes128-gcm-1024
Bytes raw sent: 100048289
Bytes encrypted sent: 108938680
Time sent: 13.1
Bytes non channel sent: 2037
im-chacha-poly-1024
Bytes raw sent: 100048257
Bytes encrypted sent: 108793304
Time sent: 13.1
Bytes non channel sent: 2039
im-aes128-gcm-2048
Bytes raw sent: 100048281
Bytes encrypted sent: 114361392
Time sent: 13.5
Bytes non channel sent: 2037
im-chacha-poly-2048
Bytes raw sent: 100048241
Bytes encrypted sent: 114167192
Time sent: 13.6
Bytes non channel sent: 2039
im-aes128-gcm-4096
Bytes raw sent: 100048265
Bytes encrypted sent: 127017640
Time sent: 15.6
Bytes non channel sent: 2037
im-chacha-poly-4096
Bytes raw sent: 100048177
Bytes encrypted sent: 125938848
Time sent: 18.2
Bytes non channel sent: 2039
