aws-london
aws-us-west-oregon
UPLOAD
100MB
aes128-ctr+hmac-md5
Bytes raw sent: 100048257
Bytes encrypted sent: 101340768
Time sent: 23.9
Bytes non channel sent: 1611
aes128-ctr+hmac-md5-etm@openssh.com
Bytes raw sent: 100048241
Bytes encrypted sent: 100899764
Time sent: 21.3
Bytes non channel sent: 1643
aes128-ctr+umac-64-etm@openssh.com
Bytes raw sent: 100048265
Bytes encrypted sent: 100851264
Time sent: 24.7
Bytes non channel sent: 1641
aes128-ctr+hmac-sha1
Bytes raw sent: 100048145
Bytes encrypted sent: 100822260
Time sent: 22.8
Bytes non channel sent: 1613
3des-cbc+hmac-md5
Bytes raw sent: 100048153
Bytes encrypted sent: 101127040
Time sent: 25.6
Bytes non channel sent: 1607
aes256-ctr+hmac-sha2-512
Bytes raw sent: 100048273
Bytes encrypted sent: 101944528
Time sent: 23.9
Bytes non channel sent: 1621
aes128-cbc+hmac-sha1
Bytes raw sent: 100048225
Bytes encrypted sent: 101414760
Time sent: 23.0
Bytes non channel sent: 1613
aes128-ctr+hmac-ripemd160
Bytes raw sent: 100048201
Bytes encrypted sent: 100970288
Time sent: 25.1
Bytes non channel sent: 1623
chacha20-poly1305@openssh.com
Bytes raw sent: 100048273
Bytes encrypted sent: 101513456
Time sent: 23.2
Bytes non channel sent: 2059
aes128-gcm@openssh.com
Bytes raw sent: 100048209
Bytes encrypted sent: 100676620
Time sent: 28.0
Bytes non channel sent: 2045
im-aes128-gcm-128
Bytes raw sent: 100048129
Bytes encrypted sent: 117221480
Time sent: 27.1
Bytes non channel sent: 2035
im-chacha-poly-128
Bytes raw sent: 100048185
Bytes encrypted sent: 116710584
Time sent: 24.0
Bytes non channel sent: 2037
im-aes128-gcm-256
Bytes raw sent: 100048281
Bytes encrypted sent: 108961744
Time sent: 16.5
Bytes non channel sent: 2035
im-chacha-poly-256
Bytes raw sent: 100048217
Bytes encrypted sent: 109057592
Time sent: 13.0
Bytes non channel sent: 2037
im-aes128-gcm-512
Bytes raw sent: 100048249
Bytes encrypted sent: 107504608
Time sent: 25.9
Bytes non channel sent: 2035
im-chacha-poly-512
Bytes raw sent: 100048193
Bytes encrypted sent: 107038256
Time sent: 23.6
Bytes non channel sent: 2037
im-aes128-gcm-1024
Bytes raw sent: 100048297
Bytes encrypted sent: 109133440
Time sent: 25.0
Bytes non channel sent: 2037
im-chacha-poly-1024
Bytes raw sent: 100048129
Bytes encrypted sent: 108873400
Time sent: 28.4
Bytes non channel sent: 2039
im-aes128-gcm-2048
Bytes raw sent: 100048241
Bytes encrypted sent: 115165008
Time sent: 24.1
Bytes non channel sent: 2037
im-chacha-poly-2048
Bytes raw sent: 100048185
Bytes encrypted sent: 114388560
Time sent: 25.8
Bytes non channel sent: 2039
im-aes128-gcm-4096
Bytes raw sent: 100048265
Bytes encrypted sent: 129421088
Time sent: 26.2
Bytes non channel sent: 2037
im-chacha-poly-4096
Bytes raw sent: 100048201
Bytes encrypted sent: 130819168
Time sent: 29.2
Bytes non channel sent: 2039
