aws-london
aws-us-west-oregon
UPLOAD
100MB
aes128-ctr+hmac-md5
Bytes raw sent: 100048233
Bytes encrypted sent: 101755984
Time sent: 28.4
Bytes non channel sent: 1611
aes128-ctr+hmac-md5-etm@openssh.com
Bytes raw sent: 100048145
Bytes encrypted sent: 101677700
Time sent: 28.1
Bytes non channel sent: 1643
aes128-ctr+umac-64-etm@openssh.com
Bytes raw sent: 100048185
Bytes encrypted sent: 102236504
Time sent: 28.3
Bytes non channel sent: 1641
aes128-ctr+hmac-sha1
Bytes raw sent: 100048137
Bytes encrypted sent: 101154628
Time sent: 27.7
Bytes non channel sent: 1613
3des-cbc+hmac-md5
Bytes raw sent: 100048121
Bytes encrypted sent: 101126880
Time sent: 27.2
Bytes non channel sent: 1607
aes256-ctr+hmac-sha2-512
Bytes raw sent: 100048217
Bytes encrypted sent: 102686992
Time sent: 25.2
Bytes non channel sent: 1621
aes128-cbc+hmac-sha1
Bytes raw sent: 100048273
Bytes encrypted sent: 101497076
Time sent: 27.1
Bytes non channel sent: 1613
aes128-ctr+hmac-ripemd160
Bytes raw sent: 100048161
Bytes encrypted sent: 101183852
Time sent: 30.0
Bytes non channel sent: 1623
chacha20-poly1305@openssh.com
Bytes raw sent: 100048153
Bytes encrypted sent: 103663720
Time sent: 28.6
Bytes non channel sent: 2059
aes128-gcm@openssh.com
Bytes raw sent: 100048257
Bytes encrypted sent: 100988800
Time sent: 26.7
Bytes non channel sent: 2045
im-aes128-gcm-128
Bytes raw sent: 100047905
Bytes encrypted sent: 117407424
Time sent: 30.0
Bytes non channel sent: 2035
im-chacha-poly-128
Bytes raw sent: 100048121
Bytes encrypted sent: 115633448
Time sent: 29.4
Bytes non channel sent: 2037
im-aes128-gcm-256
Bytes raw sent: 100048217
Bytes encrypted sent: 108908856
Time sent: 29.8
Bytes non channel sent: 2035
im-chacha-poly-256
Bytes raw sent: 100048177
Bytes encrypted sent: 109874280
Time sent: 29.9
Bytes non channel sent: 2037
im-aes128-gcm-512
Bytes raw sent: 100048161
Bytes encrypted sent: 108329704
Time sent: 27.4
Bytes non channel sent: 2035
im-chacha-poly-512
Bytes raw sent: 100048105
Bytes encrypted sent: 108159200
Time sent: 30.1
Bytes non channel sent: 2037
im-aes128-gcm-1024
Bytes raw sent: 100048185
Bytes encrypted sent: 110167200
Time sent: 30.5
Bytes non channel sent: 2037
im-chacha-poly-1024
Bytes raw sent: 100048177
Bytes encrypted sent: 109806280
Time sent: 26.9
Bytes non channel sent: 2039
im-aes128-gcm-2048
Bytes raw sent: 100048289
Bytes encrypted sent: 114426096
Time sent: 30.2
Bytes non channel sent: 2037
im-chacha-poly-2048
Bytes raw sent: 100048121
Bytes encrypted sent: 114694416
Time sent: 26.3
Bytes non channel sent: 2039
im-aes128-gcm-4096
Bytes raw sent: 100048161
Bytes encrypted sent: 127891424
Time sent: 32.3
Bytes non channel sent: 2037
im-chacha-poly-4096
Bytes raw sent: 100048185
Bytes encrypted sent: 132328272
Time sent: 33.2
Bytes non channel sent: 2039
