aws-london
aws-us-west-oregon
UPLOAD
100MB
aes128-ctr+hmac-md5
Bytes raw sent: 100048217
Bytes encrypted sent: 101093856
Time sent: 23.9
Bytes non channel sent: 1611
aes128-ctr+hmac-md5-etm@openssh.com
Bytes raw sent: 100048209
Bytes encrypted sent: 100676620
Time sent: 25.6
Bytes non channel sent: 1643
aes128-ctr+umac-64-etm@openssh.com
Bytes raw sent: 100048313
Bytes encrypted sent: 101317684
Time sent: 23.2
Bytes non channel sent: 1641
aes128-ctr+hmac-sha1
Bytes raw sent: 100048289
Bytes encrypted sent: 101217088
Time sent: 20.1
Bytes non channel sent: 1613
3des-cbc+hmac-md5
Bytes raw sent: 100048153
Bytes encrypted sent: 100930192
Time sent: 25.8
Bytes non channel sent: 1607
aes256-ctr+hmac-sha2-512
Bytes raw sent: 100048153
Bytes encrypted sent: 101269040
Time sent: 22.7
Bytes non channel sent: 1621
aes128-cbc+hmac-sha1
Bytes raw sent: 100048201
Bytes encrypted sent: 101167208
Time sent: 25.8
Bytes non channel sent: 1613
aes128-ctr+hmac-ripemd160
Bytes raw sent: 100048225
Bytes encrypted sent: 101282260
Time sent: 22.4
Bytes non channel sent: 1623
chacha20-poly1305@openssh.com
Bytes raw sent: 100048201
Bytes encrypted sent: 100939008
Time sent: 26.7
Bytes non channel sent: 2059
aes128-gcm@openssh.com
Bytes raw sent: 100048233
Bytes encrypted sent: 104632112
Time sent: 24.1
Bytes non channel sent: 2045
im-aes128-gcm-128
Bytes raw sent: 100048129
Bytes encrypted sent: 116213048
Time sent: 31.6
Bytes non channel sent: 2035
im-chacha-poly-128
Bytes raw sent: 100048001
Bytes encrypted sent: 116641160
Time sent: 31.6
Bytes non channel sent: 2037
im-aes128-gcm-256
Bytes raw sent: 100048137
Bytes encrypted sent: 111395480
Time sent: 27.1
Bytes non channel sent: 2035
im-chacha-poly-256
Bytes raw sent: 100048185
Bytes encrypted sent: 108431320
Time sent: 25.7
Bytes non channel sent: 2037
im-aes128-gcm-512
Bytes raw sent: 100048281
Bytes encrypted sent: 107529064
Time sent: 24.6
Bytes non channel sent: 2035
im-chacha-poly-512
Bytes raw sent: 100048137
Bytes encrypted sent: 107866688
Time sent: 40.1
Bytes non channel sent: 2037
im-aes128-gcm-1024
Bytes raw sent: 100048137
Bytes encrypted sent: 109992216
Time sent: 29.9
Bytes non channel sent: 2037
im-chacha-poly-1024
Bytes raw sent: 100048153
Bytes encrypted sent: 110257440
Time sent: 28.0
Bytes non channel sent: 2039
im-aes128-gcm-2048
Bytes raw sent: 100048297
Bytes encrypted sent: 114508656
Time sent: 29.5
Bytes non channel sent: 2037
im-chacha-poly-2048
Bytes raw sent: 100048145
Bytes encrypted sent: 114141264
Time sent: 29.2
Bytes non channel sent: 2039
im-aes128-gcm-4096
Bytes raw sent: 100048121
Bytes encrypted sent: 129174368
Time sent: 31.7
Bytes non channel sent: 2037
im-chacha-poly-4096
Bytes raw sent: 100048113
Bytes encrypted sent: 134343152
Time sent: 36.2
Bytes non channel sent: 2039
