aws-london
aws-us-west-oregon
UPLOAD
100MB
aes128-ctr+hmac-md5
Bytes raw sent: 100048281
Bytes encrypted sent: 101195808
Time sent: 13.0
Bytes non channel sent: 1611
aes128-ctr+hmac-md5-etm@openssh.com
Bytes raw sent: 100048281
Bytes encrypted sent: 101202008
Time sent: 12.5
Bytes non channel sent: 1643
aes128-ctr+umac-64-etm@openssh.com
Bytes raw sent: 100048305
Bytes encrypted sent: 101676268
Time sent: 15.9
Bytes non channel sent: 1641
aes128-ctr+hmac-sha1
Bytes raw sent: 100048281
Bytes encrypted sent: 101351212
Time sent: 13.1
Bytes non channel sent: 1613
3des-cbc+hmac-md5
Bytes raw sent: 100048137
Bytes encrypted sent: 101153184
Time sent: 12.5
Bytes non channel sent: 1607
aes256-ctr+hmac-sha2-512
Bytes raw sent: 100048281
Bytes encrypted sent: 102102784
Time sent: 11.8
Bytes non channel sent: 1621
aes128-cbc+hmac-sha1
Bytes raw sent: 100048249
Bytes encrypted sent: 101389616
Time sent: 13.5
Bytes non channel sent: 1613
aes128-ctr+hmac-ripemd160
Bytes raw sent: 100048185
Bytes encrypted sent: 101544816
Time sent: 15.4
Bytes non channel sent: 1623
chacha20-poly1305@openssh.com
Bytes raw sent: 100048265
Bytes encrypted sent: 101054256
Time sent: 12.4
Bytes non channel sent: 2059
aes128-gcm@openssh.com
Bytes raw sent: 100048281
Bytes encrypted sent: 101614900
Time sent: 12.3
Bytes non channel sent: 2045
im-aes128-gcm-128
Bytes raw sent: 100048249
Bytes encrypted sent: 114957064
Time sent: 19.9
Bytes non channel sent: 2035
im-chacha-poly-128
Bytes raw sent: 100048217
Bytes encrypted sent: 115507240
Time sent: 21.0
Bytes non channel sent: 2037
im-aes128-gcm-256
Bytes raw sent: 100048281
Bytes encrypted sent: 109232824
Time sent: 13.7
Bytes non channel sent: 2035
im-chacha-poly-256
Bytes raw sent: 100048249
Bytes encrypted sent: 108855392
Time sent: 16.1
Bytes non channel sent: 2037
im-aes128-gcm-512
Bytes raw sent: 100048289
Bytes encrypted sent: 107381416
Time sent: 24.1
Bytes non channel sent: 2035
im-chacha-poly-512
Bytes raw sent: 100048185
Bytes encrypted sent: 107383568
Time sent: 25.9
Bytes non channel sent: 2037
im-aes128-gcm-1024
Bytes raw sent: 100048217
Bytes encrypted sent: 110303440
Time sent: 25.3
Bytes non channel sent: 2037
im-chacha-poly-1024
Bytes raw sent: 100048169
Bytes encrypted sent: 108638360
Time sent: 24.7
Bytes non channel sent: 2039
im-aes128-gcm-2048
Bytes raw sent: 100048297
Bytes encrypted sent: 115185648
Time sent: 26.4
Bytes non channel sent: 2037
im-chacha-poly-2048
Bytes raw sent: 100048129
Bytes encrypted sent: 115846128
Time sent: 27.7
Bytes non channel sent: 2039
im-aes128-gcm-4096
Bytes raw sent: 100048329
Bytes encrypted sent: 129984432
Time sent: 26.1
Bytes non channel sent: 2037
im-chacha-poly-4096
Bytes raw sent: 100048225
Bytes encrypted sent: 129988544
Time sent: 29.2
Bytes non channel sent: 2039
