aws-london
aws-us-west-oregon
UPLOAD
100MB
aes128-ctr+hmac-md5
Bytes raw sent: 100048281
Bytes encrypted sent: 101716752
Time sent: 13.1
Bytes non channel sent: 1611
aes128-ctr+hmac-md5-etm@openssh.com
Bytes raw sent: 100048281
Bytes encrypted sent: 101122460
Time sent: 12.4
Bytes non channel sent: 1643
aes128-ctr+umac-64-etm@openssh.com
Bytes raw sent: 100048289
Bytes encrypted sent: 101599956
Time sent: 12.4
Bytes non channel sent: 1641
aes128-ctr+hmac-sha1
Bytes raw sent: 100048281
Bytes encrypted sent: 101508556
Time sent: 13.6
Bytes non channel sent: 1613
3des-cbc+hmac-md5
Bytes raw sent: 100048185
Bytes encrypted sent: 101260696
Time sent: 16.9
Bytes non channel sent: 1607
aes256-ctr+hmac-sha2-512
Bytes raw sent: 100048281
Bytes encrypted sent: 101681416
Time sent: 13.0
Bytes non channel sent: 1621
aes128-cbc+hmac-sha1
Bytes raw sent: 100048281
Bytes encrypted sent: 101230068
Time sent: 19.4
Bytes non channel sent: 1613
aes128-ctr+hmac-ripemd160
Bytes raw sent: 100048185
Bytes encrypted sent: 101411884
Time sent: 12.7
Bytes non channel sent: 1623
chacha20-poly1305@openssh.com
Bytes raw sent: 100048257
Bytes encrypted sent: 101251044
Time sent: 19.9
Bytes non channel sent: 2059
aes128-gcm@openssh.com
Bytes raw sent: 100048281
Bytes encrypted sent: 101763640
Time sent: 12.9
Bytes non channel sent: 2045
im-aes128-gcm-128
Bytes raw sent: 100048281
Bytes encrypted sent: 115177072
Time sent: 27.0
Bytes non channel sent: 2035
im-chacha-poly-128
Bytes raw sent: 100048137
Bytes encrypted sent: 116362520
Time sent: 31.0
Bytes non channel sent: 2037
im-aes128-gcm-256
Bytes raw sent: 100048289
Bytes encrypted sent: 109978104
Time sent: 29.6
Bytes non channel sent: 2035
im-chacha-poly-256
Bytes raw sent: 100048177
Bytes encrypted sent: 110598344
Time sent: 32.3
Bytes non channel sent: 2037
im-aes128-gcm-512
Bytes raw sent: 100048161
Bytes encrypted sent: 107262912
Time sent: 29.1
Bytes non channel sent: 2035
im-chacha-poly-512
Bytes raw sent: 100048129
Bytes encrypted sent: 108144416
Time sent: 29.7
Bytes non channel sent: 2037
im-aes128-gcm-1024
Bytes raw sent: 100048081
Bytes encrypted sent: 116178136
Time sent: 30.2
Bytes non channel sent: 2037
im-chacha-poly-1024
Bytes raw sent: 100048081
Bytes encrypted sent: 110070440
Time sent: 19.4
Bytes non channel sent: 2039
im-aes128-gcm-2048
Bytes raw sent: 100048289
Bytes encrypted sent: 114665848
Time sent: 17.6
Bytes non channel sent: 2037
im-chacha-poly-2048
Bytes raw sent: 100048217
Bytes encrypted sent: 114537664
Time sent: 19.5
Bytes non channel sent: 2039
im-aes128-gcm-4096
Bytes raw sent: 100048297
Bytes encrypted sent: 126073328
Time sent: 14.9
Bytes non channel sent: 2037
im-chacha-poly-4096
Bytes raw sent: 100048233
Bytes encrypted sent: 128325544
Time sent: 20.5
Bytes non channel sent: 2039
