aws-london
aws-us-west-oregon
UPLOAD
100MB
aes128-ctr+hmac-md5
Bytes raw sent: 100048177
Bytes encrypted sent: 102883984
Time sent: 27.1
Bytes non channel sent: 1611
aes128-ctr+hmac-md5-etm@openssh.com
Bytes raw sent: 100048265
Bytes encrypted sent: 101218156
Time sent: 27.2
Bytes non channel sent: 1643
aes128-ctr+umac-64-etm@openssh.com
Bytes raw sent: 100048193
Bytes encrypted sent: 101174536
Time sent: 27.8
Bytes non channel sent: 1641
aes128-ctr+hmac-sha1
Bytes raw sent: 100048257
Bytes encrypted sent: 100987348
Time sent: 28.4
Bytes non channel sent: 1613
3des-cbc+hmac-md5
Bytes raw sent: 100048161
Bytes encrypted sent: 102276560
Time sent: 31.2
Bytes non channel sent: 1607
aes256-ctr+hmac-sha2-512
Bytes raw sent: 100047649
Bytes encrypted sent: 105540128
Time sent: 29.6
Bytes non channel sent: 1621
aes128-cbc+hmac-sha1
Bytes raw sent: 100048041
Bytes encrypted sent: 102382224
Time sent: 28.0
Bytes non channel sent: 1613
aes128-ctr+hmac-ripemd160
Bytes raw sent: 100048153
Bytes encrypted sent: 101331256
Time sent: 26.7
Bytes non channel sent: 1623
chacha20-poly1305@openssh.com
Bytes raw sent: 100048153
Bytes encrypted sent: 100725584
Time sent: 24.1
Bytes non channel sent: 2059
aes128-gcm@openssh.com
Bytes raw sent: 100048217
Bytes encrypted sent: 100897716
Time sent: 28.0
Bytes non channel sent: 2045
im-aes128-gcm-128
Bytes raw sent: 100047961
Bytes encrypted sent: 118115576
Time sent: 32.9
Bytes non channel sent: 2035
im-chacha-poly-128
Bytes raw sent: 100047705
Bytes encrypted sent: 118526296
Time sent: 14.9
Bytes non channel sent: 2037
im-aes128-gcm-256
Bytes raw sent: 100048281
Bytes encrypted sent: 108860792
Time sent: 17.4
Bytes non channel sent: 2035
im-chacha-poly-256
Bytes raw sent: 100048217
Bytes encrypted sent: 109087336
Time sent: 13.2
Bytes non channel sent: 2037
im-aes128-gcm-512
Bytes raw sent: 100048281
Bytes encrypted sent: 107587384
Time sent: 12.9
Bytes non channel sent: 2035
im-chacha-poly-512
Bytes raw sent: 100048249
Bytes encrypted sent: 107285520
Time sent: 12.3
Bytes non channel sent: 2037
im-aes128-gcm-1024
Bytes raw sent: 100048289
Bytes encrypted sent: 109367240
Time sent: 17.3
Bytes non channel sent: 2037
im-chacha-poly-1024
Bytes raw sent: 100048217
Bytes encrypted sent: 109007056
Time sent: 13.2
Bytes non channel sent: 2039
im-aes128-gcm-2048
Bytes raw sent: 100048297
Bytes encrypted sent: 114371712
Time sent: 13.7
Bytes non channel sent: 2037
im-chacha-poly-2048
Bytes raw sent: 100048241
Bytes encrypted sent: 114271008
Time sent: 13.2
Bytes non channel sent: 2039
im-aes128-gcm-4096
Bytes raw sent: 100048169
Bytes encrypted sent: 135380464
Time sent: 21.3
Bytes non channel sent: 2037
im-chacha-poly-4096
Bytes raw sent: 100048209
Bytes encrypted sent: 128332032
Time sent: 18.5
Bytes non channel sent: 2039
