aws-london
aws-us-west-oregon
UPLOAD
100MB
aes128-ctr+hmac-md5
Bytes raw sent: 100048169
Bytes encrypted sent: 101389776
Time sent: 25.9
Bytes non channel sent: 1611
aes128-ctr+hmac-md5-etm@openssh.com
Bytes raw sent: 100048177
Bytes encrypted sent: 100873408
Time sent: 25.6
Bytes non channel sent: 1643
aes128-ctr+umac-64-etm@openssh.com
Bytes raw sent: 100047369
Bytes encrypted sent: 181117816
Time sent: 28.8
Bytes non channel sent: 1641
aes128-ctr+hmac-sha1
Bytes raw sent: 100048129
Bytes encrypted sent: 105126256
Time sent: 23.3
Bytes non channel sent: 1613
3des-cbc+hmac-md5
Bytes raw sent: 100048145
Bytes encrypted sent: 100930152
Time sent: 23.6
Bytes non channel sent: 1607
aes256-ctr+hmac-sha2-512
Bytes raw sent: 100048281
Bytes encrypted sent: 101516832
Time sent: 21.6
Bytes non channel sent: 1621
aes128-cbc+hmac-sha1
Bytes raw sent: 100048289
Bytes encrypted sent: 101020168
Time sent: 23.1
Bytes non channel sent: 1613
aes128-ctr+hmac-ripemd160
Bytes raw sent: 100048249
Bytes encrypted sent: 100904960
Time sent: 24.6
Bytes non channel sent: 1623
chacha20-poly1305@openssh.com
Bytes raw sent: 100048153
Bytes encrypted sent: 101135688
Time sent: 21.3
Bytes non channel sent: 2059
aes128-gcm@openssh.com
Bytes raw sent: 100048233
Bytes encrypted sent: 100837144
Time sent: 23.5
Bytes non channel sent: 2045
im-aes128-gcm-128
Bytes raw sent: 100048241
Bytes encrypted sent: 115169912
Time sent: 27.6
Bytes non channel sent: 2035
im-chacha-poly-128
Bytes raw sent: 100048113
Bytes encrypted sent: 116101304
Time sent: 26.4
Bytes non channel sent: 2037
im-aes128-gcm-256
Bytes raw sent: 100048225
Bytes encrypted sent: 108962736
Time sent: 24.7
Bytes non channel sent: 2035
im-chacha-poly-256
Bytes raw sent: 100048145
Bytes encrypted sent: 109043864
Time sent: 23.5
Bytes non channel sent: 2037
im-aes128-gcm-512
Bytes raw sent: 100048281
Bytes encrypted sent: 107030064
Time sent: 24.8
Bytes non channel sent: 2035
im-chacha-poly-512
Bytes raw sent: 100048121
Bytes encrypted sent: 107033504
Time sent: 25.2
Bytes non channel sent: 2037
im-aes128-gcm-1024
Bytes raw sent: 100048265
Bytes encrypted sent: 108599880
Time sent: 25.3
Bytes non channel sent: 2037
im-chacha-poly-1024
Bytes raw sent: 100048145
Bytes encrypted sent: 109114680
Time sent: 27.0
Bytes non channel sent: 2039
im-aes128-gcm-2048
Bytes raw sent: 100048281
Bytes encrypted sent: 115726416
Time sent: 26.8
Bytes non channel sent: 2037
im-chacha-poly-2048
Bytes raw sent: 100048217
Bytes encrypted sent: 114155712
Time sent: 28.5
Bytes non channel sent: 2039
im-aes128-gcm-4096
Bytes raw sent: 100048177
Bytes encrypted sent: 133459072
Time sent: 25.8
Bytes non channel sent: 2037
im-chacha-poly-4096
Bytes raw sent: 100048193
Bytes encrypted sent: 128761360
Time sent: 30.8
Bytes non channel sent: 2039
