aws-london
aws-us-west-oregon
UPLOAD
100MB
aes128-ctr+hmac-md5
Bytes raw sent: 100048289
Bytes encrypted sent: 101225888
Time sent: 21.4
Bytes non channel sent: 1611
aes128-ctr+hmac-md5-etm@openssh.com
Bytes raw sent: 100048201
Bytes encrypted sent: 100873408
Time sent: 20.4
Bytes non channel sent: 1643
aes128-ctr+umac-64-etm@openssh.com
Bytes raw sent: 100048281
Bytes encrypted sent: 101317272
Time sent: 24.0
Bytes non channel sent: 1641
aes128-ctr+hmac-sha1
Bytes raw sent: 100048257
Bytes encrypted sent: 101167572
Time sent: 21.0
Bytes non channel sent: 1613
3des-cbc+hmac-md5
Bytes raw sent: 100048145
Bytes encrypted sent: 100930152
Time sent: 22.5
Bytes non channel sent: 1607
aes256-ctr+hmac-sha2-512
Bytes raw sent: 100048177
Bytes encrypted sent: 101072144
Time sent: 25.2
Bytes non channel sent: 1621
aes128-cbc+hmac-sha1
Bytes raw sent: 100048273
Bytes encrypted sent: 101315648
Time sent: 21.9
Bytes non channel sent: 1613
aes128-ctr+hmac-ripemd160
Bytes raw sent: 100048217
Bytes encrypted sent: 100773472
Time sent: 23.1
Bytes non channel sent: 1623
chacha20-poly1305@openssh.com
Bytes raw sent: 100048129
Bytes encrypted sent: 100709056
Time sent: 23.4
Bytes non channel sent: 2059
aes128-gcm@openssh.com
Bytes raw sent: 100048265
Bytes encrypted sent: 100906500
Time sent: 20.8
Bytes non channel sent: 2045
im-aes128-gcm-128
Bytes raw sent: 100048241
Bytes encrypted sent: 115764400
Time sent: 24.2
Bytes non channel sent: 2035
im-chacha-poly-128
Bytes raw sent: 100048193
Bytes encrypted sent: 115261208
Time sent: 24.7
Bytes non channel sent: 2037
im-aes128-gcm-256
Bytes raw sent: 100048281
Bytes encrypted sent: 109203016
Time sent: 13.4
Bytes non channel sent: 2035
im-chacha-poly-256
Bytes raw sent: 100048145
Bytes encrypted sent: 108465888
Time sent: 13.4
Bytes non channel sent: 2037
im-aes128-gcm-512
Bytes raw sent: 100048281
Bytes encrypted sent: 107903944
Time sent: 12.6
Bytes non channel sent: 2035
im-chacha-poly-512
Bytes raw sent: 100048217
Bytes encrypted sent: 106832904
Time sent: 26.3
Bytes non channel sent: 2037
im-aes128-gcm-1024
Bytes raw sent: 100048241
Bytes encrypted sent: 109191416
Time sent: 22.9
Bytes non channel sent: 2037
im-chacha-poly-1024
Bytes raw sent: 100048265
Bytes encrypted sent: 109180200
Time sent: 24.0
Bytes non channel sent: 2039
im-aes128-gcm-2048
Bytes raw sent: 100048297
Bytes encrypted sent: 114688552
Time sent: 23.4
Bytes non channel sent: 2037
im-chacha-poly-2048
Bytes raw sent: 100048185
Bytes encrypted sent: 114077280
Time sent: 25.4
Bytes non channel sent: 2039
im-aes128-gcm-4096
Bytes raw sent: 100047961
Bytes encrypted sent: 152057648
Time sent: 27.9
Bytes non channel sent: 2037
im-chacha-poly-4096
Bytes raw sent: 100048153
Bytes encrypted sent: 131616896
Time sent: 31.1
Bytes non channel sent: 2039
