aws-london
aws-us-west-oregon
UPLOAD
100MB
aes128-ctr+hmac-md5
Bytes raw sent: 100048281
Bytes encrypted sent: 101355296
Time sent: 15.3
Bytes non channel sent: 1611
aes128-ctr+hmac-md5-etm@openssh.com
Bytes raw sent: 100048281
Bytes encrypted sent: 101349572
Time sent: 16.3
Bytes non channel sent: 1643
aes128-ctr+umac-64-etm@openssh.com
Bytes raw sent: 100048289
Bytes encrypted sent: 101647260
Time sent: 17.0
Bytes non channel sent: 1641
aes128-ctr+hmac-sha1
Bytes raw sent: 100048281
Bytes encrypted sent: 101451120
Time sent: 16.0
Bytes non channel sent: 1613
3des-cbc+hmac-md5
Bytes raw sent: 100048185
Bytes encrypted sent: 101247504
Time sent: 14.6
Bytes non channel sent: 1607
aes256-ctr+hmac-sha2-512
Bytes raw sent: 100048257
Bytes encrypted sent: 101607608
Time sent: 16.7
Bytes non channel sent: 1621
aes128-cbc+hmac-sha1
Bytes raw sent: 100048281
Bytes encrypted sent: 102052880
Time sent: 14.5
Bytes non channel sent: 1613
aes128-ctr+hmac-ripemd160
Bytes raw sent: 100048145
Bytes encrypted sent: 101250140
Time sent: 19.3
Bytes non channel sent: 1623
chacha20-poly1305@openssh.com
Bytes raw sent: 100048241
Bytes encrypted sent: 101215272
Time sent: 15.9
Bytes non channel sent: 2059
aes128-gcm@openssh.com
Bytes raw sent: 100048281
Bytes encrypted sent: 101263812
Time sent: 12.8
Bytes non channel sent: 2045
im-aes128-gcm-128
Bytes raw sent: 100048281
Bytes encrypted sent: 115461408
Time sent: 16.2
Bytes non channel sent: 2035
im-chacha-poly-128
Bytes raw sent: 100048129
Bytes encrypted sent: 115203376
Time sent: 22.5
Bytes non channel sent: 2037
im-aes128-gcm-256
Bytes raw sent: 100048281
Bytes encrypted sent: 109064840
Time sent: 13.7
Bytes non channel sent: 2035
im-chacha-poly-256
Bytes raw sent: 100048217
Bytes encrypted sent: 109069176
Time sent: 13.2
Bytes non channel sent: 2037
im-aes128-gcm-512
Bytes raw sent: 100048281
Bytes encrypted sent: 107393968
Time sent: 13.0
Bytes non channel sent: 2035
im-chacha-poly-512
Bytes raw sent: 100048217
Bytes encrypted sent: 107468040
Time sent: 17.0
Bytes non channel sent: 2037
im-aes128-gcm-1024
Bytes raw sent: 100048281
Bytes encrypted sent: 109028712
Time sent: 15.0
Bytes non channel sent: 2037
im-chacha-poly-1024
Bytes raw sent: 100048049
Bytes encrypted sent: 108845120
Time sent: 13.1
Bytes non channel sent: 2039
im-aes128-gcm-2048
Bytes raw sent: 100048289
Bytes encrypted sent: 115428080
Time sent: 19.1
Bytes non channel sent: 2037
im-chacha-poly-2048
Bytes raw sent: 100048153
Bytes encrypted sent: 114010328
Time sent: 21.6
Bytes non channel sent: 2039
im-aes128-gcm-4096
Bytes raw sent: 100048169
Bytes encrypted sent: 137473240
Time sent: 23.5
Bytes non channel sent: 2037
im-chacha-poly-4096
Bytes raw sent: 100048177
Bytes encrypted sent: 125837784
Time sent: 15.2
Bytes non channel sent: 2039
