aws-london
aws-us-west-oregon
UPLOAD
100MB
aes128-ctr+hmac-md5
Bytes raw sent: 100048289
Bytes encrypted sent: 100766128
Time sent: 23.1
Bytes non channel sent: 1611
aes128-ctr+hmac-md5-etm@openssh.com
Bytes raw sent: 100048241
Bytes encrypted sent: 100758920
Time sent: 24.7
Bytes non channel sent: 1643
aes128-ctr+umac-64-etm@openssh.com
Bytes raw sent: 100048289
Bytes encrypted sent: 101437980
Time sent: 21.9
Bytes non channel sent: 1641
aes128-ctr+hmac-sha1
Bytes raw sent: 100048281
Bytes encrypted sent: 101250060
Time sent: 20.7
Bytes non channel sent: 1613
3des-cbc+hmac-md5
Bytes raw sent: 100048121
Bytes encrypted sent: 101126880
Time sent: 25.1
Bytes non channel sent: 1607
aes256-ctr+hmac-sha2-512
Bytes raw sent: 100048177
Bytes encrypted sent: 101072144
Time sent: 24.6
Bytes non channel sent: 1621
aes128-cbc+hmac-sha1
Bytes raw sent: 100048281
Bytes encrypted sent: 100995220
Time sent: 24.3
Bytes non channel sent: 1613
aes128-ctr+hmac-ripemd160
Bytes raw sent: 100048129
Bytes encrypted sent: 100805720
Time sent: 24.4
Bytes non channel sent: 1623
chacha20-poly1305@openssh.com
Bytes raw sent: 100048201
Bytes encrypted sent: 101152380
Time sent: 23.5
Bytes non channel sent: 2059
aes128-gcm@openssh.com
Bytes raw sent: 100048297
Bytes encrypted sent: 101070664
Time sent: 20.9
Bytes non channel sent: 2045
im-aes128-gcm-128
Bytes raw sent: 100048137
Bytes encrypted sent: 115277680
Time sent: 24.8
Bytes non channel sent: 2035
im-chacha-poly-128
Bytes raw sent: 100048185
Bytes encrypted sent: 115279640
Time sent: 26.7
Bytes non channel sent: 2037
im-aes128-gcm-256
Bytes raw sent: 100048249
Bytes encrypted sent: 108630272
Time sent: 23.7
Bytes non channel sent: 2035
im-chacha-poly-256
Bytes raw sent: 100048217
Bytes encrypted sent: 109028632
Time sent: 25.5
Bytes non channel sent: 2037
im-aes128-gcm-512
Bytes raw sent: 100048153
Bytes encrypted sent: 107140160
Time sent: 24.8
Bytes non channel sent: 2035
im-chacha-poly-512
Bytes raw sent: 100048161
Bytes encrypted sent: 106966488
Time sent: 25.1
Bytes non channel sent: 2037
im-aes128-gcm-1024
Bytes raw sent: 100048249
Bytes encrypted sent: 108857800
Time sent: 26.4
Bytes non channel sent: 2037
im-chacha-poly-1024
Bytes raw sent: 100048145
Bytes encrypted sent: 108532280
Time sent: 23.9
Bytes non channel sent: 2039
im-aes128-gcm-2048
Bytes raw sent: 100048249
Bytes encrypted sent: 115517952
Time sent: 24.9
Bytes non channel sent: 2037
im-chacha-poly-2048
Bytes raw sent: 100048169
Bytes encrypted sent: 113722272
Time sent: 27.1
Bytes non channel sent: 2039
im-aes128-gcm-4096
Bytes raw sent: 100048185
Bytes encrypted sent: 130893184
Time sent: 30.2
Bytes non channel sent: 2037
im-chacha-poly-4096
Bytes raw sent: 100048169
Bytes encrypted sent: 130983648
Time sent: 25.6
Bytes non channel sent: 2039
