aws-london
aws-us-west-oregon
UPLOAD
100MB
aes128-ctr+hmac-md5
Bytes raw sent: 100048281
Bytes encrypted sent: 101455440
Time sent: 14.8
Bytes non channel sent: 1611
aes128-ctr+hmac-md5-etm@openssh.com
Bytes raw sent: 100048281
Bytes encrypted sent: 101193740
Time sent: 12.3
Bytes non channel sent: 1643
aes128-ctr+umac-64-etm@openssh.com
Bytes raw sent: 100048281
Bytes encrypted sent: 101206308
Time sent: 12.4
Bytes non channel sent: 1641
aes128-ctr+hmac-sha1
Bytes raw sent: 100048281
Bytes encrypted sent: 101381340
Time sent: 12.3
Bytes non channel sent: 1613
3des-cbc+hmac-md5
Bytes raw sent: 100048185
Bytes encrypted sent: 101247504
Time sent: 12.3
Bytes non channel sent: 1607
aes256-ctr+hmac-sha2-512
Bytes raw sent: 100048281
Bytes encrypted sent: 101384368
Time sent: 17.6
Bytes non channel sent: 1621
aes128-cbc+hmac-sha1
Bytes raw sent: 100048273
Bytes encrypted sent: 101332136
Time sent: 16.2
Bytes non channel sent: 1613
aes128-ctr+hmac-ripemd160
Bytes raw sent: 100048257
Bytes encrypted sent: 101267304
Time sent: 12.4
Bytes non channel sent: 1623
chacha20-poly1305@openssh.com
Bytes raw sent: 100048281
Bytes encrypted sent: 101456272
Time sent: 17.9
Bytes non channel sent: 2059
aes128-gcm@openssh.com
Bytes raw sent: 100048281
Bytes encrypted sent: 101546396
Time sent: 13.4
Bytes non channel sent: 2045
im-aes128-gcm-128
Bytes raw sent: 100048289
Bytes encrypted sent: 115098176
Time sent: 13.5
Bytes non channel sent: 2035
im-chacha-poly-128
Bytes raw sent: 100048113
Bytes encrypted sent: 115090768
Time sent: 19.0
Bytes non channel sent: 2037
im-aes128-gcm-256
Bytes raw sent: 100048281
Bytes encrypted sent: 108856480
Time sent: 13.2
Bytes non channel sent: 2035
im-chacha-poly-256
Bytes raw sent: 100048145
Bytes encrypted sent: 108430800
Time sent: 18.5
Bytes non channel sent: 2037
im-aes128-gcm-512
Bytes raw sent: 100048281
Bytes encrypted sent: 107148904
Time sent: 13.0
Bytes non channel sent: 2035
im-chacha-poly-512
Bytes raw sent: 100048145
Bytes encrypted sent: 107206688
Time sent: 26.3
Bytes non channel sent: 2037
im-aes128-gcm-1024
Bytes raw sent: 100048241
Bytes encrypted sent: 109030216
Time sent: 22.5
Bytes non channel sent: 2037
im-chacha-poly-1024
Bytes raw sent: 100048121
Bytes encrypted sent: 108563480
Time sent: 27.5
Bytes non channel sent: 2039
im-aes128-gcm-2048
Bytes raw sent: 100048249
Bytes encrypted sent: 114801744
Time sent: 23.2
Bytes non channel sent: 2037
im-chacha-poly-2048
Bytes raw sent: 100048217
Bytes encrypted sent: 114260976
Time sent: 25.9
Bytes non channel sent: 2039
im-aes128-gcm-4096
Bytes raw sent: 100048185
Bytes encrypted sent: 129429312
Time sent: 26.2
Bytes non channel sent: 2037
im-chacha-poly-4096
Bytes raw sent: 100048193
Bytes encrypted sent: 130609456
Time sent: 30.3
Bytes non channel sent: 2039
