aws-london
aws-us-west-oregon
UPLOAD
100MB
aes128-ctr+hmac-md5
Bytes raw sent: 100048193
Bytes encrypted sent: 101175728
Time sent: 24.1
Bytes non channel sent: 1611
aes128-ctr+hmac-md5-etm@openssh.com
Bytes raw sent: 100048209
Bytes encrypted sent: 100709424
Time sent: 24.1
Bytes non channel sent: 1643
aes128-ctr+umac-64-etm@openssh.com
Bytes raw sent: 100048265
Bytes encrypted sent: 100792528
Time sent: 23.5
Bytes non channel sent: 1641
aes128-ctr+hmac-sha1
Bytes raw sent: 100048249
Bytes encrypted sent: 100970600
Time sent: 23.4
Bytes non channel sent: 1613
3des-cbc+hmac-md5
Bytes raw sent: 100048161
Bytes encrypted sent: 100897424
Time sent: 24.4
Bytes non channel sent: 1607
aes256-ctr+hmac-sha2-512
Bytes raw sent: 100048265
Bytes encrypted sent: 101122640
Time sent: 23.6
Bytes non channel sent: 1621
aes128-cbc+hmac-sha1
Bytes raw sent: 100048225
Bytes encrypted sent: 100970444
Time sent: 23.0
Bytes non channel sent: 1613
aes128-ctr+hmac-ripemd160
Bytes raw sent: 100048281
Bytes encrypted sent: 101028040
Time sent: 23.9
Bytes non channel sent: 1623
chacha20-poly1305@openssh.com
Bytes raw sent: 100048249
Bytes encrypted sent: 101070440
Time sent: 24.2
Bytes non channel sent: 2059
aes128-gcm@openssh.com
Bytes raw sent: 100048273
Bytes encrypted sent: 100783208
Time sent: 20.8
Bytes non channel sent: 2045
im-aes128-gcm-128
Bytes raw sent: 100048193
Bytes encrypted sent: 115261208
Time sent: 29.5
Bytes non channel sent: 2035
im-chacha-poly-128
Bytes raw sent: 100048153
Bytes encrypted sent: 115764920
Time sent: 27.3
Bytes non channel sent: 2037
im-aes128-gcm-256
Bytes raw sent: 100048161
Bytes encrypted sent: 109026728
Time sent: 28.7
Bytes non channel sent: 2035
im-chacha-poly-256
Bytes raw sent: 100048153
Bytes encrypted sent: 109011768
Time sent: 24.4
Bytes non channel sent: 2037
im-aes128-gcm-512
Bytes raw sent: 100048281
Bytes encrypted sent: 107163960
Time sent: 13.4
Bytes non channel sent: 2035
im-chacha-poly-512
Bytes raw sent: 100048153
Bytes encrypted sent: 107067904
Time sent: 15.1
Bytes non channel sent: 2037
im-aes128-gcm-1024
Bytes raw sent: 100048289
Bytes encrypted sent: 109085360
Time sent: 17.3
Bytes non channel sent: 2037
im-chacha-poly-1024
Bytes raw sent: 100048009
Bytes encrypted sent: 109257552
Time sent: 17.9
Bytes non channel sent: 2039
im-aes128-gcm-2048
Bytes raw sent: 100048289
Bytes encrypted sent: 114436528
Time sent: 13.6
Bytes non channel sent: 2037
im-chacha-poly-2048
Bytes raw sent: 100048217
Bytes encrypted sent: 114225384
Time sent: 14.4
Bytes non channel sent: 2039
im-aes128-gcm-4096
Bytes raw sent: 100048305
Bytes encrypted sent: 126524432
Time sent: 15.2
Bytes non channel sent: 2037
im-chacha-poly-4096
Bytes raw sent: 100048289
Bytes encrypted sent: 126135600
Time sent: 14.4
Bytes non channel sent: 2039
