aws-london
aws-us-west-oregon
UPLOAD
100MB
aes128-ctr+hmac-md5
Bytes raw sent: 100048257
Bytes encrypted sent: 100979216
Time sent: 27.1
Bytes non channel sent: 1611
aes128-ctr+hmac-md5-etm@openssh.com
Bytes raw sent: 100048177
Bytes encrypted sent: 101251068
Time sent: 29.0
Bytes non channel sent: 1643
aes128-ctr+umac-64-etm@openssh.com
Bytes raw sent: 100048233
Bytes encrypted sent: 101415708
Time sent: 23.9
Bytes non channel sent: 1641
aes128-ctr+hmac-sha1
Bytes raw sent: 100048305
Bytes encrypted sent: 101510548
Time sent: 27.9
Bytes non channel sent: 1613
3des-cbc+hmac-md5
Bytes raw sent: 100048177
Bytes encrypted sent: 100733464
Time sent: 26.4
Bytes non channel sent: 1607
aes256-ctr+hmac-sha2-512
Bytes raw sent: 100048225
Bytes encrypted sent: 101929392
Time sent: 27.7
Bytes non channel sent: 1621
aes128-cbc+hmac-sha1
Bytes raw sent: 100048209
Bytes encrypted sent: 102350964
Time sent: 26.7
Bytes non channel sent: 1613
aes128-ctr+hmac-ripemd160
Bytes raw sent: 100048137
Bytes encrypted sent: 101664952
Time sent: 28.3
Bytes non channel sent: 1623
chacha20-poly1305@openssh.com
Bytes raw sent: 100048241
Bytes encrypted sent: 101288568
Time sent: 26.4
Bytes non channel sent: 2059
aes128-gcm@openssh.com
Bytes raw sent: 100048257
Bytes encrypted sent: 101814504
Time sent: 25.4
Bytes non channel sent: 2045
im-aes128-gcm-128
Bytes raw sent: 100048121
Bytes encrypted sent: 116624984
Time sent: 31.2
Bytes non channel sent: 2035
im-chacha-poly-128
Bytes raw sent: 100047897
Bytes encrypted sent: 117556136
Time sent: 30.4
Bytes non channel sent: 2037
im-aes128-gcm-256
Bytes raw sent: 100048185
Bytes encrypted sent: 110793912
Time sent: 24.9
Bytes non channel sent: 2035
im-chacha-poly-256
Bytes raw sent: 100048001
Bytes encrypted sent: 110064136
Time sent: 26.8
Bytes non channel sent: 2037
im-aes128-gcm-512
Bytes raw sent: 100048081
Bytes encrypted sent: 110355960
Time sent: 13.1
Bytes non channel sent: 2035
im-chacha-poly-512
Bytes raw sent: 100048241
Bytes encrypted sent: 107109048
Time sent: 14.3
Bytes non channel sent: 2037
im-aes128-gcm-1024
Bytes raw sent: 100048289
Bytes encrypted sent: 109270296
Time sent: 17.6
Bytes non channel sent: 2037
im-chacha-poly-1024
Bytes raw sent: 100048153
Bytes encrypted sent: 108445272
Time sent: 19.7
Bytes non channel sent: 2039
im-aes128-gcm-2048
Bytes raw sent: 100048281
Bytes encrypted sent: 114286072
Time sent: 18.7
Bytes non channel sent: 2037
im-chacha-poly-2048
Bytes raw sent: 100048217
Bytes encrypted sent: 114542008
Time sent: 14.7
Bytes non channel sent: 2039
im-aes128-gcm-4096
Bytes raw sent: 100048209
Bytes encrypted sent: 130970720
Time sent: 18.5
Bytes non channel sent: 2037
im-chacha-poly-4096
Bytes raw sent: 100048249
Bytes encrypted sent: 127827992
Time sent: 20.8
Bytes non channel sent: 2039
