aws-london
aws-us-west-oregon
UPLOAD
100MB
aes128-ctr+hmac-md5
Bytes raw sent: 100048241
Bytes encrypted sent: 101028464
Time sent: 25.6
Bytes non channel sent: 1611
aes128-ctr+hmac-md5-etm@openssh.com
Bytes raw sent: 100048233
Bytes encrypted sent: 101070376
Time sent: 21.1
Bytes non channel sent: 1643
aes128-ctr+umac-64-etm@openssh.com
Bytes raw sent: 100048241
Bytes encrypted sent: 101366528
Time sent: 19.6
Bytes non channel sent: 1641
aes128-ctr+hmac-sha1
Bytes raw sent: 100048201
Bytes encrypted sent: 100773368
Time sent: 22.4
Bytes non channel sent: 1613
3des-cbc+hmac-md5
Bytes raw sent: 100048129
Bytes encrypted sent: 101192536
Time sent: 23.0
Bytes non channel sent: 1607
aes256-ctr+hmac-sha2-512
Bytes raw sent: 100048265
Bytes encrypted sent: 101286864
Time sent: 23.0
Bytes non channel sent: 1621
aes128-cbc+hmac-sha1
Bytes raw sent: 100048161
Bytes encrypted sent: 102120600
Time sent: 24.4
Bytes non channel sent: 1613
aes128-ctr+hmac-ripemd160
Bytes raw sent: 100048273
Bytes encrypted sent: 101659832
Time sent: 22.9
Bytes non channel sent: 1623
chacha20-poly1305@openssh.com
Bytes raw sent: 100048241
Bytes encrypted sent: 101054272
Time sent: 27.7
Bytes non channel sent: 2059
aes128-gcm@openssh.com
Bytes raw sent: 100048281
Bytes encrypted sent: 101070592
Time sent: 21.5
Bytes non channel sent: 2045
im-aes128-gcm-128
Bytes raw sent: 100048169
Bytes encrypted sent: 115184840
Time sent: 26.9
Bytes non channel sent: 2035
im-chacha-poly-128
Bytes raw sent: 100048153
Bytes encrypted sent: 115277968
Time sent: 27.0
Bytes non channel sent: 2037
im-aes128-gcm-256
Bytes raw sent: 100048241
Bytes encrypted sent: 109032344
Time sent: 26.6
Bytes non channel sent: 2035
im-chacha-poly-256
Bytes raw sent: 100048169
Bytes encrypted sent: 108957912
Time sent: 26.5
Bytes non channel sent: 2037
im-aes128-gcm-512
Bytes raw sent: 100048281
Bytes encrypted sent: 107321520
Time sent: 25.1
Bytes non channel sent: 2035
im-chacha-poly-512
Bytes raw sent: 100048121
Bytes encrypted sent: 107205104
Time sent: 28.6
Bytes non channel sent: 2037
im-aes128-gcm-1024
Bytes raw sent: 100047961
Bytes encrypted sent: 113376376
Time sent: 25.7
Bytes non channel sent: 2037
im-chacha-poly-1024
Bytes raw sent: 100048145
Bytes encrypted sent: 108738200
Time sent: 25.3
Bytes non channel sent: 2039
im-aes128-gcm-2048
Bytes raw sent: 100048289
Bytes encrypted sent: 114581256
Time sent: 14.7
Bytes non channel sent: 2037
im-chacha-poly-2048
Bytes raw sent: 100048137
Bytes encrypted sent: 113824568
Time sent: 15.4
Bytes non channel sent: 2039
im-aes128-gcm-4096
Bytes raw sent: 100048217
Bytes encrypted sent: 135079072
Time sent: 21.5
Bytes non channel sent: 2037
im-chacha-poly-4096
Bytes raw sent: 100048169
Bytes encrypted sent: 126592656
Time sent: 20.5
Bytes non channel sent: 2039
