aws-london
aws-us-west-oregon
UPLOAD
100MB
aes128-ctr+hmac-md5
Bytes raw sent: 100048281
Bytes encrypted sent: 101282688
Time sent: 24.2
Bytes non channel sent: 1611
aes128-ctr+hmac-md5-etm@openssh.com
Bytes raw sent: 100048169
Bytes encrypted sent: 100873264
Time sent: 23.3
Bytes non channel sent: 1643
aes128-ctr+umac-64-etm@openssh.com
Bytes raw sent: 100048209
Bytes encrypted sent: 101021764
Time sent: 23.7
Bytes non channel sent: 1641
aes128-ctr+hmac-sha1
Bytes raw sent: 100048233
Bytes encrypted sent: 101610876
Time sent: 24.3
Bytes non channel sent: 1613
3des-cbc+hmac-md5
Bytes raw sent: 100048153
Bytes encrypted sent: 100831768
Time sent: 23.1
Bytes non channel sent: 1607
aes256-ctr+hmac-sha2-512
Bytes raw sent: 100048225
Bytes encrypted sent: 101105584
Time sent: 22.3
Bytes non channel sent: 1621
aes128-cbc+hmac-sha1
Bytes raw sent: 100048233
Bytes encrypted sent: 100773576
Time sent: 19.5
Bytes non channel sent: 1613
aes128-ctr+hmac-ripemd160
Bytes raw sent: 100048281
Bytes encrypted sent: 101397468
Time sent: 21.1
Bytes non channel sent: 1623
chacha20-poly1305@openssh.com
Bytes raw sent: 100048249
Bytes encrypted sent: 101116896
Time sent: 12.8
Bytes non channel sent: 2059
aes128-gcm@openssh.com
Bytes raw sent: 100048289
Bytes encrypted sent: 101685992
Time sent: 12.4
Bytes non channel sent: 2045
im-aes128-gcm-128
Bytes raw sent: 100048281
Bytes encrypted sent: 115449184
Time sent: 19.7
Bytes non channel sent: 2035
im-chacha-poly-128
Bytes raw sent: 100048129
Bytes encrypted sent: 115277536
Time sent: 13.8
Bytes non channel sent: 2037
im-aes128-gcm-256
Bytes raw sent: 100048281
Bytes encrypted sent: 109140080
Time sent: 13.1
Bytes non channel sent: 2035
im-chacha-poly-256
Bytes raw sent: 100048217
Bytes encrypted sent: 109069176
Time sent: 13.1
Bytes non channel sent: 2037
im-aes128-gcm-512
Bytes raw sent: 100048281
Bytes encrypted sent: 107251864
Time sent: 16.7
Bytes non channel sent: 2035
im-chacha-poly-512
Bytes raw sent: 100048217
Bytes encrypted sent: 107472384
Time sent: 17.9
Bytes non channel sent: 2037
im-aes128-gcm-1024
Bytes raw sent: 100048281
Bytes encrypted sent: 109039560
Time sent: 13.2
Bytes non channel sent: 2037
im-chacha-poly-1024
Bytes raw sent: 100048217
Bytes encrypted sent: 108994024
Time sent: 13.1
Bytes non channel sent: 2039
im-aes128-gcm-2048
Bytes raw sent: 100048281
Bytes encrypted sent: 114174616
Time sent: 13.6
Bytes non channel sent: 2037
im-chacha-poly-2048
Bytes raw sent: 100048145
Bytes encrypted sent: 113926104
Time sent: 13.6
Bytes non channel sent: 2039
im-aes128-gcm-4096
Bytes raw sent: 100048297
Bytes encrypted sent: 126381728
Time sent: 14.8
Bytes non channel sent: 2037
im-chacha-poly-4096
Bytes raw sent: 100048289
Bytes encrypted sent: 125848384
Time sent: 14.7
Bytes non channel sent: 2039
