aws-london
aws-us-west-oregon
UPLOAD
100MB
aes128-ctr+hmac-md5
Bytes raw sent: 100048273
Bytes encrypted sent: 100996080
Time sent: 24.9
Bytes non channel sent: 1611
aes128-ctr+hmac-md5-etm@openssh.com
Bytes raw sent: 100048177
Bytes encrypted sent: 101463772
Time sent: 26.6
Bytes non channel sent: 1643
aes128-ctr+umac-64-etm@openssh.com
Bytes raw sent: 100048289
Bytes encrypted sent: 101366416
Time sent: 22.2
Bytes non channel sent: 1641
aes128-ctr+hmac-sha1
Bytes raw sent: 100048249
Bytes encrypted sent: 100839320
Time sent: 22.5
Bytes non channel sent: 1613
3des-cbc+hmac-md5
Bytes raw sent: 100048209
Bytes encrypted sent: 100996088
Time sent: 22.4
Bytes non channel sent: 1607
aes256-ctr+hmac-sha2-512
Bytes raw sent: 100048257
Bytes encrypted sent: 101517776
Time sent: 23.8
Bytes non channel sent: 1621
aes128-cbc+hmac-sha1
Bytes raw sent: 100048145
Bytes encrypted sent: 100991440
Time sent: 22.4
Bytes non channel sent: 1613
aes128-ctr+hmac-ripemd160
Bytes raw sent: 100048233
Bytes encrypted sent: 100970496
Time sent: 24.9
Bytes non channel sent: 1623
chacha20-poly1305@openssh.com
Bytes raw sent: 100048249
Bytes encrypted sent: 101070440
Time sent: 22.5
Bytes non channel sent: 2059
aes128-gcm@openssh.com
Bytes raw sent: 100048233
Bytes encrypted sent: 100702904
Time sent: 26.4
Bytes non channel sent: 2045
im-aes128-gcm-128
Bytes raw sent: 100047769
Bytes encrypted sent: 118542536
Time sent: 26.9
Bytes non channel sent: 2035
im-chacha-poly-128
Bytes raw sent: 100048169
Bytes encrypted sent: 115205480
Time sent: 27.8
Bytes non channel sent: 2037
im-aes128-gcm-256
Bytes raw sent: 100048233
Bytes encrypted sent: 108855368
Time sent: 25.2
Bytes non channel sent: 2035
im-chacha-poly-256
Bytes raw sent: 100048217
Bytes encrypted sent: 109028632
Time sent: 22.6
Bytes non channel sent: 2037
im-aes128-gcm-512
Bytes raw sent: 100048241
Bytes encrypted sent: 107418944
Time sent: 24.6
Bytes non channel sent: 2035
im-chacha-poly-512
Bytes raw sent: 100048121
Bytes encrypted sent: 106793264
Time sent: 23.5
Bytes non channel sent: 2037
im-aes128-gcm-1024
Bytes raw sent: 100048281
Bytes encrypted sent: 109172696
Time sent: 26.1
Bytes non channel sent: 2037
im-chacha-poly-1024
Bytes raw sent: 100048217
Bytes encrypted sent: 108953480
Time sent: 31.9
Bytes non channel sent: 2039
im-aes128-gcm-2048
Bytes raw sent: 100047833
Bytes encrypted sent: 119004048
Time sent: 30.7
Bytes non channel sent: 2037
im-chacha-poly-2048
Bytes raw sent: 100048121
Bytes encrypted sent: 114310512
Time sent: 24.5
Bytes non channel sent: 2039
im-aes128-gcm-4096
Bytes raw sent: 100048281
Bytes encrypted sent: 131394848
Time sent: 26.4
Bytes non channel sent: 2037
im-chacha-poly-4096
Bytes raw sent: 100048113
Bytes encrypted sent: 130699920
Time sent: 29.7
Bytes non channel sent: 2039
