aws-london
aws-us-west-oregon
UPLOAD
100MB
aes128-ctr+hmac-md5
Bytes raw sent: 100048281
Bytes encrypted sent: 101291360
Time sent: 12.9
Bytes non channel sent: 1611
aes128-ctr+hmac-md5-etm@openssh.com
Bytes raw sent: 100048289
Bytes encrypted sent: 101850264
Time sent: 18.9
Bytes non channel sent: 1643
aes128-ctr+umac-64-etm@openssh.com
Bytes raw sent: 100048289
Bytes encrypted sent: 100874504
Time sent: 19.4
Bytes non channel sent: 1641
aes128-ctr+hmac-sha1
Bytes raw sent: 100048281
Bytes encrypted sent: 101496084
Time sent: 22.9
Bytes non channel sent: 1613
3des-cbc+hmac-md5
Bytes raw sent: 100048185
Bytes encrypted sent: 101094392
Time sent: 25.0
Bytes non channel sent: 1607
aes256-ctr+hmac-sha2-512
Bytes raw sent: 100048225
Bytes encrypted sent: 101894816
Time sent: 21.5
Bytes non channel sent: 1621
aes128-cbc+hmac-sha1
Bytes raw sent: 100048265
Bytes encrypted sent: 100806604
Time sent: 21.9
Bytes non channel sent: 1613
aes128-ctr+hmac-ripemd160
Bytes raw sent: 100048201
Bytes encrypted sent: 100827704
Time sent: 22.5
Bytes non channel sent: 1623
chacha20-poly1305@openssh.com
Bytes raw sent: 100048217
Bytes encrypted sent: 100709452
Time sent: 24.3
Bytes non channel sent: 2059
aes128-gcm@openssh.com
Bytes raw sent: 100048281
Bytes encrypted sent: 101156592
Time sent: 21.0
Bytes non channel sent: 2045
im-aes128-gcm-128
Bytes raw sent: 100048249
Bytes encrypted sent: 115355384
Time sent: 24.3
Bytes non channel sent: 2035
im-chacha-poly-128
Bytes raw sent: 100048217
Bytes encrypted sent: 115507240
Time sent: 13.8
Bytes non channel sent: 2037
im-aes128-gcm-256
Bytes raw sent: 100048281
Bytes encrypted sent: 108771792
Time sent: 16.1
Bytes non channel sent: 2035
im-chacha-poly-256
Bytes raw sent: 100048217
Bytes encrypted sent: 108893736
Time sent: 13.2
Bytes non channel sent: 2037
im-aes128-gcm-512
Bytes raw sent: 100048281
Bytes encrypted sent: 107221888
Time sent: 12.9
Bytes non channel sent: 2035
im-chacha-poly-512
Bytes raw sent: 100048113
Bytes encrypted sent: 107100600
Time sent: 16.4
Bytes non channel sent: 2037
im-aes128-gcm-1024
Bytes raw sent: 100048281
Bytes encrypted sent: 111983616
Time sent: 13.8
Bytes non channel sent: 2037
im-chacha-poly-1024
Bytes raw sent: 100048145
Bytes encrypted sent: 108362560
Time sent: 13.2
Bytes non channel sent: 2039
im-aes128-gcm-2048
Bytes raw sent: 100048289
Bytes encrypted sent: 114554824
Time sent: 18.9
Bytes non channel sent: 2037
im-chacha-poly-2048
Bytes raw sent: 100048145
Bytes encrypted sent: 113820840
Time sent: 14.6
Bytes non channel sent: 2039
im-aes128-gcm-4096
Bytes raw sent: 100048273
Bytes encrypted sent: 126209024
Time sent: 14.7
Bytes non channel sent: 2037
im-chacha-poly-4096
Bytes raw sent: 100048177
Bytes encrypted sent: 125609888
Time sent: 14.8
Bytes non channel sent: 2039
