aws-london
aws-us-west-oregon
UPLOAD
100MB
aes128-ctr+hmac-md5
Bytes raw sent: 100048273
Bytes encrypted sent: 100798896
Time sent: 23.6
Bytes non channel sent: 1611
aes128-ctr+hmac-md5-etm@openssh.com
Bytes raw sent: 100048169
Bytes encrypted sent: 100988096
Time sent: 25.2
Bytes non channel sent: 1643
aes128-ctr+umac-64-etm@openssh.com
Bytes raw sent: 100048281
Bytes encrypted sent: 101415568
Time sent: 22.3
Bytes non channel sent: 1641
aes128-ctr+hmac-sha1
Bytes raw sent: 100048241
Bytes encrypted sent: 101299056
Time sent: 24.0
Bytes non channel sent: 1613
3des-cbc+hmac-md5
Bytes raw sent: 100048185
Bytes encrypted sent: 101115776
Time sent: 19.1
Bytes non channel sent: 1607
aes256-ctr+hmac-sha2-512
Bytes raw sent: 100048281
Bytes encrypted sent: 101778008
Time sent: 12.8
Bytes non channel sent: 1621
aes128-cbc+hmac-sha1
Bytes raw sent: 100048249
Bytes encrypted sent: 101329032
Time sent: 14.9
Bytes non channel sent: 1613
aes128-ctr+hmac-ripemd160
Bytes raw sent: 100048257
Bytes encrypted sent: 101200392
Time sent: 12.4
Bytes non channel sent: 1623
chacha20-poly1305@openssh.com
Bytes raw sent: 100048281
Bytes encrypted sent: 101083856
Time sent: 12.9
Bytes non channel sent: 2059
aes128-gcm@openssh.com
Bytes raw sent: 100048281
Bytes encrypted sent: 101480788
Time sent: 12.3
Bytes non channel sent: 2045
im-aes128-gcm-128
Bytes raw sent: 100048281
Bytes encrypted sent: 115298744
Time sent: 13.8
Bytes non channel sent: 2035
im-chacha-poly-128
Bytes raw sent: 100048121
Bytes encrypted sent: 114979024
Time sent: 13.7
Bytes non channel sent: 2037
im-aes128-gcm-256
Bytes raw sent: 100048281
Bytes encrypted sent: 108824288
Time sent: 13.2
Bytes non channel sent: 2035
im-chacha-poly-256
Bytes raw sent: 100048217
Bytes encrypted sent: 109069176
Time sent: 18.1
Bytes non channel sent: 2037
im-aes128-gcm-512
Bytes raw sent: 100048273
Bytes encrypted sent: 109556328
Time sent: 15.0
Bytes non channel sent: 2035
im-chacha-poly-512
Bytes raw sent: 100048217
Bytes encrypted sent: 107455008
Time sent: 20.1
Bytes non channel sent: 2037
im-aes128-gcm-1024
Bytes raw sent: 100038329
Bytes encrypted sent: 173246936
Time sent: 43.1
Bytes non channel sent: 2037
im-chacha-poly-1024
Bytes raw sent: 100048217
Bytes encrypted sent: 108747560
Time sent: 22.8
Bytes non channel sent: 2039
im-aes128-gcm-2048
Bytes raw sent: 100048161
Bytes encrypted sent: 114054576
Time sent: 25.0
Bytes non channel sent: 2037
im-chacha-poly-2048
Bytes raw sent: 100048153
Bytes encrypted sent: 114033936
Time sent: 24.1
Bytes non channel sent: 2039
im-aes128-gcm-4096
Bytes raw sent: 100048289
Bytes encrypted sent: 131357840
Time sent: 26.8
Bytes non channel sent: 2037
im-chacha-poly-4096
Bytes raw sent: 100048209
Bytes encrypted sent: 135054528
Time sent: 28.3
Bytes non channel sent: 2039
