aws-london
aws-us-west-oregon
UPLOAD
100MB
aes128-ctr+hmac-md5
Bytes raw sent: 100048185
Bytes encrypted sent: 100978784
Time sent: 29.0
Bytes non channel sent: 1611
aes128-ctr+hmac-md5-etm@openssh.com
Bytes raw sent: 100048169
Bytes encrypted sent: 101562652
Time sent: 25.8
Bytes non channel sent: 1643
aes128-ctr+umac-64-etm@openssh.com
Bytes raw sent: 100048217
Bytes encrypted sent: 100923488
Time sent: 23.7
Bytes non channel sent: 1641
aes128-ctr+hmac-sha1
Bytes raw sent: 100048161
Bytes encrypted sent: 100994440
Time sent: 24.8
Bytes non channel sent: 1613
3des-cbc+hmac-md5
Bytes raw sent: 100048153
Bytes encrypted sent: 101148424
Time sent: 26.0
Bytes non channel sent: 1607
aes256-ctr+hmac-sha2-512
Bytes raw sent: 100048225
Bytes encrypted sent: 102654224
Time sent: 26.1
Bytes non channel sent: 1621
aes128-cbc+hmac-sha1
Bytes raw sent: 100048113
Bytes encrypted sent: 101410900
Time sent: 27.1
Bytes non channel sent: 1613
aes128-ctr+hmac-ripemd160
Bytes raw sent: 100048169
Bytes encrypted sent: 103450512
Time sent: 23.0
Bytes non channel sent: 1623
chacha20-poly1305@openssh.com
Bytes raw sent: 100048233
Bytes encrypted sent: 101070368
Time sent: 27.0
Bytes non channel sent: 2059
aes128-gcm@openssh.com
Bytes raw sent: 100048161
Bytes encrypted sent: 101422472
Time sent: 27.2
Bytes non channel sent: 2045
im-aes128-gcm-128
Bytes raw sent: 100048241
Bytes encrypted sent: 117618632
Time sent: 28.7
Bytes non channel sent: 2035
im-chacha-poly-128
Bytes raw sent: 100047905
Bytes encrypted sent: 116526680
Time sent: 28.7
Bytes non channel sent: 2037
im-aes128-gcm-256
Bytes raw sent: 100048153
Bytes encrypted sent: 110590640
Time sent: 27.7
Bytes non channel sent: 2035
im-chacha-poly-256
Bytes raw sent: 100048113
Bytes encrypted sent: 110419912
Time sent: 29.0
Bytes non channel sent: 2037
im-aes128-gcm-512
Bytes raw sent: 100048161
Bytes encrypted sent: 107724168
Time sent: 24.7
Bytes non channel sent: 2035
im-chacha-poly-512
Bytes raw sent: 100048217
Bytes encrypted sent: 107244744
Time sent: 26.6
Bytes non channel sent: 2037
im-aes128-gcm-1024
Bytes raw sent: 100048249
Bytes encrypted sent: 109406920
Time sent: 26.9
Bytes non channel sent: 2037
im-chacha-poly-1024
Bytes raw sent: 100048217
Bytes encrypted sent: 108747560
Time sent: 26.1
Bytes non channel sent: 2039
im-aes128-gcm-2048
Bytes raw sent: 100048233
Bytes encrypted sent: 115005912
Time sent: 27.2
Bytes non channel sent: 2037
im-chacha-poly-2048
Bytes raw sent: 100048185
Bytes encrypted sent: 114240048
Time sent: 29.6
Bytes non channel sent: 2039
im-aes128-gcm-4096
Bytes raw sent: 100048257
Bytes encrypted sent: 144281856
Time sent: 31.7
Bytes non channel sent: 2037
im-chacha-poly-4096
Bytes raw sent: 100048129
Bytes encrypted sent: 131045328
Time sent: 28.3
Bytes non channel sent: 2039
