aws-london
aws-us-west-oregon
UPLOAD
100MB
aes128-ctr+hmac-md5
Bytes raw sent: 100048281
Bytes encrypted sent: 101622560
Time sent: 12.4
Bytes non channel sent: 1611
aes128-ctr+hmac-md5-etm@openssh.com
Bytes raw sent: 100048281
Bytes encrypted sent: 101435564
Time sent: 12.4
Bytes non channel sent: 1643
aes128-ctr+umac-64-etm@openssh.com
Bytes raw sent: 100048273
Bytes encrypted sent: 101021988
Time sent: 23.2
Bytes non channel sent: 1641
aes128-ctr+hmac-sha1
Bytes raw sent: 100048257
Bytes encrypted sent: 104001760
Time sent: 24.3
Bytes non channel sent: 1613
3des-cbc+hmac-md5
Bytes raw sent: 100048121
Bytes encrypted sent: 101126880
Time sent: 25.5
Bytes non channel sent: 1607
aes256-ctr+hmac-sha2-512
Bytes raw sent: 100048177
Bytes encrypted sent: 101069072
Time sent: 24.4
Bytes non channel sent: 1621
aes128-cbc+hmac-sha1
Bytes raw sent: 100048129
Bytes encrypted sent: 100969820
Time sent: 23.2
Bytes non channel sent: 1613
aes128-ctr+hmac-ripemd160
Bytes raw sent: 100048289
Bytes encrypted sent: 100970860
Time sent: 26.1
Bytes non channel sent: 1623
chacha20-poly1305@openssh.com
Bytes raw sent: 100048265
Bytes encrypted sent: 101037888
Time sent: 23.8
Bytes non channel sent: 2059
aes128-gcm@openssh.com
Bytes raw sent: 100048249
Bytes encrypted sent: 101353272
Time sent: 21.5
Bytes non channel sent: 2045
im-aes128-gcm-128
Bytes raw sent: 100048185
Bytes encrypted sent: 115614208
Time sent: 27.7
Bytes non channel sent: 2035
im-chacha-poly-128
Bytes raw sent: 100048153
Bytes encrypted sent: 115279064
Time sent: 25.3
Bytes non channel sent: 2037
im-aes128-gcm-256
Bytes raw sent: 100048225
Bytes encrypted sent: 109156320
Time sent: 26.5
Bytes non channel sent: 2035
im-chacha-poly-256
Bytes raw sent: 100048105
Bytes encrypted sent: 109271256
Time sent: 26.4
Bytes non channel sent: 2037
im-aes128-gcm-512
Bytes raw sent: 100048233
Bytes encrypted sent: 107428704
Time sent: 26.5
Bytes non channel sent: 2035
im-chacha-poly-512
Bytes raw sent: 100048169
Bytes encrypted sent: 107225696
Time sent: 26.6
Bytes non channel sent: 2037
im-aes128-gcm-1024
Bytes raw sent: 100048137
Bytes encrypted sent: 108860960
Time sent: 24.6
Bytes non channel sent: 2037
im-chacha-poly-1024
Bytes raw sent: 100048249
Bytes encrypted sent: 108957640
Time sent: 24.3
Bytes non channel sent: 2039
im-aes128-gcm-2048
Bytes raw sent: 100048233
Bytes encrypted sent: 114657264
Time sent: 25.9
Bytes non channel sent: 2037
im-chacha-poly-2048
Bytes raw sent: 100048153
Bytes encrypted sent: 114075216
Time sent: 27.9
Bytes non channel sent: 2039
im-aes128-gcm-4096
Bytes raw sent: 100048185
Bytes encrypted sent: 137550512
Time sent: 29.2
Bytes non channel sent: 2037
im-chacha-poly-4096
Bytes raw sent: 100048185
Bytes encrypted sent: 133771584
Time sent: 24.4
Bytes non channel sent: 2039
