aws-london
aws-us-west-oregon
UPLOAD
100MB
aes128-ctr+hmac-md5
Bytes raw sent: 100048281
Bytes encrypted sent: 101304144
Time sent: 22.6
Bytes non channel sent: 1611
aes128-ctr+hmac-md5-etm@openssh.com
Bytes raw sent: 100048265
Bytes encrypted sent: 101182248
Time sent: 12.9
Bytes non channel sent: 1643
aes128-ctr+umac-64-etm@openssh.com
Bytes raw sent: 100048281
Bytes encrypted sent: 101533328
Time sent: 22.4
Bytes non channel sent: 1641
aes128-ctr+hmac-sha1
Bytes raw sent: 100048281
Bytes encrypted sent: 101151600
Time sent: 13.0
Bytes non channel sent: 1613
3des-cbc+hmac-md5
Bytes raw sent: 100048137
Bytes encrypted sent: 101173456
Time sent: 12.3
Bytes non channel sent: 1607
aes256-ctr+hmac-sha2-512
Bytes raw sent: 100048281
Bytes encrypted sent: 101791312
Time sent: 19.6
Bytes non channel sent: 1621
aes128-cbc+hmac-sha1
Bytes raw sent: 100048249
Bytes encrypted sent: 101476956
Time sent: 15.4
Bytes non channel sent: 1613
aes128-ctr+hmac-ripemd160
Bytes raw sent: 100048257
Bytes encrypted sent: 101863188
Time sent: 13.1
Bytes non channel sent: 1623
chacha20-poly1305@openssh.com
Bytes raw sent: 100048281
Bytes encrypted sent: 101281060
Time sent: 12.4
Bytes non channel sent: 2059
aes128-gcm@openssh.com
Bytes raw sent: 100048281
Bytes encrypted sent: 101185552
Time sent: 12.4
Bytes non channel sent: 2045
im-aes128-gcm-128
Bytes raw sent: 100048281
Bytes encrypted sent: 115231744
Time sent: 19.4
Bytes non channel sent: 2035
im-chacha-poly-128
Bytes raw sent: 100048217
Bytes encrypted sent: 115507240
Time sent: 23.7
Bytes non channel sent: 2037
im-aes128-gcm-256
Bytes raw sent: 100048281
Bytes encrypted sent: 108912416
Time sent: 18.5
Bytes non channel sent: 2035
im-chacha-poly-256
Bytes raw sent: 100048217
Bytes encrypted sent: 108468336
Time sent: 17.3
Bytes non channel sent: 2037
im-aes128-gcm-512
Bytes raw sent: 100048281
Bytes encrypted sent: 107423944
Time sent: 13.1
Bytes non channel sent: 2035
im-chacha-poly-512
Bytes raw sent: 100048145
Bytes encrypted sent: 106828152
Time sent: 16.2
Bytes non channel sent: 2037
im-aes128-gcm-1024
Bytes raw sent: 100048289
Bytes encrypted sent: 109161240
Time sent: 14.0
Bytes non channel sent: 2037
im-chacha-poly-1024
Bytes raw sent: 100048249
Bytes encrypted sent: 108839920
Time sent: 18.4
Bytes non channel sent: 2039
im-aes128-gcm-2048
Bytes raw sent: 100048297
Bytes encrypted sent: 114832816
Time sent: 20.8
Bytes non channel sent: 2037
im-chacha-poly-2048
Bytes raw sent: 100048217
Bytes encrypted sent: 114438808
Time sent: 13.8
Bytes non channel sent: 2039
im-aes128-gcm-4096
Bytes raw sent: 100048273
Bytes encrypted sent: 129288912
Time sent: 19.5
Bytes non channel sent: 2037
im-chacha-poly-4096
Bytes raw sent: 100048265
Bytes encrypted sent: 126338176
Time sent: 14.8
Bytes non channel sent: 2039
