aws-london
aws-us-west-oregon
UPLOAD
100MB
aes128-ctr+hmac-md5
Bytes raw sent: 100048281
Bytes encrypted sent: 101523264
Time sent: 21.0
Bytes non channel sent: 1611
aes128-ctr+hmac-md5-etm@openssh.com
Bytes raw sent: 100048281
Bytes encrypted sent: 101792856
Time sent: 24.4
Bytes non channel sent: 1643
aes128-ctr+umac-64-etm@openssh.com
Bytes raw sent: 100048201
Bytes encrypted sent: 101284496
Time sent: 25.5
Bytes non channel sent: 1641
aes128-ctr+hmac-sha1
Bytes raw sent: 100048217
Bytes encrypted sent: 103270756
Time sent: 25.1
Bytes non channel sent: 1613
3des-cbc+hmac-md5
Bytes raw sent: 100048121
Bytes encrypted sent: 101126880
Time sent: 27.2
Bytes non channel sent: 1607
aes256-ctr+hmac-sha2-512
Bytes raw sent: 100048169
Bytes encrypted sent: 101351440
Time sent: 25.6
Bytes non channel sent: 1621
aes128-cbc+hmac-sha1
Bytes raw sent: 100048137
Bytes encrypted sent: 100969872
Time sent: 27.0
Bytes non channel sent: 1613
aes128-ctr+hmac-ripemd160
Bytes raw sent: 100048201
Bytes encrypted sent: 101216516
Time sent: 25.8
Bytes non channel sent: 1623
chacha20-poly1305@openssh.com
Bytes raw sent: 100048129
Bytes encrypted sent: 101397940
Time sent: 27.6
Bytes non channel sent: 2059
aes128-gcm@openssh.com
Bytes raw sent: 100048249
Bytes encrypted sent: 101907436
Time sent: 25.6
Bytes non channel sent: 2045
im-aes128-gcm-128
Bytes raw sent: 100048249
Bytes encrypted sent: 115431848
Time sent: 29.0
Bytes non channel sent: 2035
im-chacha-poly-128
Bytes raw sent: 100048153
Bytes encrypted sent: 115428968
Time sent: 30.4
Bytes non channel sent: 2037
im-aes128-gcm-256
Bytes raw sent: 100048185
Bytes encrypted sent: 109599464
Time sent: 28.0
Bytes non channel sent: 2035
im-chacha-poly-256
Bytes raw sent: 100048033
Bytes encrypted sent: 110276024
Time sent: 29.4
Bytes non channel sent: 2037
im-aes128-gcm-512
Bytes raw sent: 100048273
Bytes encrypted sent: 107149920
Time sent: 27.7
Bytes non channel sent: 2035
im-chacha-poly-512
Bytes raw sent: 100048121
Bytes encrypted sent: 107800688
Time sent: 27.4
Bytes non channel sent: 2037
im-aes128-gcm-1024
Bytes raw sent: 100048177
Bytes encrypted sent: 109806896
Time sent: 25.0
Bytes non channel sent: 2037
im-chacha-poly-1024
Bytes raw sent: 100048185
Bytes encrypted sent: 109166680
Time sent: 28.4
Bytes non channel sent: 2039
im-aes128-gcm-2048
Bytes raw sent: 100048217
Bytes encrypted sent: 114242016
Time sent: 29.6
Bytes non channel sent: 2037
im-chacha-poly-2048
Bytes raw sent: 100048217
Bytes encrypted sent: 115044912
Time sent: 28.2
Bytes non channel sent: 2039
im-aes128-gcm-4096
Bytes raw sent: 100048233
Bytes encrypted sent: 131078224
Time sent: 31.4
Bytes non channel sent: 2037
im-chacha-poly-4096
Bytes raw sent: 100048089
Bytes encrypted sent: 128972880
Time sent: 32.0
Bytes non channel sent: 2039
