aws-london
aws-us-west-oregon
UPLOAD
100MB
aes128-ctr+hmac-md5
Bytes raw sent: 100048281
Bytes encrypted sent: 101359888
Time sent: 14.5
Bytes non channel sent: 1611
aes128-ctr+hmac-md5-etm@openssh.com
Bytes raw sent: 100048281
Bytes encrypted sent: 101087140
Time sent: 12.3
Bytes non channel sent: 1643
aes128-ctr+umac-64-etm@openssh.com
Bytes raw sent: 100048289
Bytes encrypted sent: 101731140
Time sent: 12.4
Bytes non channel sent: 1641
aes128-ctr+hmac-sha1
Bytes raw sent: 100048281
Bytes encrypted sent: 101644688
Time sent: 12.8
Bytes non channel sent: 1613
3des-cbc+hmac-md5
Bytes raw sent: 100048129
Bytes encrypted sent: 101173416
Time sent: 12.3
Bytes non channel sent: 1607
aes256-ctr+hmac-sha2-512
Bytes raw sent: 100048281
Bytes encrypted sent: 101835776
Time sent: 16.0
Bytes non channel sent: 1621
aes128-cbc+hmac-sha1
Bytes raw sent: 100048281
Bytes encrypted sent: 101345624
Time sent: 21.4
Bytes non channel sent: 1613
aes128-ctr+hmac-ripemd160
Bytes raw sent: 100048113
Bytes encrypted sent: 102021620
Time sent: 28.8
Bytes non channel sent: 1623
chacha20-poly1305@openssh.com
Bytes raw sent: 100047993
Bytes encrypted sent: 104318504
Time sent: 22.7
Bytes non channel sent: 2059
aes128-gcm@openssh.com
Bytes raw sent: 100048249
Bytes encrypted sent: 100906428
Time sent: 21.1
Bytes non channel sent: 2045
im-aes128-gcm-128
Bytes raw sent: 100048281
Bytes encrypted sent: 115560248
Time sent: 24.1
Bytes non channel sent: 2035
im-chacha-poly-128
Bytes raw sent: 100048121
Bytes encrypted sent: 114830936
Time sent: 35.3
Bytes non channel sent: 2037
im-aes128-gcm-256
Bytes raw sent: 100047577
Bytes encrypted sent: 115863352
Time sent: 24.3
Bytes non channel sent: 2035
im-chacha-poly-256
Bytes raw sent: 100048201
Bytes encrypted sent: 108536856
Time sent: 24.2
Bytes non channel sent: 2037
im-aes128-gcm-512
Bytes raw sent: 100048257
Bytes encrypted sent: 107578128
Time sent: 21.7
Bytes non channel sent: 2035
im-chacha-poly-512
Bytes raw sent: 100048137
Bytes encrypted sent: 107034560
Time sent: 29.4
Bytes non channel sent: 2037
im-aes128-gcm-1024
Bytes raw sent: 100048137
Bytes encrypted sent: 112011120
Time sent: 25.5
Bytes non channel sent: 2037
im-chacha-poly-1024
Bytes raw sent: 100048145
Bytes encrypted sent: 111040760
Time sent: 27.6
Bytes non channel sent: 2039
im-aes128-gcm-2048
Bytes raw sent: 100047953
Bytes encrypted sent: 119022240
Time sent: 21.5
Bytes non channel sent: 2037
im-chacha-poly-2048
Bytes raw sent: 100048113
Bytes encrypted sent: 113918352
Time sent: 26.4
Bytes non channel sent: 2039
im-aes128-gcm-4096
Bytes raw sent: 100048289
Bytes encrypted sent: 131711472
Time sent: 26.2
Bytes non channel sent: 2037
im-chacha-poly-4096
Bytes raw sent: 100048185
Bytes encrypted sent: 135461616
Time sent: 28.1
Bytes non channel sent: 2039
