aws-london
aws-us-west-oregon
UPLOAD
100MB
aes128-ctr+hmac-md5
Bytes raw sent: 100048145
Bytes encrypted sent: 100847280
Time sent: 24.3
Bytes non channel sent: 1611
aes128-ctr+hmac-md5-etm@openssh.com
Bytes raw sent: 100048169
Bytes encrypted sent: 101053848
Time sent: 24.8
Bytes non channel sent: 1643
aes128-ctr+umac-64-etm@openssh.com
Bytes raw sent: 100048241
Bytes encrypted sent: 101021876
Time sent: 22.3
Bytes non channel sent: 1641
aes128-ctr+hmac-sha1
Bytes raw sent: 100048233
Bytes encrypted sent: 101167416
Time sent: 25.5
Bytes non channel sent: 1613
3des-cbc+hmac-md5
Bytes raw sent: 100048185
Bytes encrypted sent: 100897544
Time sent: 24.4
Bytes non channel sent: 1607
aes256-ctr+hmac-sha2-512
Bytes raw sent: 100048225
Bytes encrypted sent: 101467088
Time sent: 23.7
Bytes non channel sent: 1621
aes128-cbc+hmac-sha1
Bytes raw sent: 100048233
Bytes encrypted sent: 100954524
Time sent: 23.2
Bytes non channel sent: 1613
aes128-ctr+hmac-ripemd160
Bytes raw sent: 100048193
Bytes encrypted sent: 100904596
Time sent: 24.7
Bytes non channel sent: 1623
chacha20-poly1305@openssh.com
Bytes raw sent: 100048257
Bytes encrypted sent: 101004868
Time sent: 24.3
Bytes non channel sent: 2059
aes128-gcm@openssh.com
Bytes raw sent: 100048233
Bytes encrypted sent: 101070376
Time sent: 21.0
Bytes non channel sent: 2045
im-aes128-gcm-128
Bytes raw sent: 100048273
Bytes encrypted sent: 115786232
Time sent: 26.6
Bytes non channel sent: 2035
im-chacha-poly-128
Bytes raw sent: 100048137
Bytes encrypted sent: 115896248
Time sent: 27.2
Bytes non channel sent: 2037
im-aes128-gcm-256
Bytes raw sent: 100048241
Bytes encrypted sent: 109205160
Time sent: 25.7
Bytes non channel sent: 2035
im-chacha-poly-256
Bytes raw sent: 100048145
Bytes encrypted sent: 108746296
Time sent: 30.7
Bytes non channel sent: 2037
im-aes128-gcm-512
Bytes raw sent: 100047785
Bytes encrypted sent: 113174424
Time sent: 24.7
Bytes non channel sent: 2035
im-chacha-poly-512
Bytes raw sent: 100048153
Bytes encrypted sent: 107311760
Time sent: 24.8
Bytes non channel sent: 2037
im-aes128-gcm-1024
Bytes raw sent: 100048185
Bytes encrypted sent: 108729920
Time sent: 27.0
Bytes non channel sent: 2037
im-chacha-poly-1024
Bytes raw sent: 100048193
Bytes encrypted sent: 109002360
Time sent: 25.3
Bytes non channel sent: 2039
im-aes128-gcm-2048
Bytes raw sent: 100048265
Bytes encrypted sent: 114518976
Time sent: 24.7
Bytes non channel sent: 2037
im-chacha-poly-2048
Bytes raw sent: 100048161
Bytes encrypted sent: 114301968
Time sent: 27.7
Bytes non channel sent: 2039
im-aes128-gcm-4096
Bytes raw sent: 100048057
Bytes encrypted sent: 132690128
Time sent: 29.0
Bytes non channel sent: 2037
im-chacha-poly-4096
Bytes raw sent: 100048273
Bytes encrypted sent: 128314960
Time sent: 29.9
Bytes non channel sent: 2039
