aws-london
aws-us-west-oregon
UPLOAD
100MB
aes128-ctr+hmac-md5
Bytes raw sent: 100048313
Bytes encrypted sent: 101029088
Time sent: 22.8
Bytes non channel sent: 1611
aes128-ctr+hmac-md5-etm@openssh.com
Bytes raw sent: 100048209
Bytes encrypted sent: 100709424
Time sent: 25.1
Bytes non channel sent: 1643
aes128-ctr+umac-64-etm@openssh.com
Bytes raw sent: 100048273
Bytes encrypted sent: 101021988
Time sent: 27.9
Bytes non channel sent: 1641
aes128-ctr+hmac-sha1
Bytes raw sent: 100048177
Bytes encrypted sent: 102351016
Time sent: 27.5
Bytes non channel sent: 1613
3des-cbc+hmac-md5
Bytes raw sent: 100048145
Bytes encrypted sent: 101931776
Time sent: 26.7
Bytes non channel sent: 1607
aes256-ctr+hmac-sha2-512
Bytes raw sent: 100048169
Bytes encrypted sent: 101269232
Time sent: 23.1
Bytes non channel sent: 1621
aes128-cbc+hmac-sha1
Bytes raw sent: 100048201
Bytes encrypted sent: 101265668
Time sent: 23.7
Bytes non channel sent: 1613
aes128-ctr+hmac-ripemd160
Bytes raw sent: 100048273
Bytes encrypted sent: 100823092
Time sent: 21.6
Bytes non channel sent: 1623
chacha20-poly1305@openssh.com
Bytes raw sent: 100048241
Bytes encrypted sent: 100742364
Time sent: 24.8
Bytes non channel sent: 2059
aes128-gcm@openssh.com
Bytes raw sent: 100048241
Bytes encrypted sent: 101333348
Time sent: 25.4
Bytes non channel sent: 2045
im-aes128-gcm-128
Bytes raw sent: 100048185
Bytes encrypted sent: 117897168
Time sent: 19.8
Bytes non channel sent: 2035
im-chacha-poly-128
Bytes raw sent: 100048121
Bytes encrypted sent: 115090912
Time sent: 28.4
Bytes non channel sent: 2037
im-aes128-gcm-256
Bytes raw sent: 100048209
Bytes encrypted sent: 110581480
Time sent: 26.9
Bytes non channel sent: 2035
im-chacha-poly-256
Bytes raw sent: 100048217
Bytes encrypted sent: 109239976
Time sent: 24.6
Bytes non channel sent: 2037
im-aes128-gcm-512
Bytes raw sent: 100048289
Bytes encrypted sent: 107664760
Time sent: 19.9
Bytes non channel sent: 2035
im-chacha-poly-512
Bytes raw sent: 100048217
Bytes encrypted sent: 106833920
Time sent: 21.9
Bytes non channel sent: 2037
im-aes128-gcm-1024
Bytes raw sent: 100048201
Bytes encrypted sent: 108779800
Time sent: 23.5
Bytes non channel sent: 2037
im-chacha-poly-1024
Bytes raw sent: 100048153
Bytes encrypted sent: 108533320
Time sent: 20.9
Bytes non channel sent: 2039
im-aes128-gcm-2048
Bytes raw sent: 100048265
Bytes encrypted sent: 114378624
Time sent: 25.0
Bytes non channel sent: 2037
im-chacha-poly-2048
Bytes raw sent: 100048121
Bytes encrypted sent: 113815152
Time sent: 24.4
Bytes non channel sent: 2039
im-aes128-gcm-4096
Bytes raw sent: 100048281
Bytes encrypted sent: 130613568
Time sent: 24.1
Bytes non channel sent: 2037
im-chacha-poly-4096
Bytes raw sent: 100048105
Bytes encrypted sent: 130995984
Time sent: 31.3
Bytes non channel sent: 2039
