aws-london
aws-us-west-oregon
UPLOAD
100MB
aes128-ctr+hmac-md5
Bytes raw sent: 100048281
Bytes encrypted sent: 101616624
Time sent: 16.3
Bytes non channel sent: 1611
aes128-ctr+hmac-md5-etm@openssh.com
Bytes raw sent: 100048273
Bytes encrypted sent: 101149816
Time sent: 12.4
Bytes non channel sent: 1643
aes128-ctr+umac-64-etm@openssh.com
Bytes raw sent: 100048281
Bytes encrypted sent: 101874804
Time sent: 14.2
Bytes non channel sent: 1641
aes128-ctr+hmac-sha1
Bytes raw sent: 100048281
Bytes encrypted sent: 102202100
Time sent: 12.1
Bytes non channel sent: 1613
3des-cbc+hmac-md5
Bytes raw sent: 100048137
Bytes encrypted sent: 101216064
Time sent: 12.2
Bytes non channel sent: 1607
aes256-ctr+hmac-sha2-512
Bytes raw sent: 100048281
Bytes encrypted sent: 101873424
Time sent: 12.3
Bytes non channel sent: 1621
aes128-cbc+hmac-sha1
Bytes raw sent: 100048281
Bytes encrypted sent: 101561928
Time sent: 12.2
Bytes non channel sent: 1613
aes128-ctr+hmac-ripemd160
Bytes raw sent: 100048281
Bytes encrypted sent: 101601732
Time sent: 12.9
Bytes non channel sent: 1623
chacha20-poly1305@openssh.com
Bytes raw sent: 100048185
Bytes encrypted sent: 101280628
Time sent: 17.6
Bytes non channel sent: 2059
aes128-gcm@openssh.com
Bytes raw sent: 100048281
Bytes encrypted sent: 101159524
Time sent: 13.5
Bytes non channel sent: 2045
im-aes128-gcm-128
Bytes raw sent: 100048281
Bytes encrypted sent: 115392160
Time sent: 13.8
Bytes non channel sent: 2035
im-chacha-poly-128
Bytes raw sent: 100047985
Bytes encrypted sent: 115163056
Time sent: 18.3
Bytes non channel sent: 2037
im-aes128-gcm-256
Bytes raw sent: 100048281
Bytes encrypted sent: 108898808
Time sent: 14.3
Bytes non channel sent: 2035
im-chacha-poly-256
Bytes raw sent: 100048233
Bytes encrypted sent: 108468880
Time sent: 19.4
Bytes non channel sent: 2037
im-aes128-gcm-512
Bytes raw sent: 100048201
Bytes encrypted sent: 107350560
Time sent: 13.1
Bytes non channel sent: 2035
im-chacha-poly-512
Bytes raw sent: 100048145
Bytes encrypted sent: 106896792
Time sent: 21.2
Bytes non channel sent: 2037
im-aes128-gcm-1024
Bytes raw sent: 100048281
Bytes encrypted sent: 108589056
Time sent: 17.9
Bytes non channel sent: 2037
im-chacha-poly-1024
Bytes raw sent: 100048217
Bytes encrypted sent: 108988232
Time sent: 13.1
Bytes non channel sent: 2039
im-aes128-gcm-2048
Bytes raw sent: 100048297
Bytes encrypted sent: 115900856
Time sent: 19.9
Bytes non channel sent: 2037
im-chacha-poly-2048
Bytes raw sent: 100048113
Bytes encrypted sent: 114023112
Time sent: 19.8
Bytes non channel sent: 2039
im-aes128-gcm-4096
Bytes raw sent: 100048257
Bytes encrypted sent: 130543664
Time sent: 20.7
Bytes non channel sent: 2037
im-chacha-poly-4096
Bytes raw sent: 100048273
Bytes encrypted sent: 130210056
Time sent: 32.7
Bytes non channel sent: 2039
