aws-london
aws-us-west-oregon
UPLOAD
100MB
aes128-ctr+hmac-md5
Bytes raw sent: 100048281
Bytes encrypted sent: 101368328
Time sent: 18.2
Bytes non channel sent: 1611
aes128-ctr+hmac-md5-etm@openssh.com
Bytes raw sent: 100048273
Bytes encrypted sent: 101251124
Time sent: 17.6
Bytes non channel sent: 1643
aes128-ctr+umac-64-etm@openssh.com
Bytes raw sent: 100048281
Bytes encrypted sent: 101596548
Time sent: 12.7
Bytes non channel sent: 1641
aes128-ctr+hmac-sha1
Bytes raw sent: 100048281
Bytes encrypted sent: 101204996
Time sent: 14.7
Bytes non channel sent: 1613
3des-cbc+hmac-md5
Bytes raw sent: 100048193
Bytes encrypted sent: 101247544
Time sent: 12.4
Bytes non channel sent: 1607
aes256-ctr+hmac-sha2-512
Bytes raw sent: 100048249
Bytes encrypted sent: 101608960
Time sent: 19.8
Bytes non channel sent: 1621
aes128-cbc+hmac-sha1
Bytes raw sent: 100048273
Bytes encrypted sent: 101406260
Time sent: 14.3
Bytes non channel sent: 1613
aes128-ctr+hmac-ripemd160
Bytes raw sent: 100048273
Bytes encrypted sent: 101421144
Time sent: 12.4
Bytes non channel sent: 1623
chacha20-poly1305@openssh.com
Bytes raw sent: 100048249
Bytes encrypted sent: 101594000
Time sent: 17.1
Bytes non channel sent: 2059
aes128-gcm@openssh.com
Bytes raw sent: 100048281
Bytes encrypted sent: 101477092
Time sent: 17.0
Bytes non channel sent: 2045
im-aes128-gcm-128
Bytes raw sent: 100048265
Bytes encrypted sent: 116828344
Time sent: 18.1
Bytes non channel sent: 2035
im-chacha-poly-128
Bytes raw sent: 100047641
Bytes encrypted sent: 117997696
Time sent: 18.2
Bytes non channel sent: 2037
im-aes128-gcm-256
Bytes raw sent: 100048281
Bytes encrypted sent: 109131632
Time sent: 15.4
Bytes non channel sent: 2035
im-chacha-poly-256
Bytes raw sent: 100048217
Bytes encrypted sent: 109064832
Time sent: 20.6
Bytes non channel sent: 2037
im-aes128-gcm-512
Bytes raw sent: 100048281
Bytes encrypted sent: 106999072
Time sent: 17.8
Bytes non channel sent: 2035
im-chacha-poly-512
Bytes raw sent: 100048217
Bytes encrypted sent: 107120496
Time sent: 18.8
Bytes non channel sent: 2037
im-aes128-gcm-1024
Bytes raw sent: 100048281
Bytes encrypted sent: 108887720
Time sent: 16.0
Bytes non channel sent: 2037
im-chacha-poly-1024
Bytes raw sent: 100048097
Bytes encrypted sent: 108562240
Time sent: 21.2
Bytes non channel sent: 2039
im-aes128-gcm-2048
Bytes raw sent: 100048281
Bytes encrypted sent: 114474912
Time sent: 20.1
Bytes non channel sent: 2037
im-chacha-poly-2048
Bytes raw sent: 100048217
Bytes encrypted sent: 113940336
Time sent: 13.8
Bytes non channel sent: 2039
im-aes128-gcm-4096
Bytes raw sent: 100048289
Bytes encrypted sent: 128995512
Time sent: 23.0
Bytes non channel sent: 2037
im-chacha-poly-4096
Bytes raw sent: 100048153
Bytes encrypted sent: 127550752
Time sent: 20.4
Bytes non channel sent: 2039
