aws-london
aws-us-west-oregon
UPLOAD
100MB
aes128-ctr+hmac-md5
Bytes raw sent: 100048193
Bytes encrypted sent: 100749120
Time sent: 22.6
Bytes non channel sent: 1611
aes128-ctr+hmac-md5-etm@openssh.com
Bytes raw sent: 100048241
Bytes encrypted sent: 100988420
Time sent: 20.6
Bytes non channel sent: 1643
aes128-ctr+umac-64-etm@openssh.com
Bytes raw sent: 100048249
Bytes encrypted sent: 100857924
Time sent: 25.7
Bytes non channel sent: 1641
aes128-ctr+hmac-sha1
Bytes raw sent: 100048257
Bytes encrypted sent: 100970652
Time sent: 24.4
Bytes non channel sent: 1613
3des-cbc+hmac-md5
Bytes raw sent: 100048121
Bytes encrypted sent: 101126880
Time sent: 23.9
Bytes non channel sent: 1607
aes256-ctr+hmac-sha2-512
Bytes raw sent: 100048241
Bytes encrypted sent: 101311360
Time sent: 23.8
Bytes non channel sent: 1621
aes128-cbc+hmac-sha1
Bytes raw sent: 100048129
Bytes encrypted sent: 100991336
Time sent: 22.7
Bytes non channel sent: 1613
aes128-ctr+hmac-ripemd160
Bytes raw sent: 100048233
Bytes encrypted sent: 100970496
Time sent: 21.9
Bytes non channel sent: 1623
chacha20-poly1305@openssh.com
Bytes raw sent: 100048201
Bytes encrypted sent: 101377284
Time sent: 24.1
Bytes non channel sent: 2059
aes128-gcm@openssh.com
Bytes raw sent: 100048241
Bytes encrypted sent: 101070412
Time sent: 22.0
Bytes non channel sent: 2045
im-aes128-gcm-128
Bytes raw sent: 100048177
Bytes encrypted sent: 115914880
Time sent: 25.8
Bytes non channel sent: 2035
im-chacha-poly-128
Bytes raw sent: 100048121
Bytes encrypted sent: 115129304
Time sent: 22.9
Bytes non channel sent: 2037
im-aes128-gcm-256
Bytes raw sent: 100048281
Bytes encrypted sent: 108753000
Time sent: 25.4
Bytes non channel sent: 2035
im-chacha-poly-256
Bytes raw sent: 100048193
Bytes encrypted sent: 109470632
Time sent: 26.1
Bytes non channel sent: 2037
im-aes128-gcm-512
Bytes raw sent: 100048153
Bytes encrypted sent: 107210112
Time sent: 26.1
Bytes non channel sent: 2035
im-chacha-poly-512
Bytes raw sent: 100048217
Bytes encrypted sent: 107108480
Time sent: 29.2
Bytes non channel sent: 2037
im-aes128-gcm-1024
Bytes raw sent: 100048297
Bytes encrypted sent: 108820136
Time sent: 27.4
Bytes non channel sent: 2037
im-chacha-poly-1024
Bytes raw sent: 100048097
Bytes encrypted sent: 110186920
Time sent: 27.5
Bytes non channel sent: 2039
im-aes128-gcm-2048
Bytes raw sent: 100048297
Bytes encrypted sent: 114473568
Time sent: 23.6
Bytes non channel sent: 2037
im-chacha-poly-2048
Bytes raw sent: 100048105
Bytes encrypted sent: 114182544
Time sent: 26.9
Bytes non channel sent: 2039
im-aes128-gcm-4096
Bytes raw sent: 100048201
Bytes encrypted sent: 129630800
Time sent: 26.8
Bytes non channel sent: 2037
im-chacha-poly-4096
Bytes raw sent: 100048153
Bytes encrypted sent: 128989328
Time sent: 27.3
Bytes non channel sent: 2039
