aws-london
aws-us-west-oregon
UPLOAD
100MB
aes128-ctr+hmac-md5
Bytes raw sent: 100048281
Bytes encrypted sent: 101478864
Time sent: 13.9
Bytes non channel sent: 1611
aes128-ctr+hmac-md5-etm@openssh.com
Bytes raw sent: 100048281
Bytes encrypted sent: 101300420
Time sent: 12.4
Bytes non channel sent: 1643
aes128-ctr+umac-64-etm@openssh.com
Bytes raw sent: 100048281
Bytes encrypted sent: 101806812
Time sent: 17.9
Bytes non channel sent: 1641
aes128-ctr+hmac-sha1
Bytes raw sent: 100048281
Bytes encrypted sent: 101548336
Time sent: 15.4
Bytes non channel sent: 1613
3des-cbc+hmac-md5
Bytes raw sent: 100048201
Bytes encrypted sent: 101275096
Time sent: 12.5
Bytes non channel sent: 1607
aes256-ctr+hmac-sha2-512
Bytes raw sent: 100048281
Bytes encrypted sent: 101574752
Time sent: 11.8
Bytes non channel sent: 1621
aes128-cbc+hmac-sha1
Bytes raw sent: 100048281
Bytes encrypted sent: 101561876
Time sent: 12.4
Bytes non channel sent: 1613
aes128-ctr+hmac-ripemd160
Bytes raw sent: 100048233
Bytes encrypted sent: 101381028
Time sent: 12.3
Bytes non channel sent: 1623
chacha20-poly1305@openssh.com
Bytes raw sent: 100048281
Bytes encrypted sent: 101231872
Time sent: 21.8
Bytes non channel sent: 2059
aes128-gcm@openssh.com
Bytes raw sent: 100048281
Bytes encrypted sent: 101638588
Time sent: 13.0
Bytes non channel sent: 2045
im-aes128-gcm-128
Bytes raw sent: 100048281
Bytes encrypted sent: 115433840
Time sent: 21.0
Bytes non channel sent: 2035
im-chacha-poly-128
Bytes raw sent: 100048185
Bytes encrypted sent: 117040408
Time sent: 14.5
Bytes non channel sent: 2037
im-aes128-gcm-256
Bytes raw sent: 100048281
Bytes encrypted sent: 108947232
Time sent: 13.6
Bytes non channel sent: 2035
im-chacha-poly-256
Bytes raw sent: 100048137
Bytes encrypted sent: 108430528
Time sent: 22.2
Bytes non channel sent: 2037
im-aes128-gcm-512
Bytes raw sent: 100048297
Bytes encrypted sent: 107222256
Time sent: 24.8
Bytes non channel sent: 2035
im-chacha-poly-512
Bytes raw sent: 100048153
Bytes encrypted sent: 107156528
Time sent: 25.6
Bytes non channel sent: 2037
im-aes128-gcm-1024
Bytes raw sent: 100048201
Bytes encrypted sent: 108739856
Time sent: 24.2
Bytes non channel sent: 2037
im-chacha-poly-1024
Bytes raw sent: 100048153
Bytes encrypted sent: 109305840
Time sent: 26.3
Bytes non channel sent: 2039
im-aes128-gcm-2048
Bytes raw sent: 100048273
Bytes encrypted sent: 115431264
Time sent: 25.6
Bytes non channel sent: 2037
im-chacha-poly-2048
Bytes raw sent: 100048201
Bytes encrypted sent: 114151584
Time sent: 27.0
Bytes non channel sent: 2039
im-aes128-gcm-4096
Bytes raw sent: 100048209
Bytes encrypted sent: 130317504
Time sent: 29.4
Bytes non channel sent: 2037
im-chacha-poly-4096
Bytes raw sent: 100048137
Bytes encrypted sent: 129573232
Time sent: 30.7
Bytes non channel sent: 2039
