aws-london
aws-us-west-oregon
UPLOAD
100MB
aes128-ctr+hmac-md5
Bytes raw sent: 100048233
Bytes encrypted sent: 101127104
Time sent: 26.5
Bytes non channel sent: 1611
aes128-ctr+hmac-md5-etm@openssh.com
Bytes raw sent: 100048281
Bytes encrypted sent: 102110368
Time sent: 26.3
Bytes non channel sent: 1643
aes128-ctr+umac-64-etm@openssh.com
Bytes raw sent: 100048169
Bytes encrypted sent: 101087440
Time sent: 25.9
Bytes non channel sent: 1641
aes128-ctr+hmac-sha1
Bytes raw sent: 100048249
Bytes encrypted sent: 114571200
Time sent: 27.9
Bytes non channel sent: 1613
3des-cbc+hmac-md5
Bytes raw sent: 100048121
Bytes encrypted sent: 101126880
Time sent: 28.2
Bytes non channel sent: 1607
aes256-ctr+hmac-sha2-512
Bytes raw sent: 100048249
Bytes encrypted sent: 103739696
Time sent: 23.1
Bytes non channel sent: 1621
aes128-cbc+hmac-sha1
Bytes raw sent: 100048281
Bytes encrypted sent: 101379688
Time sent: 13.9
Bytes non channel sent: 1613
aes128-ctr+hmac-ripemd160
Bytes raw sent: 100048153
Bytes encrypted sent: 101279152
Time sent: 19.6
Bytes non channel sent: 1623
chacha20-poly1305@openssh.com
Bytes raw sent: 100048273
Bytes encrypted sent: 101249288
Time sent: 12.6
Bytes non channel sent: 2059
aes128-gcm@openssh.com
Bytes raw sent: 100048297
Bytes encrypted sent: 101542864
Time sent: 12.3
Bytes non channel sent: 2045
im-aes128-gcm-128
Bytes raw sent: 100048257
Bytes encrypted sent: 115177072
Time sent: 22.0
Bytes non channel sent: 2035
im-chacha-poly-128
Bytes raw sent: 100048121
Bytes encrypted sent: 115427008
Time sent: 19.3
Bytes non channel sent: 2037
im-aes128-gcm-256
Bytes raw sent: 100048281
Bytes encrypted sent: 108754112
Time sent: 13.1
Bytes non channel sent: 2035
im-chacha-poly-256
Bytes raw sent: 100048017
Bytes encrypted sent: 108978296
Time sent: 18.1
Bytes non channel sent: 2037
im-aes128-gcm-512
Bytes raw sent: 100048281
Bytes encrypted sent: 107166328
Time sent: 16.3
Bytes non channel sent: 2035
im-chacha-poly-512
Bytes raw sent: 100048145
Bytes encrypted sent: 106829168
Time sent: 16.7
Bytes non channel sent: 2037
im-aes128-gcm-1024
Bytes raw sent: 100048281
Bytes encrypted sent: 109222456
Time sent: 17.9
Bytes non channel sent: 2037
im-chacha-poly-1024
Bytes raw sent: 100048145
Bytes encrypted sent: 108602800
Time sent: 14.8
Bytes non channel sent: 2039
im-aes128-gcm-2048
Bytes raw sent: 100048313
Bytes encrypted sent: 114287304
Time sent: 13.7
Bytes non channel sent: 2037
im-chacha-poly-2048
Bytes raw sent: 100048217
Bytes encrypted sent: 114444600
Time sent: 14.6
Bytes non channel sent: 2039
im-aes128-gcm-4096
Bytes raw sent: 100048265
Bytes encrypted sent: 129632872
Time sent: 16.8
Bytes non channel sent: 2037
im-chacha-poly-4096
Bytes raw sent: 100048225
Bytes encrypted sent: 126368232
Time sent: 15.0
Bytes non channel sent: 2039
