aws-london
aws-us-west-oregon
UPLOAD
500MB
aes128-ctr+hmac-md5
Bytes raw sent: 500243593
Bytes encrypted sent: 502471576
Bytes per second sent: 7269401.5
aes128-ctr+hmac-md5-etm@openssh.com
Bytes raw sent: 500243593
Bytes encrypted sent: 502159972
Bytes per second sent: 6920328.5
aes128-ctr+umac-64-etm@openssh.com
Bytes raw sent: 500243593
Bytes encrypted sent: 501856164
Bytes per second sent: 6854165.1
aes128-ctr+hmac-sha1
Bytes raw sent: 500243561
Bytes encrypted sent: 502753260
Bytes per second sent: 7353650.8
3des-cbc+hmac-md5
Bytes raw sent: 500243441
Bytes encrypted sent: 502183896
Bytes per second sent: 8172100.9
aes256-ctr+hmac-sha2-512
Bytes raw sent: 500243561
Bytes encrypted sent: 503773888
Bytes per second sent: 6449875.9
aes128-cbc+hmac-sha1
Bytes raw sent: 500243553
Bytes encrypted sent: 502527812
Bytes per second sent: 7631558.7
aes128-ctr+hmac-ripemd160
Bytes raw sent: 500243569
Bytes encrypted sent: 502534268
Bytes per second sent: 7352422.0
chacha20-poly1305@openssh.com
Bytes raw sent: 500243553
Bytes encrypted sent: 501604884
Bytes per second sent: 4012949.8
aes128-gcm@openssh.com
Bytes raw sent: 500243529
Bytes encrypted sent: 503081972
Bytes per second sent: 4906361.5
im-aes128-gcm-128
Bytes raw sent: 500243593
Bytes encrypted sent: 572574144
Bytes per second sent: 5759216.9
im-chacha-poly-128
Bytes raw sent: 500243433
Bytes encrypted sent: 572196736
Bytes per second sent: 6074876.9
im-aes128-gcm-256
Bytes raw sent: 500243553
Bytes encrypted sent: 540164312
Bytes per second sent: 4851044.6
im-chacha-poly-256
Bytes raw sent: 500243529
Bytes encrypted sent: 540618648
Bytes per second sent: 4514740.7
im-aes128-gcm-512
Bytes raw sent: 500243553
Bytes encrypted sent: 532555296
Bytes per second sent: 4543841.5
im-chacha-poly-512
Bytes raw sent: 500243465
Bytes encrypted sent: 532631112
Bytes per second sent: 4271950.9
im-aes128-gcm-1024
Bytes raw sent: 500243481
Bytes encrypted sent: 540281816
Bytes per second sent: 4550015.7
im-chacha-poly-1024
Bytes raw sent: 500243433
Bytes encrypted sent: 540375640
Bytes per second sent: 4692840.8
im-aes128-gcm-2048
Bytes raw sent: 500243513
Bytes encrypted sent: 568910640
Bytes per second sent: 6366801.9
im-chacha-poly-2048
Bytes raw sent: 500243441
Bytes encrypted sent: 567366264
Bytes per second sent: 7217675.1
im-aes128-gcm-4096
Bytes raw sent: 500243593
Bytes encrypted sent: 629658848
Bytes per second sent: 9424306.4
im-chacha-poly-4096
Bytes raw sent: 500243433
Bytes encrypted sent: 634163224
Bytes per second sent: 7695058.7
