aws-london
aws-us-west-oregon
UPLOAD
500MB
aes128-ctr+hmac-md5
Bytes raw sent: 500243593
Bytes encrypted sent: 502663024
Bytes per second sent: 9544510.6
aes128-ctr+hmac-md5-etm@openssh.com
Bytes raw sent: 500243593
Bytes encrypted sent: 502061560
Bytes per second sent: 9595357.5
aes128-ctr+umac-64-etm@openssh.com
Bytes raw sent: 500243593
Bytes encrypted sent: 502115636
Bytes per second sent: 8656643.1
aes128-ctr+hmac-sha1
Bytes raw sent: 500243593
Bytes encrypted sent: 502680792
Bytes per second sent: 7030191.1
3des-cbc+hmac-md5
Bytes raw sent: 500243481
Bytes encrypted sent: 501906832
Bytes per second sent: 4348980.7
aes256-ctr+hmac-sha2-512
Bytes raw sent: 500243505
Bytes encrypted sent: 503481808
Bytes per second sent: 4552465.6
aes128-cbc+hmac-sha1
Bytes raw sent: 500243577
Bytes encrypted sent: 502043312
Bytes per second sent: 4921191.6
aes128-ctr+hmac-ripemd160
Bytes raw sent: 500243465
Bytes encrypted sent: 502712780
Bytes per second sent: 7723509.8
chacha20-poly1305@openssh.com
Bytes raw sent: 500243577
Bytes encrypted sent: 502277620
Bytes per second sent: 8389476.6
aes128-gcm@openssh.com
Bytes raw sent: 500243593
Bytes encrypted sent: 502544096
Bytes per second sent: 9054162.3
im-aes128-gcm-128
Bytes raw sent: 500243593
Bytes encrypted sent: 572741584
Bytes per second sent: 7646340.2
im-chacha-poly-128
Bytes raw sent: 500243433
Bytes encrypted sent: 572122144
Bytes per second sent: 7816003.7
im-aes128-gcm-256
Bytes raw sent: 500243593
Bytes encrypted sent: 543406288
Bytes per second sent: 7234569.9
im-chacha-poly-256
Bytes raw sent: 500243529
Bytes encrypted sent: 540709784
Bytes per second sent: 7411300.1
im-aes128-gcm-512
Bytes raw sent: 500243593
Bytes encrypted sent: 532646800
Bytes per second sent: 8692899.9
im-chacha-poly-512
Bytes raw sent: 500243473
Bytes encrypted sent: 532209664
Bytes per second sent: 7365902.1
im-aes128-gcm-1024
Bytes raw sent: 500243593
Bytes encrypted sent: 540452912
Bytes per second sent: 4943498.1
im-chacha-poly-1024
Bytes raw sent: 500243529
Bytes encrypted sent: 540799960
Bytes per second sent: 4691257.2
im-aes128-gcm-2048
Bytes raw sent: 500243601
Bytes encrypted sent: 568429344
Bytes per second sent: 5046722.9
im-chacha-poly-2048
Bytes raw sent: 500243417
Bytes encrypted sent: 567671856
Bytes per second sent: 4538852.1
im-aes128-gcm-4096
Bytes raw sent: 500243609
Bytes encrypted sent: 655004592
Bytes per second sent: 5246131.3
im-chacha-poly-4096
Bytes raw sent: 500243409
Bytes encrypted sent: 655979760
Bytes per second sent: 5178288.7
