aws-london
aws-us-west-oregon
UPLOAD
500MB
aes128-ctr+hmac-md5
Bytes raw sent: 500243473
Bytes encrypted sent: 502117696
Bytes per second sent: 4095826.0
aes128-ctr+hmac-md5-etm@openssh.com
Bytes raw sent: 500243561
Bytes encrypted sent: 502080676
Bytes per second sent: 4140056.4
aes128-ctr+umac-64-etm@openssh.com
Bytes raw sent: 500243601
Bytes encrypted sent: 501755040
Bytes per second sent: 4072867.7
aes128-ctr+hmac-sha1
Bytes raw sent: 500243609
Bytes encrypted sent: 502952428
Bytes per second sent: 4049892.4
3des-cbc+hmac-md5
Bytes raw sent: 500243449
Bytes encrypted sent: 502251576
Bytes per second sent: 4410715.8
aes256-ctr+hmac-sha2-512
Bytes raw sent: 500243545
Bytes encrypted sent: 503854360
Bytes per second sent: 4056420.5
aes128-cbc+hmac-sha1
Bytes raw sent: 500243497
Bytes encrypted sent: 502666372
Bytes per second sent: 4283946.1
aes128-ctr+hmac-ripemd160
Bytes raw sent: 500243489
Bytes encrypted sent: 502141200
Bytes per second sent: 3942200.4
chacha20-poly1305@openssh.com
Bytes raw sent: 500243577
Bytes encrypted sent: 501785396
Bytes per second sent: 4072830.4
aes128-gcm@openssh.com
Bytes raw sent: 500243577
Bytes encrypted sent: 501942976
Bytes per second sent: 6628780.2
im-aes128-gcm-128
Bytes raw sent: 500243593
Bytes encrypted sent: 572182592
Bytes per second sent: 8398241.2
im-chacha-poly-128
Bytes raw sent: 500243529
Bytes encrypted sent: 572659480
Bytes per second sent: 8778767.6
im-aes128-gcm-256
Bytes raw sent: 500243593
Bytes encrypted sent: 540681400
Bytes per second sent: 8670721.0
im-chacha-poly-256
Bytes raw sent: 500243449
Bytes encrypted sent: 540229168
Bytes per second sent: 7731826.4
im-aes128-gcm-512
Bytes raw sent: 500243593
Bytes encrypted sent: 532874488
Bytes per second sent: 7765039.8
im-chacha-poly-512
Bytes raw sent: 500243329
Bytes encrypted sent: 532758552
Bytes per second sent: 7286167.2
im-aes128-gcm-1024
Bytes raw sent: 500243593
Bytes encrypted sent: 540241504
Bytes per second sent: 6809402.4
im-chacha-poly-1024
Bytes raw sent: 500243561
Bytes encrypted sent: 540358392
Bytes per second sent: 6833508.2
im-aes128-gcm-2048
Bytes raw sent: 500243601
Bytes encrypted sent: 568071320
Bytes per second sent: 9455834.6
im-chacha-poly-2048
Bytes raw sent: 500243457
Bytes encrypted sent: 567300216
Bytes per second sent: 7793289.3
im-aes128-gcm-4096
Bytes raw sent: 500243617
Bytes encrypted sent: 648152248
Bytes per second sent: 5092970.4
im-chacha-poly-4096
Bytes raw sent: 500243513
Bytes encrypted sent: 629578344
Bytes per second sent: 8951274.1
