aws_london
aws_us_west_oregon
DOWNLOAD
500MB
aes128-ctr+hmac-md5
Bytes raw received: 500243580
Bytes encrypted received: 501339552
Bytes per second received: 8149581.3
aes128-ctr+hmac-md5-etm@openssh.com
Bytes raw received: 500243580
Bytes encrypted received: 501096016
Bytes per second received: 7115033.4
aes128-ctr+umac-64-etm@openssh.com
Bytes raw received: 500243612
Bytes encrypted received: 500852576
Bytes per second received: 4373066.5
aes128-ctr+hmac-sha1
Bytes raw received: 500243460
Bytes encrypted received: 501460608
Bytes per second received: 3588211.2
3des-cbc+hmac-md5
Bytes raw received: 500243436
Bytes encrypted received: 501095360
Bytes per second received: 3856986.8
aes256-ctr+hmac-sha2-512
Bytes raw received: 500243500
Bytes encrypted received: 502799944
Bytes per second received: 4180983.5
aes128-cbc+hmac-sha1
Bytes raw received: 500243452
Bytes encrypted received: 501460560
Bytes per second received: 4023371.3
aes128-ctr+hmac-ripemd160
Bytes raw received: 500243580
Bytes encrypted received: 501461328
Bytes per second received: 4238785.3
chacha20-poly1305@openssh.com
Bytes raw received: 500243604
Bytes encrypted received: 501096124
Bytes per second received: 4114337.5
aes128-gcm@openssh.com
Bytes raw received: 500243596
Bytes encrypted received: 501096088
Bytes per second received: 4677483.2
im-aes128-gcm-128
Bytes raw received: 500243508
Bytes encrypted received: 571277088
Bytes per second received: 5350543.5
im-chacha-poly-128
Bytes raw received: 500243532
Bytes encrypted received: 571277520
Bytes per second received: 7774598.1
im-aes128-gcm-256
Bytes raw received: 500243572
Bytes encrypted received: 539530496
Bytes per second received: 8363214.0
im-chacha-poly-256
Bytes raw received: 500243532
Bytes encrypted received: 539529136
Bytes per second received: 8079326.1
im-aes128-gcm-512
Bytes raw received: 500243588
Bytes encrypted received: 531699696
Bytes per second received: 7855289.6
im-chacha-poly-512
Bytes raw received: 500243532
Bytes encrypted received: 531696000
Bytes per second received: 7413455.7
im-aes128-gcm-1024
Bytes raw received: 500243596
Bytes encrypted received: 539476080
Bytes per second received: 8636738.2
im-chacha-poly-1024
Bytes raw received: 500243468
Bytes encrypted received: 539459440
Bytes per second received: 7034483.1
im-aes128-gcm-2048
Bytes raw received: 500243604
Bytes encrypted received: 566747568
Bytes per second received: 8032180.5
im-chacha-poly-2048
Bytes raw received: 500243532
Bytes encrypted received: 566728992
Bytes per second received: 8598720.7
im-aes128-gcm-4096
Bytes raw received: 500243564
Bytes encrypted received: 627129344
Bytes per second received: 8772979.5
im-chacha-poly-4096
Bytes raw received: 500243532
Bytes encrypted received: 627112896
Bytes per second received: 8874618.6
