aws_london
aws_us_west_oregon
DOWNLOAD
500MB
aes128-ctr+hmac-md5
Bytes raw received: 500243460
Bytes encrypted received: 501338892
Bytes per second received: 3586507.4
aes128-ctr+hmac-md5-etm@openssh.com
Bytes raw received: 500243444
Bytes encrypted received: 501095404
Bytes per second received: 3845824.2
aes128-ctr+umac-64-etm@openssh.com
Bytes raw received: 500243436
Bytes encrypted received: 500851960
Bytes per second received: 2118955.9
aes128-ctr+hmac-sha1
Bytes raw received: 500242892
Bytes encrypted received: 501457200
Bytes per second received: 4207024.7
3des-cbc+hmac-md5
Bytes raw received: 500243468
Bytes encrypted received: 501095504
Bytes per second received: 4336441.5
aes256-ctr+hmac-sha2-512
Bytes raw received: 500243500
Bytes encrypted received: 502799944
Bytes per second received: 4044909.1
aes128-cbc+hmac-sha1
Bytes raw received: 500243572
Bytes encrypted received: 501461280
Bytes per second received: 4306410.7
aes128-ctr+hmac-ripemd160
Bytes raw received: 500243500
Bytes encrypted received: 501460848
Bytes per second received: 4370742.7
chacha20-poly1305@openssh.com
Bytes raw received: 500243508
Bytes encrypted received: 501095692
Bytes per second received: 4156392.4
aes128-gcm@openssh.com
Bytes raw received: 500243564
Bytes encrypted received: 501095944
Bytes per second received: 4335644.8
im-aes128-gcm-128
Bytes raw received: 500243556
Bytes encrypted received: 571277952
Bytes per second received: 4167728.1
im-chacha-poly-128
Bytes raw received: 500243492
Bytes encrypted received: 571276800
Bytes per second received: 3813528.4
im-aes128-gcm-256
Bytes raw received: 500243452
Bytes encrypted received: 539526416
Bytes per second received: 3745617.7
im-chacha-poly-256
Bytes raw received: 500243164
Bytes encrypted received: 539516624
Bytes per second received: 3716549.6
im-aes128-gcm-512
Bytes raw received: 500243276
Bytes encrypted received: 531679104
Bytes per second received: 3846878.8
im-chacha-poly-512
Bytes raw received: 500243356
Bytes encrypted received: 531684384
Bytes per second received: 3828242.3
im-aes128-gcm-1024
Bytes raw received: 500243340
Bytes encrypted received: 539442800
Bytes per second received: 4080470.1
im-chacha-poly-1024
Bytes raw received: 500243532
Bytes encrypted received: 539467760
Bytes per second received: 3878909.3
im-aes128-gcm-2048
Bytes raw received: 500243532
Bytes encrypted received: 566728992
Bytes per second received: 4206299.3
im-chacha-poly-2048
Bytes raw received: 500243084
Bytes encrypted received: 566613408
Bytes per second received: 3901462.4
im-aes128-gcm-4096
Bytes raw received: 500243508
Bytes encrypted received: 627100560
Bytes per second received: 4759525.1
im-chacha-poly-4096
Bytes raw received: 500243380
Bytes encrypted received: 627034768
Bytes per second received: 4004337.8
