aws_london
aws_us_west_oregon
DOWNLOAD
500MB
aes128-ctr+hmac-md5
Bytes raw received: 500242444
Bytes encrypted received: 501333304
Bytes per second received: 7577671.3
aes128-ctr+hmac-md5-etm@openssh.com
Bytes raw received: 500243580
Bytes encrypted received: 501096016
Bytes per second received: 7957331.1
aes128-ctr+umac-64-etm@openssh.com
Bytes raw received: 500243596
Bytes encrypted received: 500852520
Bytes per second received: 9543305.1
aes128-ctr+hmac-sha1
Bytes raw received: 500243596
Bytes encrypted received: 501461424
Bytes per second received: 7191686.7
3des-cbc+hmac-md5
Bytes raw received: 500243452
Bytes encrypted received: 501095432
Bytes per second received: 5137624.3
aes256-ctr+hmac-sha2-512
Bytes raw received: 500243524
Bytes encrypted received: 502800220
Bytes per second received: 4398162.4
aes128-cbc+hmac-sha1
Bytes raw received: 500243564
Bytes encrypted received: 501461232
Bytes per second received: 4372791.6
aes128-ctr+hmac-ripemd160
Bytes raw received: 500243436
Bytes encrypted received: 501460464
Bytes per second received: 4029304.5
chacha20-poly1305@openssh.com
Bytes raw received: 500243564
Bytes encrypted received: 501095944
Bytes per second received: 4262239.6
aes128-gcm@openssh.com
Bytes raw received: 500243564
Bytes encrypted received: 501095944
Bytes per second received: 4327743.4
im-aes128-gcm-128
Bytes raw received: 500243532
Bytes encrypted received: 571277520
Bytes per second received: 4163328.5
im-chacha-poly-128
Bytes raw received: 500243468
Bytes encrypted received: 571276368
Bytes per second received: 3897026.6
im-aes128-gcm-256
Bytes raw received: 500243212
Bytes encrypted received: 539518256
Bytes per second received: 3763335.6
im-chacha-poly-256
Bytes raw received: 500243444
Bytes encrypted received: 539526144
Bytes per second received: 3506345.2
im-aes128-gcm-512
Bytes raw received: 500243508
Bytes encrypted received: 531694416
Bytes per second received: 3700505.9
im-chacha-poly-512
Bytes raw received: 500243348
Bytes encrypted received: 531683856
Bytes per second received: 4072662.8
im-aes128-gcm-1024
Bytes raw received: 500243476
Bytes encrypted received: 539460480
Bytes per second received: 4091588.1
im-chacha-poly-1024
Bytes raw received: 500243148
Bytes encrypted received: 539417840
Bytes per second received: 3990474.2
im-aes128-gcm-2048
Bytes raw received: 500243532
Bytes encrypted received: 566728992
Bytes per second received: 4519729.6
im-chacha-poly-2048
Bytes raw received: 500243452
Bytes encrypted received: 566708352
Bytes per second received: 4388277.4
im-aes128-gcm-4096
Bytes raw received: 500243524
Bytes encrypted received: 627108784
Bytes per second received: 4631550.9
im-chacha-poly-4096
Bytes raw received: 500243436
Bytes encrypted received: 627063552
Bytes per second received: 4232328.1
