aws_london
aws_us_west_oregon
DOWNLOAD
500MB
aes128-ctr+hmac-md5
Bytes raw received: 500243596
Bytes encrypted received: 501339640
Bytes per second received: 7094039.6
aes128-ctr+hmac-md5-etm@openssh.com
Bytes raw received: 500243596
Bytes encrypted received: 501096088
Bytes per second received: 9337793.3
aes128-ctr+umac-64-etm@openssh.com
Bytes raw received: 500243596
Bytes encrypted received: 500852520
Bytes per second received: 6919900.2
aes128-ctr+hmac-sha1
Bytes raw received: 500243596
Bytes encrypted received: 501461424
Bytes per second received: 8002021.9
3des-cbc+hmac-md5
Bytes raw received: 500243452
Bytes encrypted received: 501095432
Bytes per second received: 9596178.1
aes256-ctr+hmac-sha2-512
Bytes raw received: 500243596
Bytes encrypted received: 502801048
Bytes per second received: 7827431.3
aes128-cbc+hmac-sha1
Bytes raw received: 500243588
Bytes encrypted received: 501461376
Bytes per second received: 8043554.0
aes128-ctr+hmac-ripemd160
Bytes raw received: 500243556
Bytes encrypted received: 501461184
Bytes per second received: 9562806.5
chacha20-poly1305@openssh.com
Bytes raw received: 500243596
Bytes encrypted received: 501096088
Bytes per second received: 6993996.7
aes128-gcm@openssh.com
Bytes raw received: 500243604
Bytes encrypted received: 501096124
Bytes per second received: 8570178.0
im-aes128-gcm-128
Bytes raw received: 500243572
Bytes encrypted received: 571278240
Bytes per second received: 7021833.9
im-chacha-poly-128
Bytes raw received: 500243444
Bytes encrypted received: 571275936
Bytes per second received: 7795014.8
im-aes128-gcm-256
Bytes raw received: 500243596
Bytes encrypted received: 539531312
Bytes per second received: 8624471.9
im-chacha-poly-256
Bytes raw received: 500243532
Bytes encrypted received: 539529136
Bytes per second received: 7980271.4
im-aes128-gcm-512
Bytes raw received: 500243604
Bytes encrypted received: 531700752
Bytes per second received: 8690294.4
im-chacha-poly-512
Bytes raw received: 500243460
Bytes encrypted received: 531691248
Bytes per second received: 8085010.6
im-aes128-gcm-1024
Bytes raw received: 500243612
Bytes encrypted received: 539478160
Bytes per second received: 8225728.1
im-chacha-poly-1024
Bytes raw received: 500243532
Bytes encrypted received: 539467760
Bytes per second received: 7959206.6
im-aes128-gcm-2048
Bytes raw received: 500243612
Bytes encrypted received: 566749632
Bytes per second received: 8762071.3
im-chacha-poly-2048
Bytes raw received: 500243532
Bytes encrypted received: 566728992
Bytes per second received: 7961635.0
im-aes128-gcm-4096
Bytes raw received: 500243620
Bytes encrypted received: 627158128
Bytes per second received: 8421125.0
im-chacha-poly-4096
Bytes raw received: 500243580
Bytes encrypted received: 627137568
Bytes per second received: 8355081.2
