aws_london
aws_us_west_oregon
DOWNLOAD
500MB
aes128-ctr+hmac-md5
Bytes raw received: 500243596
Bytes encrypted received: 501339640
Bytes per second received: 8529062.0
aes128-ctr+hmac-md5-etm@openssh.com
Bytes raw received: 500243580
Bytes encrypted received: 501096016
Bytes per second received: 6696743.4
aes128-ctr+umac-64-etm@openssh.com
Bytes raw received: 500243596
Bytes encrypted received: 500852520
Bytes per second received: 7631449.2
aes128-ctr+hmac-sha1
Bytes raw received: 500243596
Bytes encrypted received: 501461424
Bytes per second received: 6747314.2
3des-cbc+hmac-md5
Bytes raw received: 500243372
Bytes encrypted received: 501095072
Bytes per second received: 7749777.8
aes256-ctr+hmac-sha2-512
Bytes raw received: 500243596
Bytes encrypted received: 502801048
Bytes per second received: 8309813.8
aes128-cbc+hmac-sha1
Bytes raw received: 500243500
Bytes encrypted received: 501460848
Bytes per second received: 8987843.1
aes128-ctr+hmac-ripemd160
Bytes raw received: 500243468
Bytes encrypted received: 501460656
Bytes per second received: 7243889.7
chacha20-poly1305@openssh.com
Bytes raw received: 500243524
Bytes encrypted received: 501095764
Bytes per second received: 8300319.2
aes128-gcm@openssh.com
Bytes raw received: 500243612
Bytes encrypted received: 501096160
Bytes per second received: 9603753.9
im-aes128-gcm-128
Bytes raw received: 500243604
Bytes encrypted received: 571278816
Bytes per second received: 8758177.9
im-chacha-poly-128
Bytes raw received: 500243436
Bytes encrypted received: 571275792
Bytes per second received: 8133240.7
im-aes128-gcm-256
Bytes raw received: 500243596
Bytes encrypted received: 539531312
Bytes per second received: 8206719.9
im-chacha-poly-256
Bytes raw received: 500243452
Bytes encrypted received: 539526416
Bytes per second received: 8708740.3
im-aes128-gcm-512
Bytes raw received: 500243604
Bytes encrypted received: 531700752
Bytes per second received: 7818095.8
im-chacha-poly-512
Bytes raw received: 500243484
Bytes encrypted received: 531692832
Bytes per second received: 6747866.4
im-aes128-gcm-1024
Bytes raw received: 500243596
Bytes encrypted received: 539476080
Bytes per second received: 8081524.5
im-chacha-poly-1024
Bytes raw received: 500243532
Bytes encrypted received: 539467760
Bytes per second received: 8091827.1
im-aes128-gcm-2048
Bytes raw received: 500243612
Bytes encrypted received: 566749632
Bytes per second received: 8122668.9
im-chacha-poly-2048
Bytes raw received: 500243452
Bytes encrypted received: 566708352
Bytes per second received: 8688668.0
im-aes128-gcm-4096
Bytes raw received: 500243612
Bytes encrypted received: 627154016
Bytes per second received: 8821833.9
im-chacha-poly-4096
Bytes raw received: 500243444
Bytes encrypted received: 627067664
Bytes per second received: 2733110.1
