aws_london
aws_us_west_oregon
DOWNLOAD
500MB
aes128-ctr+hmac-md5
Bytes raw received: 500243596
Bytes encrypted received: 501339640
Bytes per second received: 4361173.8
aes128-ctr+hmac-md5-etm@openssh.com
Bytes raw received: 500243476
Bytes encrypted received: 501095548
Bytes per second received: 5435361.6
aes128-ctr+umac-64-etm@openssh.com
Bytes raw received: 500243604
Bytes encrypted received: 500852548
Bytes per second received: 8628508.9
aes128-ctr+hmac-sha1
Bytes raw received: 500243596
Bytes encrypted received: 501461424
Bytes per second received: 7655993.7
3des-cbc+hmac-md5
Bytes raw received: 500243444
Bytes encrypted received: 501095396
Bytes per second received: 9471589.9
aes256-ctr+hmac-sha2-512
Bytes raw received: 500243596
Bytes encrypted received: 502801048
Bytes per second received: 8666803.5
aes128-cbc+hmac-sha1
Bytes raw received: 500243596
Bytes encrypted received: 501461424
Bytes per second received: 8531655.5
aes128-ctr+hmac-ripemd160
Bytes raw received: 500243588
Bytes encrypted received: 501461376
Bytes per second received: 6367623.2
chacha20-poly1305@openssh.com
Bytes raw received: 500243492
Bytes encrypted received: 501095620
Bytes per second received: 6904654.4
aes128-gcm@openssh.com
Bytes raw received: 500243612
Bytes encrypted received: 501096160
Bytes per second received: 8608268.9
im-aes128-gcm-128
Bytes raw received: 500243596
Bytes encrypted received: 571278672
Bytes per second received: 8207738.5
im-chacha-poly-128
Bytes raw received: 500243532
Bytes encrypted received: 571277520
Bytes per second received: 8671384.3
im-aes128-gcm-256
Bytes raw received: 500243596
Bytes encrypted received: 539531312
Bytes per second received: 8636420.9
im-chacha-poly-256
Bytes raw received: 500243324
Bytes encrypted received: 539522064
Bytes per second received: 8645034.8
im-aes128-gcm-512
Bytes raw received: 500243596
Bytes encrypted received: 531700224
Bytes per second received: 7862318.8
im-chacha-poly-512
Bytes raw received: 500243452
Bytes encrypted received: 531690720
Bytes per second received: 8586286.3
im-aes128-gcm-1024
Bytes raw received: 500243596
Bytes encrypted received: 539476080
Bytes per second received: 7814051.4
im-chacha-poly-1024
Bytes raw received: 500243564
Bytes encrypted received: 539471920
Bytes per second received: 8662547.5
im-aes128-gcm-2048
Bytes raw received: 500243620
Bytes encrypted received: 566751696
Bytes per second received: 8548481.3
im-chacha-poly-2048
Bytes raw received: 500243532
Bytes encrypted received: 566728992
Bytes per second received: 6887513.9
im-aes128-gcm-4096
Bytes raw received: 500243452
Bytes encrypted received: 627071776
Bytes per second received: 7965654.4
im-chacha-poly-4096
Bytes raw received: 500243452
Bytes encrypted received: 627071776
Bytes per second received: 8229230.7
