aws_london
aws_us_west_oregon
DOWNLOAD
500MB
aes128-ctr+hmac-md5
Bytes raw received: 500243484
Bytes encrypted received: 501339024
Bytes per second received: 4182248.2
aes128-ctr+hmac-md5-etm@openssh.com
Bytes raw received: 500243452
Bytes encrypted received: 501095440
Bytes per second received: 4332326.0
aes128-ctr+umac-64-etm@openssh.com
Bytes raw received: 500243436
Bytes encrypted received: 500851960
Bytes per second received: 3452433.2
aes128-ctr+hmac-sha1
Bytes raw received: 500243420
Bytes encrypted received: 501460368
Bytes per second received: 3933626.6
3des-cbc+hmac-md5
Bytes raw received: 500243468
Bytes encrypted received: 501095504
Bytes per second received: 4188573.4
aes256-ctr+hmac-sha2-512
Bytes raw received: 500243452
Bytes encrypted received: 502799392
Bytes per second received: 4071155.7
aes128-cbc+hmac-sha1
Bytes raw received: 500243532
Bytes encrypted received: 501461040
Bytes per second received: 4823100.8
aes128-ctr+hmac-ripemd160
Bytes raw received: 500243580
Bytes encrypted received: 501461328
Bytes per second received: 9592428.9
chacha20-poly1305@openssh.com
Bytes raw received: 500243564
Bytes encrypted received: 501095944
Bytes per second received: 7741651.2
aes128-gcm@openssh.com
Bytes raw received: 500243620
Bytes encrypted received: 501096196
Bytes per second received: 8019320.3
im-aes128-gcm-128
Bytes raw received: 500243596
Bytes encrypted received: 571278672
Bytes per second received: 9539477.1
im-chacha-poly-128
Bytes raw received: 500243532
Bytes encrypted received: 571277520
Bytes per second received: 8036707.7
im-aes128-gcm-256
Bytes raw received: 500243540
Bytes encrypted received: 539529408
Bytes per second received: 9108468.5
im-chacha-poly-256
Bytes raw received: 500243452
Bytes encrypted received: 539526416
Bytes per second received: 7148046.5
im-aes128-gcm-512
Bytes raw received: 500243596
Bytes encrypted received: 531700224
Bytes per second received: 8268748.1
im-chacha-poly-512
Bytes raw received: 500243460
Bytes encrypted received: 531691248
Bytes per second received: 7567378.1
im-aes128-gcm-1024
Bytes raw received: 500243596
Bytes encrypted received: 539476080
Bytes per second received: 7575008.8
im-chacha-poly-1024
Bytes raw received: 500243460
Bytes encrypted received: 539458400
Bytes per second received: 7887872.0
im-aes128-gcm-2048
Bytes raw received: 500243612
Bytes encrypted received: 566749632
Bytes per second received: 9320081.4
im-chacha-poly-2048
Bytes raw received: 500243532
Bytes encrypted received: 566728992
Bytes per second received: 8330712.3
im-aes128-gcm-4096
Bytes raw received: 500243588
Bytes encrypted received: 627141680
Bytes per second received: 8429794.3
im-chacha-poly-4096
Bytes raw received: 500243452
Bytes encrypted received: 627071776
Bytes per second received: 6768757.1
