aws-london
aws-us-west-oregon
UPLOAD
500MB
aes128-ctr+hmac-md5
Bytes raw sent: 500243601
Bytes encrypted sent: 502712368
Bytes per second sent: 7352994.7
aes128-ctr+hmac-md5-etm@openssh.com
Bytes raw sent: 500243593
Bytes encrypted sent: 502326888
Bytes per second sent: 9107694.0
aes128-ctr+umac-64-etm@openssh.com
Bytes raw sent: 500243593
Bytes encrypted sent: 502452028
Bytes per second sent: 8671324.5
aes128-ctr+hmac-sha1
Bytes raw sent: 500243593
Bytes encrypted sent: 502552408
Bytes per second sent: 8723696.5
3des-cbc+hmac-md5
Bytes raw sent: 500243473
Bytes encrypted sent: 502150136
Bytes per second sent: 9450713.7
aes256-ctr+hmac-sha2-512
Bytes raw sent: 500243593
Bytes encrypted sent: 504057912
Bytes per second sent: 5502640.1
aes128-cbc+hmac-sha1
Bytes raw sent: 500243593
Bytes encrypted sent: 502850024
Bytes per second sent: 7336472.5
aes128-ctr+hmac-ripemd160
Bytes raw sent: 500243593
Bytes encrypted sent: 502831456
Bytes per second sent: 8053862.5
chacha20-poly1305@openssh.com
Bytes raw sent: 500243593
Bytes encrypted sent: 501996540
Bytes per second sent: 7873688.7
aes128-gcm@openssh.com
Bytes raw sent: 500243593
Bytes encrypted sent: 502625512
Bytes per second sent: 9526245.4
im-aes128-gcm-128
Bytes raw sent: 500243593
Bytes encrypted sent: 572782120
Bytes per second sent: 5199409.6
im-chacha-poly-128
Bytes raw sent: 500243441
Bytes encrypted sent: 571825016
Bytes per second sent: 4799882.3
im-aes128-gcm-256
Bytes raw sent: 500243593
Bytes encrypted sent: 540586728
Bytes per second sent: 5237613.9
im-chacha-poly-256
Bytes raw sent: 500243441
Bytes encrypted sent: 541494072
Bytes per second sent: 4738209.5
im-aes128-gcm-512
Bytes raw sent: 500243537
Bytes encrypted sent: 532502496
Bytes per second sent: 5230705.5
im-chacha-poly-512
Bytes raw sent: 500243529
Bytes encrypted sent: 532858632
Bytes per second sent: 4883220.5
im-aes128-gcm-1024
Bytes raw sent: 500243505
Bytes encrypted sent: 540853312
Bytes per second sent: 4987744.3
im-chacha-poly-1024
Bytes raw sent: 500243433
Bytes encrypted sent: 540375640
Bytes per second sent: 4763080.3
im-aes128-gcm-2048
Bytes raw sent: 500243489
Bytes encrypted sent: 567238800
Bytes per second sent: 6184741.5
im-chacha-poly-2048
Bytes raw sent: 500243529
Bytes encrypted sent: 567909832
Bytes per second sent: 8793159.7
im-aes128-gcm-4096
Bytes raw sent: 500243617
Bytes encrypted sent: 628754208
Bytes per second sent: 9644851.1
im-chacha-poly-4096
Bytes raw sent: 500243449
Bytes encrypted sent: 635670880
Bytes per second sent: 7015628.4
