aws-london
aws-us-west-oregon
UPLOAD
500MB
aes128-ctr+hmac-md5
Bytes raw sent: 500243593
Bytes encrypted sent: 502906528
Bytes per second sent: 5034457.9
aes128-ctr+hmac-md5-etm@openssh.com
Bytes raw sent: 500243545
Bytes encrypted sent: 501776692
Bytes per second sent: 4681485.0
aes128-ctr+umac-64-etm@openssh.com
Bytes raw sent: 500243545
Bytes encrypted sent: 501705440
Bytes per second sent: 4931982.8
aes128-ctr+hmac-sha1
Bytes raw sent: 500243529
Bytes encrypted sent: 502355072
Bytes per second sent: 4337590.3
3des-cbc+hmac-md5
Bytes raw sent: 500243473
Bytes encrypted sent: 501906792
Bytes per second sent: 4055649.3
aes256-ctr+hmac-sha2-512
Bytes raw sent: 500243585
Bytes encrypted sent: 504055592
Bytes per second sent: 4807622.4
aes128-cbc+hmac-sha1
Bytes raw sent: 500243545
Bytes encrypted sent: 502436944
Bytes per second sent: 4963108.3
aes128-ctr+hmac-ripemd160
Bytes raw sent: 500243497
Bytes encrypted sent: 502436632
Bytes per second sent: 4886623.8
chacha20-poly1305@openssh.com
Bytes raw sent: 500243481
Bytes encrypted sent: 501588140
Bytes per second sent: 4456472.0
aes128-gcm@openssh.com
Bytes raw sent: 500243617
Bytes encrypted sent: 502162848
Bytes per second sent: 5032445.7
im-aes128-gcm-128
Bytes raw sent: 500243601
Bytes encrypted sent: 572423432
Bytes per second sent: 4903348.6
im-chacha-poly-128
Bytes raw sent: 500243561
Bytes encrypted sent: 572498504
Bytes per second sent: 4802903.6
im-aes128-gcm-256
Bytes raw sent: 500243577
Bytes encrypted sent: 540657176
Bytes per second sent: 4916812.4
im-chacha-poly-256
Bytes raw sent: 500243433
Bytes encrypted sent: 540665976
Bytes per second sent: 4498581.9
im-aes128-gcm-512
Bytes raw sent: 500243529
Bytes encrypted sent: 532828272
Bytes per second sent: 4821896.6
im-chacha-poly-512
Bytes raw sent: 500243481
Bytes encrypted sent: 532683912
Bytes per second sent: 4706356.5
im-aes128-gcm-1024
Bytes raw sent: 500243577
Bytes encrypted sent: 540603176
Bytes per second sent: 5165125.3
im-chacha-poly-1024
Bytes raw sent: 500243529
Bytes encrypted sent: 540634584
Bytes per second sent: 7502422.8
im-aes128-gcm-2048
Bytes raw sent: 500243521
Bytes encrypted sent: 567703200
Bytes per second sent: 5121804.5
im-chacha-poly-2048
Bytes raw sent: 500243497
Bytes encrypted sent: 567872448
Bytes per second sent: 4656814.9
im-aes128-gcm-4096
Bytes raw sent: 500243433
Bytes encrypted sent: 658762960
Bytes per second sent: 5208198.3
im-chacha-poly-4096
Bytes raw sent: 500243585
Bytes encrypted sent: 656674064
Bytes per second sent: 4630885.3
