aws-london
aws-us-west-oregon
UPLOAD
500MB
aes128-ctr+hmac-md5
Bytes raw sent: 500243561
Bytes encrypted sent: 502664032
Bytes per second sent: 6525911.1
aes128-ctr+hmac-md5-etm@openssh.com
Bytes raw sent: 500243561
Bytes encrypted sent: 501968416
Bytes per second sent: 7216473.5
aes128-ctr+umac-64-etm@openssh.com
Bytes raw sent: 500243513
Bytes encrypted sent: 501705328
Bytes per second sent: 3967439.6
aes128-ctr+hmac-sha1
Bytes raw sent: 500243561
Bytes encrypted sent: 502486928
Bytes per second sent: 3989629.3
3des-cbc+hmac-md5
Bytes raw sent: 500243481
Bytes encrypted sent: 501726408
Bytes per second sent: 5595484.9
aes256-ctr+hmac-sha2-512
Bytes raw sent: 500243593
Bytes encrypted sent: 504033568
Bytes per second sent: 6162016.0
aes128-cbc+hmac-sha1
Bytes raw sent: 500243449
Bytes encrypted sent: 502042480
Bytes per second sent: 3960481.4
aes128-ctr+hmac-ripemd160
Bytes raw sent: 500243457
Bytes encrypted sent: 502420508
Bytes per second sent: 4203232.2
chacha20-poly1305@openssh.com
Bytes raw sent: 500243521
Bytes encrypted sent: 501555516
Bytes per second sent: 8378777.9
aes128-gcm@openssh.com
Bytes raw sent: 500243617
Bytes encrypted sent: 502419404
Bytes per second sent: 8451812.2
im-aes128-gcm-128
Bytes raw sent: 500243593
Bytes encrypted sent: 572759056
Bytes per second sent: 9169640.9
im-chacha-poly-128
Bytes raw sent: 500243529
Bytes encrypted sent: 572560192
Bytes per second sent: 8772117.7
im-aes128-gcm-256
Bytes raw sent: 500243593
Bytes encrypted sent: 540745600
Bytes per second sent: 7927311.7
im-chacha-poly-256
Bytes raw sent: 500243449
Bytes encrypted sent: 540071136
Bytes per second sent: 4665691.7
im-aes128-gcm-512
Bytes raw sent: 500243585
Bytes encrypted sent: 532823520
Bytes per second sent: 4900318.8
im-chacha-poly-512
Bytes raw sent: 500243465
Bytes encrypted sent: 532702352
Bytes per second sent: 4616204.2
im-aes128-gcm-1024
Bytes raw sent: 500243569
Bytes encrypted sent: 540208240
Bytes per second sent: 7286448.4
im-chacha-poly-1024
Bytes raw sent: 500243465
Bytes encrypted sent: 540072800
Bytes per second sent: 8699465.0
im-aes128-gcm-2048
Bytes raw sent: 500243609
Bytes encrypted sent: 568499552
Bytes per second sent: 6949158.4
im-chacha-poly-2048
Bytes raw sent: 500243529
Bytes encrypted sent: 567889288
Bytes per second sent: 8115458.1
im-aes128-gcm-4096
Bytes raw sent: 500243497
Bytes encrypted sent: 639697920
Bytes per second sent: 6721226.6
im-chacha-poly-4096
Bytes raw sent: 500243457
Bytes encrypted sent: 654607624
Bytes per second sent: 4977301.7
