aws-london
aws-us-west-oregon
UPLOAD
500MB
aes128-ctr+hmac-md5
Bytes raw sent: 500243569
Bytes encrypted sent: 502249536
Bytes per second sent: 5045331.5
aes128-ctr+hmac-md5-etm@openssh.com
Bytes raw sent: 500243553
Bytes encrypted sent: 501818100
Bytes per second sent: 4693172.9
aes128-ctr+umac-64-etm@openssh.com
Bytes raw sent: 500243593
Bytes encrypted sent: 502156104
Bytes per second sent: 4926070.2
aes128-ctr+hmac-sha1
Bytes raw sent: 500243601
Bytes encrypted sent: 502371668
Bytes per second sent: 4869797.0
3des-cbc+hmac-md5
Bytes raw sent: 500243497
Bytes encrypted sent: 501906912
Bytes per second sent: 4720448.6
aes256-ctr+hmac-sha2-512
Bytes raw sent: 500243601
Bytes encrypted sent: 503678160
Bytes per second sent: 4987222.1
aes128-cbc+hmac-sha1
Bytes raw sent: 500243521
Bytes encrypted sent: 502042948
Bytes per second sent: 4999740.2
aes128-ctr+hmac-ripemd160
Bytes raw sent: 500243497
Bytes encrypted sent: 502326868
Bytes per second sent: 5125217.6
chacha20-poly1305@openssh.com
Bytes raw sent: 500243577
Bytes encrypted sent: 501933160
Bytes per second sent: 6471848.4
aes128-gcm@openssh.com
Bytes raw sent: 500243569
Bytes encrypted sent: 502015032
Bytes per second sent: 4055840.0
im-aes128-gcm-128
Bytes raw sent: 500243441
Bytes encrypted sent: 574440816
Bytes per second sent: 4568417.3
im-chacha-poly-128
Bytes raw sent: 500243465
Bytes encrypted sent: 572720552
Bytes per second sent: 4758695.0
im-aes128-gcm-256
Bytes raw sent: 500243569
Bytes encrypted sent: 540357704
Bytes per second sent: 4978341.1
im-chacha-poly-256
Bytes raw sent: 500243505
Bytes encrypted sent: 540282456
Bytes per second sent: 5417781.0
im-aes128-gcm-512
Bytes raw sent: 500243593
Bytes encrypted sent: 532591768
Bytes per second sent: 8735869.8
im-chacha-poly-512
Bytes raw sent: 500243401
Bytes encrypted sent: 532489608
Bytes per second sent: 8455804.1
im-aes128-gcm-1024
Bytes raw sent: 500243593
Bytes encrypted sent: 540813056
Bytes per second sent: 9491072.9
im-chacha-poly-1024
Bytes raw sent: 500243465
Bytes encrypted sent: 540070920
Bytes per second sent: 5664513.4
im-aes128-gcm-2048
Bytes raw sent: 500243577
Bytes encrypted sent: 568146960
Bytes per second sent: 6127883.4
im-chacha-poly-2048
Bytes raw sent: 500243497
Bytes encrypted sent: 567623800
Bytes per second sent: 4902393.2
im-aes128-gcm-4096
Bytes raw sent: 500243545
Bytes encrypted sent: 659807408
Bytes per second sent: 5383283.9
im-chacha-poly-4096
Bytes raw sent: 500243513
Bytes encrypted sent: 652290672
Bytes per second sent: 4873570.7
