aws-london
aws-us-west-oregon
UPLOAD
500MB
aes128-ctr+hmac-md5
Bytes raw sent: 500243569
Bytes encrypted sent: 502331600
Bytes per second sent: 4567342.3
aes128-ctr+hmac-md5-etm@openssh.com
Bytes raw sent: 500243593
Bytes encrypted sent: 502396448
Bytes per second sent: 4702544.3
aes128-ctr+umac-64-etm@openssh.com
Bytes raw sent: 500243545
Bytes encrypted sent: 501705440
Bytes per second sent: 5011243.0
aes128-ctr+hmac-sha1
Bytes raw sent: 500243473
Bytes encrypted sent: 502633396
Bytes per second sent: 5342944.2
3des-cbc+hmac-md5
Bytes raw sent: 500243433
Bytes encrypted sent: 501955984
Bytes per second sent: 8624133.9
aes256-ctr+hmac-sha2-512
Bytes raw sent: 500243593
Bytes encrypted sent: 504539792
Bytes per second sent: 6766453.6
aes128-cbc+hmac-sha1
Bytes raw sent: 500243593
Bytes encrypted sent: 502483872
Bytes per second sent: 9541044.7
aes128-ctr+hmac-ripemd160
Bytes raw sent: 500243577
Bytes encrypted sent: 502419372
Bytes per second sent: 8680536.6
chacha20-poly1305@openssh.com
Bytes raw sent: 500243593
Bytes encrypted sent: 502382964
Bytes per second sent: 4844985.8
aes128-gcm@openssh.com
Bytes raw sent: 500243505
Bytes encrypted sent: 502195508
Bytes per second sent: 4906309.8
im-aes128-gcm-128
Bytes raw sent: 500243569
Bytes encrypted sent: 572316136
Bytes per second sent: 4689977.3
im-chacha-poly-128
Bytes raw sent: 500243465
Bytes encrypted sent: 572273000
Bytes per second sent: 4503341.0
im-aes128-gcm-256
Bytes raw sent: 500243593
Bytes encrypted sent: 541097544
Bytes per second sent: 5104495.1
im-chacha-poly-256
Bytes raw sent: 500243457
Bytes encrypted sent: 540106496
Bytes per second sent: 7698641.6
im-aes128-gcm-512
Bytes raw sent: 500243593
Bytes encrypted sent: 533019976
Bytes per second sent: 5299925.3
im-chacha-poly-512
Bytes raw sent: 500243513
Bytes encrypted sent: 532326416
Bytes per second sent: 4592501.0
im-aes128-gcm-1024
Bytes raw sent: 500243593
Bytes encrypted sent: 541306216
Bytes per second sent: 4650912.6
im-chacha-poly-1024
Bytes raw sent: 500243497
Bytes encrypted sent: 540021352
Bytes per second sent: 4729335.4
im-aes128-gcm-2048
Bytes raw sent: 500243569
Bytes encrypted sent: 568274928
Bytes per second sent: 4937869.3
im-chacha-poly-2048
Bytes raw sent: 500243433
Bytes encrypted sent: 567595872
Bytes per second sent: 4719587.6
im-aes128-gcm-4096
Bytes raw sent: 500243561
Bytes encrypted sent: 640353536
Bytes per second sent: 6945097.5
im-chacha-poly-4096
Bytes raw sent: 500243545
Bytes encrypted sent: 635111360
Bytes per second sent: 7288563.9
