aws-london
aws-us-west-oregon
UPLOAD
500MB
aes128-ctr+hmac-md5
Bytes raw sent: 500243593
Bytes encrypted sent: 501954336
Bytes per second sent: 4562102.9
aes128-ctr+hmac-md5-etm@openssh.com
Bytes raw sent: 500243489
Bytes encrypted sent: 503771072
Bytes per second sent: 4923114.6
aes128-ctr+umac-64-etm@openssh.com
Bytes raw sent: 500243553
Bytes encrypted sent: 502000632
Bytes per second sent: 5198397.0
aes128-ctr+hmac-sha1
Bytes raw sent: 500243593
Bytes encrypted sent: 502634176
Bytes per second sent: 5062045.0
3des-cbc+hmac-md5
Bytes raw sent: 500243497
Bytes encrypted sent: 501677256
Bytes per second sent: 4790313.2
aes256-ctr+hmac-sha2-512
Bytes raw sent: 500243593
Bytes encrypted sent: 504091968
Bytes per second sent: 5166263.0
aes128-cbc+hmac-sha1
Bytes raw sent: 500243585
Bytes encrypted sent: 502700492
Bytes per second sent: 5168636.3
aes128-ctr+hmac-ripemd160
Bytes raw sent: 500243553
Bytes encrypted sent: 502371356
Bytes per second sent: 6230255.4
chacha20-poly1305@openssh.com
Bytes raw sent: 500243505
Bytes encrypted sent: 502032196
Bytes per second sent: 8029689.0
aes128-gcm@openssh.com
Bytes raw sent: 500243593
Bytes encrypted sent: 502692560
Bytes per second sent: 8613815.4
im-aes128-gcm-128
Bytes raw sent: 500243593
Bytes encrypted sent: 572328880
Bytes per second sent: 7911266.1
im-chacha-poly-128
Bytes raw sent: 500243529
Bytes encrypted sent: 571937392
Bytes per second sent: 8806145.5
im-aes128-gcm-256
Bytes raw sent: 500243593
Bytes encrypted sent: 540442840
Bytes per second sent: 5146284.2
im-chacha-poly-256
Bytes raw sent: 500243497
Bytes encrypted sent: 540282184
Bytes per second sent: 4808889.2
im-aes128-gcm-512
Bytes raw sent: 500243601
Bytes encrypted sent: 532633904
Bytes per second sent: 4852327.8
im-chacha-poly-512
Bytes raw sent: 500243473
Bytes encrypted sent: 532392416
Bytes per second sent: 4581778.8
im-aes128-gcm-1024
Bytes raw sent: 500243137
Bytes encrypted sent: 544426216
Bytes per second sent: 5196430.5
im-chacha-poly-1024
Bytes raw sent: 500243465
Bytes encrypted sent: 540379800
Bytes per second sent: 4720656.8
im-aes128-gcm-2048
Bytes raw sent: 500243601
Bytes encrypted sent: 568113936
Bytes per second sent: 5300302.5
im-chacha-poly-2048
Bytes raw sent: 500243433
Bytes encrypted sent: 567711072
Bytes per second sent: 4794625.3
im-aes128-gcm-4096
Bytes raw sent: 500243569
Bytes encrypted sent: 676193728
Bytes per second sent: 4802351.2
im-chacha-poly-4096
Bytes raw sent: 500243425
Bytes encrypted sent: 649708336
Bytes per second sent: 4892092.0
